#
# A fatal error has been detected by the Java Runtime Environment:
#
#  SIGSEGV (0xb) at pc=0x00007f6c0fab733a, pid=4290, tid=140103296853760
#
# JRE version: Java(TM) SE Runtime Environment (7.0_72-b14) (build 1.7.0_72-b14)
# Java VM: Java HotSpot(TM) 64-Bit Server VM (24.72-b04 mixed mode linux-amd64 compressed oops)
# Problematic frame:
# C  [libtesseract.so.3.0.3+0x22533a]  ERRCODE::error(char const*, TessErrorLogCode, char const*, ...) const+0x16a
#
# Failed to write core dump. Core dumps have been disabled. To enable core dumping, try "ulimit -c unlimited" before starting Java again
#
# If you would like to submit a bug report, please visit:
#   http://bugreport.sun.com/bugreport/crash.jsp
# The crash happened outside the Java Virtual Machine in native code.
# See problematic frame for where to report the bug.
#

---------------  T H R E A D  ---------------

Current thread (0x00007f6c5000a800):  JavaThread "main" [_thread_in_native, id=4293, stack(0x00007f6c572da000,0x00007f6c573db000)]

siginfo:si_signo=SIGSEGV: si_errno=0, si_code=1 (SEGV_MAPERR), si_addr=0x0000000000000000

Registers:
RAX=0x000000000000004e, RBX=0x00007f6c573d7b60, RCX=0x00007f6c568cf30d, RDX=0x00007f6c56ba49d0
RSP=0x00007f6c573d7b40, RBP=0x0000000000000002, RSI=0x000000000000004e, RDI=0x00007f6c573d5310
R8 =0x00007f6c573da700, R9 =0x61646120656c6966, R10=0x00007f6c56ba0be0, R11=0x0000000000000000
R12=0x00007f6c573d7b8d, R13=0x00007f6c0fac0177, R14=0x00007f6c0fd6d4a0, R15=0x00007f6c0fad67ff
RIP=0x00007f6c0fab733a, EFLAGS=0x0000000000010246, CSGSFS=0x0000000000000033, ERR=0x0000000000000004
  TRAPNO=0x000000000000000e

Top of Stack: (sp=0x00007f6c573d7b40)
0x00007f6c573d7b40:   0000000000000000 0000003000000030
0x00007f6c573d7b50:   00007f6c573d8050 00007f6c573d7f70
0x00007f6c573d7b60:   5464657470616441 736574616c706d65
0x00007f6c573d7b70:   4c4c554e203d2120 413a726f7272453a
0x00007f6c573d7b80:   6166207472657373 206e693a64656c69
0x00007f6c573d7b90:   61646120656c6966 2e686374616d7470
0x00007f6c573d7ba0:   6e696c202c707063 00000a3437312065
0x00007f6c573d7bb0:   0000000000000000 0000000000000000
0x00007f6c573d7bc0:   0000000000000000 0000000000000000
0x00007f6c573d7bd0:   0000000000000000 0000000000000000
0x00007f6c573d7be0:   0000000000000000 0000000000000000
0x00007f6c573d7bf0:   0000000000000000 0000000000000000
0x00007f6c573d7c00:   0000000000000000 0000000000000000
0x00007f6c573d7c10:   0000000000000000 0000000000000000
0x00007f6c573d7c20:   0000000000000000 0000000000000000
0x00007f6c573d7c30:   0000000000000000 0000000000000000
0x00007f6c573d7c40:   0000000000000000 0000000000000000
0x00007f6c573d7c50:   0000000000000000 0000000000000000
0x00007f6c573d7c60:   0000000000000000 0000000000000000
0x00007f6c573d7c70:   0000000000000000 0000000000000000
0x00007f6c573d7c80:   0000000000000000 0000000000000000
0x00007f6c573d7c90:   0000000000000000 0000000000000000
0x00007f6c573d7ca0:   0000000000000000 0000000000000000
0x00007f6c573d7cb0:   0000000000000000 0000000000000000
0x00007f6c573d7cc0:   0000000000000000 0000000000000000
0x00007f6c573d7cd0:   0000000000000000 0000000000000000
0x00007f6c573d7ce0:   0000000000000000 0000000000000000
0x00007f6c573d7cf0:   0000000000000000 0000000000000000
0x00007f6c573d7d00:   0000000000000000 0000000000000000
0x00007f6c573d7d10:   0000000000000000 0000000000000000
0x00007f6c573d7d20:   0000000000000000 0000000000000000
0x00007f6c573d7d30:   0000000000000000 0000000000000000 

Instructions: (pc=0x00007f6c0fab733a)
0x00007f6c0fab731a:   48 89 d9 be 01 00 00 00 48 8b 38 31 c0 e8 14 60
0x00007f6c0fab732a:   e5 ff 83 fd ff 7c 14 85 ed 7e 2c 83 fd 02 7f 0b
0x00007f6c0fab733a:   8b 04 25 00 00 00 00 85 c0 74 52 48 8d 35 14 8d
0x00007f6c0fab734a:   01 00 48 8d 3d f5 81 4f 00 31 c9 ba 02 00 00 00 

Register to memory mapping:

RAX=0x000000000000004e is an unknown value
RBX=0x00007f6c573d7b60 is pointing into the stack for thread: 0x00007f6c5000a800
RCX=0x00007f6c568cf30d: __write+0x2d in /lib/x86_64-linux-gnu/libc.so.6 at 0x00007f6c567e3000
RDX=0x00007f6c56ba49d0: <offset 0x3c19d0> in /lib/x86_64-linux-gnu/libc.so.6 at 0x00007f6c567e3000
RSP=0x00007f6c573d7b40 is pointing into the stack for thread: 0x00007f6c5000a800
RBP=0x0000000000000002 is an unknown value
RSI=0x000000000000004e is an unknown value
RDI=0x00007f6c573d5310 is pointing into the stack for thread: 0x00007f6c5000a800
R8 =0x00007f6c573da700 is pointing into the stack for thread: 0x00007f6c5000a800
R9 =0x61646120656c6966 is an unknown value
R10=0x00007f6c56ba0be0: <offset 0x3bdbe0> in /lib/x86_64-linux-gnu/libc.so.6 at 0x00007f6c567e3000
R11=0x0000000000000000 is an unknown value
R12=0x00007f6c573d7b8d is pointing into the stack for thread: 0x00007f6c5000a800
R13=0x00007f6c0fac0177: <offset 0x22e177> in /usr/lib/libtesseract.so.3.0.3 at 0x00007f6c0f892000
R14=0x00007f6c0fd6d4a0: <offset 0x4db4a0> in /usr/lib/libtesseract.so.3.0.3 at 0x00007f6c0f892000
R15=0x00007f6c0fad67ff: <offset 0x2447ff> in /usr/lib/libtesseract.so.3.0.3 at 0x00007f6c0f892000


Stack: [0x00007f6c572da000,0x00007f6c573db000],  sp=0x00007f6c573d7b40,  free space=1014k
Native frames: (J=compiled Java code, j=interpreted, Vv=VM code, C=native code)
C  [libtesseract.so.3.0.3+0x22533a]  ERRCODE::error(char const*, TessErrorLogCode, char const*, ...) const+0x16a

Java frames: (J=compiled Java code, j=interpreted, Vv=VM code)
j  com.sun.jna.Native.invokePointer(JI[Ljava/lang/Object;)J+0
j  com.sun.jna.Function.invokePointer(I[Ljava/lang/Object;)Lcom/sun/jna/Pointer;+6
j  com.sun.jna.Function.invoke([Ljava/lang/Object;Ljava/lang/Class;Z)Ljava/lang/Object;+426
j  com.sun.jna.Function.invoke(Ljava/lang/Class;[Ljava/lang/Object;Ljava/util/Map;)Ljava/lang/Object;+262
j  com.sun.jna.Library$Handler.invoke(Ljava/lang/Object;Ljava/lang/reflect/Method;[Ljava/lang/Object;)Ljava/lang/Object;+316
j  com.sun.proxy.$Proxy0.TessBaseAPIGetUTF8Text(Lnet/sourceforge/tess4j/TessAPI$TessBaseAPI;)Lcom/sun/jna/Pointer;+16
j  net.sourceforge.tess4j.Tesseract.getOCRText()Ljava/lang/String;+37
j  net.sourceforge.tess4j.Tesseract.doOCR(Ljava/util/List;Ljava/awt/Rectangle;)Ljava/lang/String;+68
j  net.sourceforge.tess4j.Tesseract.doOCR(Ljava/io/File;Ljava/awt/Rectangle;)Ljava/lang/String;+6
j  net.sourceforge.tess4j.Tesseract.doOCR(Ljava/io/File;)Ljava/lang/String;+3
j  br.com.teste.tesseract.main.TesseractMain.main([Ljava/lang/String;)V+42
v  ~StubRoutines::call_stub

---------------  P R O C E S S  ---------------

Java Threads: ( => current thread )
  0x00007f6c501d8000 JavaThread "Java2D Disposer" daemon [_thread_blocked, id=4308, stack(0x00007f6c3caa9000,0x00007f6c3cbaa000)]
  0x00007f6c50099000 JavaThread "Service Thread" daemon [_thread_blocked, id=4305, stack(0x00007f6c3e609000,0x00007f6c3e70a000)]
  0x00007f6c50096800 JavaThread "C2 CompilerThread1" daemon [_thread_blocked, id=4304, stack(0x00007f6c3e70a000,0x00007f6c3e80b000)]
  0x00007f6c50093800 JavaThread "C2 CompilerThread0" daemon [_thread_in_native, id=4303, stack(0x00007f6c3e80b000,0x00007f6c3e90c000)]
  0x00007f6c50091000 JavaThread "Signal Dispatcher" daemon [_thread_blocked, id=4302, stack(0x00007f6c3e90c000,0x00007f6c3ea0d000)]
  0x00007f6c50070800 JavaThread "Finalizer" daemon [_thread_blocked, id=4301, stack(0x00007f6c3f0f1000,0x00007f6c3f1f2000)]
  0x00007f6c5006e800 JavaThread "Reference Handler" daemon [_thread_blocked, id=4300, stack(0x00007f6c3f1f2000,0x00007f6c3f2f3000)]
=>0x00007f6c5000a800 JavaThread "main" [_thread_in_native, id=4293, stack(0x00007f6c572da000,0x00007f6c573db000)]

Other Threads:
  0x00007f6c5006a000 VMThread [stack: 0x00007f6c3f2f3000,0x00007f6c3f3f4000] [id=4299]
  0x00007f6c500a3800 WatcherThread [stack: 0x00007f6c3e508000,0x00007f6c3e609000] [id=4306]

VM state:not at safepoint (normal execution)

VM Mutex/Monitor currently owned by a thread: None

Heap
 PSYoungGen      total 36864K, used 22290K [0x00000000d7100000, 0x00000000d9a00000, 0x0000000100000000)
  eden space 31744K, 70% used [0x00000000d7100000,0x00000000d86c4ae0,0x00000000d9000000)
  from space 5120K, 0% used [0x00000000d9500000,0x00000000d9500000,0x00000000d9a00000)
  to   space 5120K, 0% used [0x00000000d9000000,0x00000000d9000000,0x00000000d9500000)
 ParOldGen       total 83456K, used 0K [0x0000000085400000, 0x000000008a580000, 0x00000000d7100000)
  object space 83456K, 0% used [0x0000000085400000,0x0000000085400000,0x000000008a580000)
 PSPermGen       total 21504K, used 7148K [0x0000000080200000, 0x0000000081700000, 0x0000000085400000)
  object space 21504K, 33% used [0x0000000080200000,0x00000000808fb350,0x0000000081700000)

Card table byte_map: [0x00007f6c541ce000,0x00007f6c545ce000] byte_map_base: 0x00007f6c53dcd000

Polling page: 0x00007f6c57401000

Code Cache  [0x00007f6c4d000000, 0x00007f6c4d270000, 0x00007f6c50000000)
 total_blobs=314 nmethods=41 adapters=226 free_code_cache=48627Kb largest_free_block=49764352

Compilation events (10 events):
Event: 0,340 Thread 0x00007f6c50096800 nmethod 33 0x00007f6c4d07b4d0 code [0x00007f6c4d07b680, 0x00007f6c4d07c388]
Event: 0,373 Thread 0x00007f6c50093800   38             java.lang.String::startsWith (7 bytes)
Event: 0,375 Thread 0x00007f6c50093800 nmethod 38 0x00007f6c4d07d990 code [0x00007f6c4d07dae0, 0x00007f6c4d07dc58]
Event: 0,378 Thread 0x00007f6c50096800   39             java.util.HashMap::hash (55 bytes)
Event: 0,379 Thread 0x00007f6c50096800 nmethod 39 0x00007f6c4d07d5d0 code [0x00007f6c4d07d720, 0x00007f6c4d07d848]
Event: 0,401 Thread 0x00007f6c50093800   40 %           com.sun.media.imageioimpl.plugins.tiff.TIFFImageWriter::writeTile @ 869 (3310 bytes)
Event: 0,401 Thread 0x00007f6c50096800   41             sun.awt.image.ByteInterleavedRaster::getByteData (851 bytes)
Event: 0,420 Thread 0x00007f6c50093800 nmethod 40% 0x00007f6c4d080a90 code [0x00007f6c4d080c40, 0x00007f6c4d0815b8]
Event: 0,421 Thread 0x00007f6c50093800   42             com.sun.media.imageioimpl.plugins.tiff.TIFFImageWriter::writeTile (3310 bytes)
Event: 0,468 Thread 0x00007f6c50096800 nmethod 41 0x00007f6c4d088450 code [0x00007f6c4d088620, 0x00007f6c4d089e58]

GC Heap History (0 events):
No events

Deoptimization events (8 events):
Event: 0,300 Thread 0x00007f6c5000a800 Uncommon trap: reason=class_check action=maybe_recompile pc=0x00007f6c4d066360 method=java.lang.String.equals(Ljava/lang/Object;)Z @ 8
Event: 0,300 Thread 0x00007f6c5000a800 Uncommon trap: reason=class_check action=maybe_recompile pc=0x00007f6c4d066360 method=java.lang.String.equals(Ljava/lang/Object;)Z @ 8
Event: 0,301 Thread 0x00007f6c5000a800 Uncommon trap: reason=class_check action=maybe_recompile pc=0x00007f6c4d066360 method=java.lang.String.equals(Ljava/lang/Object;)Z @ 8
Event: 0,301 Thread 0x00007f6c5000a800 Uncommon trap: reason=class_check action=maybe_recompile pc=0x00007f6c4d066360 method=java.lang.String.equals(Ljava/lang/Object;)Z @ 8
Event: 0,329 Thread 0x00007f6c5000a800 Uncommon trap: reason=bimorphic action=maybe_recompile pc=0x00007f6c4d06f6b0 method=java.util.HashMap.getEntry(Ljava/lang/Object;)Ljava/util/HashMap$Entry; @ 68
Event: 0,330 Thread 0x00007f6c5000a800 Uncommon trap: reason=bimorphic action=maybe_recompile pc=0x00007f6c4d06f6b0 method=java.util.HashMap.getEntry(Ljava/lang/Object;)Ljava/util/HashMap$Entry; @ 68
Event: 0,331 Thread 0x00007f6c5000a800 Uncommon trap: reason=bimorphic action=maybe_recompile pc=0x00007f6c4d06f6b0 method=java.util.HashMap.getEntry(Ljava/lang/Object;)Ljava/util/HashMap$Entry; @ 68
Event: 0,331 Thread 0x00007f6c5000a800 Uncommon trap: reason=bimorphic action=maybe_recompile pc=0x00007f6c4d06f6b0 method=java.util.HashMap.getEntry(Ljava/lang/Object;)Ljava/util/HashMap$Entry; @ 68

Internal exceptions (10 events):
Event: 0,489 Thread 0x00007f6c5000a800 Threw 0x00000000d815f680 at /HUDSON/workspace/7u-2-build-linux-amd64/jdk7u72/1606/hotspot/src/share/vm/prims/jvm.cpp:1281
Event: 0,489 Thread 0x00007f6c5000a800 Threw 0x00000000d8162dd0 at /HUDSON/workspace/7u-2-build-linux-amd64/jdk7u72/1606/hotspot/src/share/vm/prims/jvm.cpp:1281
Event: 0,489 Thread 0x00007f6c5000a800 Threw 0x00000000d81663c0 at /HUDSON/workspace/7u-2-build-linux-amd64/jdk7u72/1606/hotspot/src/share/vm/prims/jvm.cpp:1281
Event: 0,490 Thread 0x00007f6c5000a800 Threw 0x00000000d816b688 at /HUDSON/workspace/7u-2-build-linux-amd64/jdk7u72/1606/hotspot/src/share/vm/prims/jvm.cpp:1281
Event: 0,490 Thread 0x00007f6c5000a800 Threw 0x00000000d816ed90 at /HUDSON/workspace/7u-2-build-linux-amd64/jdk7u72/1606/hotspot/src/share/vm/prims/jvm.cpp:1281
Event: 0,491 Thread 0x00007f6c5000a800 Threw 0x00000000d8172558 at /HUDSON/workspace/7u-2-build-linux-amd64/jdk7u72/1606/hotspot/src/share/vm/prims/jvm.cpp:1281
Event: 0,491 Thread 0x00007f6c5000a800 Threw 0x00000000d8175ba8 at /HUDSON/workspace/7u-2-build-linux-amd64/jdk7u72/1606/hotspot/src/share/vm/prims/jvm.cpp:1281
Event: 0,491 Thread 0x00007f6c5000a800 Threw 0x00000000d8179248 at /HUDSON/workspace/7u-2-build-linux-amd64/jdk7u72/1606/hotspot/src/share/vm/prims/jvm.cpp:1281
Event: 0,491 Thread 0x00007f6c5000a800 Threw 0x00000000d817c8e8 at /HUDSON/workspace/7u-2-build-linux-amd64/jdk7u72/1606/hotspot/src/share/vm/prims/jvm.cpp:1281
Event: 0,507 Thread 0x00007f6c5000a800 Threw 0x00000000d81af920 at /HUDSON/workspace/7u-2-build-linux-amd64/jdk7u72/1606/hotspot/src/share/vm/prims/jvm.cpp:1281

Events (10 events):
Event: 0,493 loading class 0x00007f6c50188d00
Event: 0,493 loading class 0x00007f6c50188d00 done
Event: 0,493 loading class 0x00007f6c50188cc0
Event: 0,493 loading class 0x00007f6c50188cc0 done
Event: 0,493 loading class 0x00007f6c500fce90
Event: 0,493 loading class 0x00007f6c500fce90 done
Event: 0,507 loading class 0x00007f6c4c66d430
Event: 0,507 loading class 0x00007f6c4c66d430 done
Event: 0,507 loading class 0x00007f6c50210bc0
Event: 0,507 loading class 0x00007f6c50210bc0 done


Dynamic libraries:
00400000-00401000 r-xp 00000000 08:0a 3166324                            /usr/lib/jvm/java-7-oracle/bin/java
00600000-00601000 rw-p 00000000 08:0a 3166324                            /usr/lib/jvm/java-7-oracle/bin/java
01872000-01893000 rw-p 00000000 00:00 0                                  [heap]
80200000-81700000 rw-p 00000000 00:00 0 
81700000-85400000 rw-p 00000000 00:00 0 
85400000-8a580000 rw-p 00000000 00:00 0 
8a580000-d7100000 rw-p 00000000 00:00 0 
d7100000-d9a00000 rw-p 00000000 00:00 0 
d9a00000-100000000 rw-p 00000000 00:00 0 
7f6c0e2ac000-7f6c0e430000 rw-p 00000000 00:00 0 
7f6c0e430000-7f6c0e446000 r-xp 00000000 08:0a 3166048                    /usr/lib/jvm/java-7-oracle/jre/lib/amd64/libnet.so
7f6c0e446000-7f6c0e646000 ---p 00016000 08:0a 3166048                    /usr/lib/jvm/java-7-oracle/jre/lib/amd64/libnet.so
7f6c0e646000-7f6c0e647000 rw-p 00016000 08:0a 3166048                    /usr/lib/jvm/java-7-oracle/jre/lib/amd64/libnet.so
7f6c0e647000-7f6c0e657000 r-xp 00000000 08:0a 3166090                    /usr/lib/jvm/java-7-oracle/jre/lib/amd64/libnio.so
7f6c0e657000-7f6c0e857000 ---p 00010000 08:0a 3166090                    /usr/lib/jvm/java-7-oracle/jre/lib/amd64/libnio.so
7f6c0e857000-7f6c0e858000 rw-p 00010000 08:0a 3166090                    /usr/lib/jvm/java-7-oracle/jre/lib/amd64/libnio.so
7f6c0e858000-7f6c0e863000 r-xp 00000000 08:0a 3014739                    /usr/lib/x86_64-linux-gnu/libjbig.so.0
7f6c0e863000-7f6c0ea62000 ---p 0000b000 08:0a 3014739                    /usr/lib/x86_64-linux-gnu/libjbig.so.0
7f6c0ea62000-7f6c0ea63000 r--p 0000a000 08:0a 3014739                    /usr/lib/x86_64-linux-gnu/libjbig.so.0
7f6c0ea63000-7f6c0ea66000 rw-p 0000b000 08:0a 3014739                    /usr/lib/x86_64-linux-gnu/libjbig.so.0
7f6c0ea66000-7f6c0ea87000 r-xp 00000000 08:0a 1839032                    /lib/x86_64-linux-gnu/liblzma.so.5.0.0
7f6c0ea87000-7f6c0ec86000 ---p 00021000 08:0a 1839032                    /lib/x86_64-linux-gnu/liblzma.so.5.0.0
7f6c0ec86000-7f6c0ec87000 r--p 00020000 08:0a 1839032                    /lib/x86_64-linux-gnu/liblzma.so.5.0.0
7f6c0ec87000-7f6c0ec88000 rw-p 00021000 08:0a 1839032                    /lib/x86_64-linux-gnu/liblzma.so.5.0.0
7f6c0ec88000-7f6c0ecf6000 r-xp 00000000 08:0a 3016371                    /usr/lib/x86_64-linux-gnu/libtiff.so.5.2.0
7f6c0ecf6000-7f6c0eef6000 ---p 0006e000 08:0a 3016371                    /usr/lib/x86_64-linux-gnu/libtiff.so.5.2.0
7f6c0eef6000-7f6c0eef7000 r--p 0006e000 08:0a 3016371                    /usr/lib/x86_64-linux-gnu/libtiff.so.5.2.0
7f6c0eef7000-7f6c0eefa000 rw-p 0006f000 08:0a 3016371                    /usr/lib/x86_64-linux-gnu/libtiff.so.5.2.0
7f6c0eefa000-7f6c0ef3d000 r-xp 00000000 08:0a 3023370                    /usr/lib/x86_64-linux-gnu/libjpeg.so.8.0.2
7f6c0ef3d000-7f6c0f13d000 ---p 00043000 08:0a 3023370                    /usr/lib/x86_64-linux-gnu/libjpeg.so.8.0.2
7f6c0f13d000-7f6c0f13e000 r--p 00043000 08:0a 3023370                    /usr/lib/x86_64-linux-gnu/libjpeg.so.8.0.2
7f6c0f13e000-7f6c0f13f000 rw-p 00044000 08:0a 3023370                    /usr/lib/x86_64-linux-gnu/libjpeg.so.8.0.2
7f6c0f13f000-7f6c0f14f000 rw-p 00000000 00:00 0 
7f6c0f14f000-7f6c0f174000 r-xp 00000000 08:0a 1839100                    /lib/x86_64-linux-gnu/libpng12.so.0.50.0
7f6c0f174000-7f6c0f373000 ---p 00025000 08:0a 1839100                    /lib/x86_64-linux-gnu/libpng12.so.0.50.0
7f6c0f373000-7f6c0f374000 r--p 00024000 08:0a 1839100                    /lib/x86_64-linux-gnu/libpng12.so.0.50.0
7f6c0f374000-7f6c0f375000 rw-p 00025000 08:0a 1839100                    /lib/x86_64-linux-gnu/libpng12.so.0.50.0
7f6c0f375000-7f6c0f38d000 r-xp 00000000 08:0a 1839148                    /lib/x86_64-linux-gnu/libz.so.1.2.8
7f6c0f38d000-7f6c0f58c000 ---p 00018000 08:0a 1839148                    /lib/x86_64-linux-gnu/libz.so.1.2.8
7f6c0f58c000-7f6c0f58d000 r--p 00017000 08:0a 1839148                    /lib/x86_64-linux-gnu/libz.so.1.2.8
7f6c0f58d000-7f6c0f58e000 rw-p 00018000 08:0a 1839148                    /lib/x86_64-linux-gnu/libz.so.1.2.8
7f6c0f58e000-7f6c0f674000 r-xp 00000000 08:0a 3023676                    /usr/lib/x86_64-linux-gnu/libstdc++.so.6.0.19
7f6c0f674000-7f6c0f873000 ---p 000e6000 08:0a 3023676                    /usr/lib/x86_64-linux-gnu/libstdc++.so.6.0.19
7f6c0f873000-7f6c0f87b000 r--p 000e5000 08:0a 3023676                    /usr/lib/x86_64-linux-gnu/libstdc++.so.6.0.19
7f6c0f87b000-7f6c0f87d000 rw-p 000ed000 08:0a 3023676                    /usr/lib/x86_64-linux-gnu/libstdc++.so.6.0.19
7f6c0f87d000-7f6c0f892000 rw-p 00000000 00:00 0 
7f6c0f892000-7f6c0fb64000 r-xp 00000000 08:0a 3104093                    /usr/lib/libtesseract.so.3.0.3
7f6c0fb64000-7f6c0fd63000 ---p 002d2000 08:0a 3104093                    /usr/lib/libtesseract.so.3.0.3
7f6c0fd63000-7f6c0fd68000 r--p 002d1000 08:0a 3104093                    /usr/lib/libtesseract.so.3.0.3
7f6c0fd68000-7f6c0fd69000 rw-p 002d6000 08:0a 3104093                    /usr/lib/libtesseract.so.3.0.3
7f6c0fd69000-7f6c10000000 rw-p 00000000 00:00 0 
7f6c10000000-7f6c10021000 rw-p 00000000 00:00 0 
7f6c10021000-7f6c14000000 ---p 00000000 00:00 0 
7f6c14000000-7f6c14021000 rw-p 00000000 00:00 0 
7f6c14021000-7f6c18000000 ---p 00000000 00:00 0 
7f6c18000000-7f6c1835f000 rw-p 00000000 00:00 0 
7f6c1835f000-7f6c1c000000 ---p 00000000 00:00 0 
7f6c1c000000-7f6c1c021000 rw-p 00000000 00:00 0 
7f6c1c021000-7f6c20000000 ---p 00000000 00:00 0 
7f6c20000000-7f6c20021000 rw-p 00000000 00:00 0 
7f6c20021000-7f6c24000000 ---p 00000000 00:00 0 
7f6c24000000-7f6c24e45000 rw-p 00000000 00:00 0 
7f6c24e45000-7f6c28000000 ---p 00000000 00:00 0 
7f6c28000000-7f6c28021000 rw-p 00000000 00:00 0 
7f6c28021000-7f6c2c000000 ---p 00000000 00:00 0 
7f6c2c000000-7f6c2c021000 rw-p 00000000 00:00 0 
7f6c2c021000-7f6c30000000 ---p 00000000 00:00 0 
7f6c30000000-7f6c30021000 rw-p 00000000 00:00 0 
7f6c30021000-7f6c34000000 ---p 00000000 00:00 0 
7f6c34000000-7f6c34021000 rw-p 00000000 00:00 0 
7f6c34021000-7f6c38000000 ---p 00000000 00:00 0 
7f6c38000000-7f6c38021000 rw-p 00000000 00:00 0 
7f6c38021000-7f6c3c000000 ---p 00000000 00:00 0 
7f6c3c0e1000-7f6c3c0f7000 r-xp 00000000 08:0a 1835102                    /lib/x86_64-linux-gnu/libgcc_s.so.1
7f6c3c0f7000-7f6c3c2f6000 ---p 00016000 08:0a 1835102                    /lib/x86_64-linux-gnu/libgcc_s.so.1
7f6c3c2f6000-7f6c3c2f7000 rw-p 00015000 08:0a 1835102                    /lib/x86_64-linux-gnu/libgcc_s.so.1
7f6c3c2f7000-7f6c3c503000 r-xp 00000000 08:0a 3412459                    /usr/local/lib/liblept.so.4.0.1
7f6c3c503000-7f6c3c703000 ---p 0020c000 08:0a 3412459                    /usr/local/lib/liblept.so.4.0.1
7f6c3c703000-7f6c3c704000 r--p 0020c000 08:0a 3412459                    /usr/local/lib/liblept.so.4.0.1
7f6c3c704000-7f6c3c70d000 rw-p 0020d000 08:0a 3412459                    /usr/local/lib/liblept.so.4.0.1
7f6c3c730000-7f6c3c747000 r-xp 00000000 08:0a 5511712                    /tmp/jna-666594154/jna5613146329496039422.tmp (deleted)
7f6c3c747000-7f6c3c846000 ---p 00017000 08:0a 5511712                    /tmp/jna-666594154/jna5613146329496039422.tmp (deleted)
7f6c3c846000-7f6c3c848000 rw-p 00016000 08:0a 5511712                    /tmp/jna-666594154/jna5613146329496039422.tmp (deleted)
7f6c3c848000-7f6c3c89d000 r-xp 00000000 08:0a 3166085                    /usr/lib/jvm/java-7-oracle/jre/lib/amd64/libkcms.so
7f6c3c89d000-7f6c3ca9d000 ---p 00055000 08:0a 3166085                    /usr/lib/jvm/java-7-oracle/jre/lib/amd64/libkcms.so
7f6c3ca9d000-7f6c3ca9f000 rw-p 00055000 08:0a 3166085                    /usr/lib/jvm/java-7-oracle/jre/lib/amd64/libkcms.so
7f6c3ca9f000-7f6c3caa9000 r--s 00251000 08:0a 3166172                    /usr/lib/jvm/java-7-oracle/jre/lib/resources.jar
7f6c3caa9000-7f6c3caac000 ---p 00000000 00:00 0 
7f6c3caac000-7f6c3cbaa000 rw-p 00000000 00:00 0                          [stack:4308]
7f6c3cbaa000-7f6c3cbe4000 r-xp 00000000 08:0a 3166097                    /usr/lib/jvm/java-7-oracle/jre/lib/amd64/libjpeg.so
7f6c3cbe4000-7f6c3cde4000 ---p 0003a000 08:0a 3166097                    /usr/lib/jvm/java-7-oracle/jre/lib/amd64/libjpeg.so
7f6c3cde4000-7f6c3cde5000 rw-p 0003a000 08:0a 3166097                    /usr/lib/jvm/java-7-oracle/jre/lib/amd64/libjpeg.so
7f6c3cde5000-7f6c3cdea000 r-xp 00000000 08:0a 3022781                    /usr/lib/x86_64-linux-gnu/libXdmcp.so.6.0.0
7f6c3cdea000-7f6c3cfe9000 ---p 00005000 08:0a 3022781                    /usr/lib/x86_64-linux-gnu/libXdmcp.so.6.0.0
7f6c3cfe9000-7f6c3cfea000 r--p 00004000 08:0a 3022781                    /usr/lib/x86_64-linux-gnu/libXdmcp.so.6.0.0
7f6c3cfea000-7f6c3cfeb000 rw-p 00005000 08:0a 3022781                    /usr/lib/x86_64-linux-gnu/libXdmcp.so.6.0.0
7f6c3cfeb000-7f6c3cfed000 r-xp 00000000 08:0a 3022770                    /usr/lib/x86_64-linux-gnu/libXau.so.6.0.0
7f6c3cfed000-7f6c3d1ed000 ---p 00002000 08:0a 3022770                    /usr/lib/x86_64-linux-gnu/libXau.so.6.0.0
7f6c3d1ed000-7f6c3d1ee000 r--p 00002000 08:0a 3022770                    /usr/lib/x86_64-linux-gnu/libXau.so.6.0.0
7f6c3d1ee000-7f6c3d1ef000 rw-p 00003000 08:0a 3022770                    /usr/lib/x86_64-linux-gnu/libXau.so.6.0.0
7f6c3d1ef000-7f6c3d20c000 r-xp 00000000 08:0a 3023838                    /usr/lib/x86_64-linux-gnu/libxcb.so.1.1.0
7f6c3d20c000-7f6c3d40c000 ---p 0001d000 08:0a 3023838                    /usr/lib/x86_64-linux-gnu/libxcb.so.1.1.0
7f6c3d40c000-7f6c3d40d000 r--p 0001d000 08:0a 3023838                    /usr/lib/x86_64-linux-gnu/libxcb.so.1.1.0
7f6c3d40d000-7f6c3d40e000 rw-p 0001e000 08:0a 3023838                    /usr/lib/x86_64-linux-gnu/libxcb.so.1.1.0
7f6c3d40e000-7f6c3d41d000 r-xp 00000000 08:0a 3022791                    /usr/lib/x86_64-linux-gnu/libXi.so.6.1.0
7f6c3d41d000-7f6c3d61c000 ---p 0000f000 08:0a 3022791                    /usr/lib/x86_64-linux-gnu/libXi.so.6.1.0
7f6c3d61c000-7f6c3d61d000 r--p 0000e000 08:0a 3022791                    /usr/lib/x86_64-linux-gnu/libXi.so.6.1.0
7f6c3d61d000-7f6c3d61e000 rw-p 0000f000 08:0a 3022791                    /usr/lib/x86_64-linux-gnu/libXi.so.6.1.0
7f6c3d61e000-7f6c3d623000 r-xp 00000000 08:0a 3022811                    /usr/lib/x86_64-linux-gnu/libXtst.so.6.1.0
7f6c3d623000-7f6c3d822000 ---p 00005000 08:0a 3022811                    /usr/lib/x86_64-linux-gnu/libXtst.so.6.1.0
7f6c3d822000-7f6c3d823000 r--p 00004000 08:0a 3022811                    /usr/lib/x86_64-linux-gnu/libXtst.so.6.1.0
7f6c3d823000-7f6c3d824000 rw-p 00005000 08:0a 3022811                    /usr/lib/x86_64-linux-gnu/libXtst.so.6.1.0
7f6c3d824000-7f6c3d82d000 r-xp 00000000 08:0a 3022805                    /usr/lib/x86_64-linux-gnu/libXrender.so.1.3.0
7f6c3d82d000-7f6c3da2c000 ---p 00009000 08:0a 3022805                    /usr/lib/x86_64-linux-gnu/libXrender.so.1.3.0
7f6c3da2c000-7f6c3da2d000 r--p 00008000 08:0a 3022805                    /usr/lib/x86_64-linux-gnu/libXrender.so.1.3.0
7f6c3da2d000-7f6c3da2e000 rw-p 00009000 08:0a 3022805                    /usr/lib/x86_64-linux-gnu/libXrender.so.1.3.0
7f6c3da2e000-7f6c3db5e000 r-xp 00000000 08:0a 3022766                    /usr/lib/x86_64-linux-gnu/libX11.so.6.3.0
7f6c3db5e000-7f6c3dd5e000 ---p 00130000 08:0a 3022766                    /usr/lib/x86_64-linux-gnu/libX11.so.6.3.0
7f6c3dd5e000-7f6c3dd5f000 r--p 00130000 08:0a 3022766                    /usr/lib/x86_64-linux-gnu/libX11.so.6.3.0
7f6c3dd5f000-7f6c3dd63000 rw-p 00131000 08:0a 3022766                    /usr/lib/x86_64-linux-gnu/libX11.so.6.3.0
7f6c3dd63000-7f6c3dd74000 r-xp 00000000 08:0a 3022783                    /usr/lib/x86_64-linux-gnu/libXext.so.6.4.0
7f6c3dd74000-7f6c3df73000 ---p 00011000 08:0a 3022783                    /usr/lib/x86_64-linux-gnu/libXext.so.6.4.0
7f6c3df73000-7f6c3df74000 r--p 00010000 08:0a 3022783                    /usr/lib/x86_64-linux-gnu/libXext.so.6.4.0
7f6c3df74000-7f6c3df75000 rw-p 00011000 08:0a 3022783                    /usr/lib/x86_64-linux-gnu/libXext.so.6.4.0
7f6c3df76000-7f6c3df98000 r--p 00000000 08:0a 3416176                    /usr/share/locale-langpack/pt_BR/LC_MESSAGES/libc.mo
7f6c3df98000-7f6c3dfe8000 r-xp 00000000 08:0a 3166105                    /usr/lib/jvm/java-7-oracle/jre/lib/amd64/xawt/libmawt.so
7f6c3dfe8000-7f6c3e1e8000 ---p 00050000 08:0a 3166105                    /usr/lib/jvm/java-7-oracle/jre/lib/amd64/xawt/libmawt.so
7f6c3e1e8000-7f6c3e1ec000 rw-p 00050000 08:0a 3166105                    /usr/lib/jvm/java-7-oracle/jre/lib/amd64/xawt/libmawt.so
7f6c3e1ec000-7f6c3e1ed000 rw-p 00000000 00:00 0 
7f6c3e1ed000-7f6c3e28f000 r-xp 00000000 08:0a 3166072                    /usr/lib/jvm/java-7-oracle/jre/lib/amd64/libawt.so
7f6c3e28f000-7f6c3e48f000 ---p 000a2000 08:0a 3166072                    /usr/lib/jvm/java-7-oracle/jre/lib/amd64/libawt.so
7f6c3e48f000-7f6c3e49b000 rw-p 000a2000 08:0a 3166072                    /usr/lib/jvm/java-7-oracle/jre/lib/amd64/libawt.so
7f6c3e49b000-7f6c3e4bf000 rw-p 00000000 00:00 0 
7f6c3e4bf000-7f6c3e508000 r--s 01c8e000 08:0a 2761198                    /home/jefferson/.m2/repository/net/sourceforge/tess4j/tess4j/1.3.0/tess4j-1.3.0.jar
7f6c3e508000-7f6c3e509000 ---p 00000000 00:00 0 
7f6c3e509000-7f6c3e609000 rw-p 00000000 00:00 0                          [stack:4306]
7f6c3e609000-7f6c3e60c000 ---p 00000000 00:00 0 
7f6c3e60c000-7f6c3e70a000 rw-p 00000000 00:00 0                          [stack:4305]
7f6c3e70a000-7f6c3e70d000 ---p 00000000 00:00 0 
7f6c3e70d000-7f6c3e80b000 rw-p 00000000 00:00 0                          [stack:4304]
7f6c3e80b000-7f6c3e80e000 ---p 00000000 00:00 0 
7f6c3e80e000-7f6c3e90c000 rw-p 00000000 00:00 0                          [stack:4303]
7f6c3e90c000-7f6c3e90f000 ---p 00000000 00:00 0 
7f6c3e90f000-7f6c3ea0d000 rw-p 00000000 00:00 0                          [stack:4302]
7f6c3ea0d000-7f6c3f0f1000 r--p 00000000 08:0a 3021751                    /usr/lib/locale/locale-archive
7f6c3f0f1000-7f6c3f0f4000 ---p 00000000 00:00 0 
7f6c3f0f4000-7f6c3f1f2000 rw-p 00000000 00:00 0                          [stack:4301]
7f6c3f1f2000-7f6c3f1f5000 ---p 00000000 00:00 0 
7f6c3f1f5000-7f6c3f2f3000 rw-p 00000000 00:00 0                          [stack:4300]
7f6c3f2f3000-7f6c3f2f4000 ---p 00000000 00:00 0 
7f6c3f2f4000-7f6c40000000 rw-p 00000000 00:00 0                          [stack:4299]
7f6c40000000-7f6c40021000 rw-p 00000000 00:00 0 
7f6c40021000-7f6c44000000 ---p 00000000 00:00 0 
7f6c44009000-7f6c44010000 r--s 00000000 08:0a 3279298                    /usr/lib/x86_64-linux-gnu/gconv/gconv-modules.cache
7f6c44010000-7f6c48000000 rw-p 00000000 00:00 0 
7f6c48000000-7f6c48021000 rw-p 00000000 00:00 0 
7f6c48021000-7f6c4c000000 ---p 00000000 00:00 0 
7f6c4c001000-7f6c4c006000 r--s 0008a000 08:0a 3166163                    /usr/lib/jvm/java-7-oracle/jre/lib/jsse.jar
7f6c4c006000-7f6c4c011000 r--s 0037c000 08:0a 3166107                    /usr/lib/jvm/java-7-oracle/jre/lib/charsets.jar
7f6c4c011000-7f6c4c01d000 r--s 00108000 08:0a 2761201                    /home/jefferson/.m2/repository/com/lowagie/itext/2.1.7/itext-2.1.7.jar
7f6c4c01d000-7f6c4c027000 r--s 00081000 08:0a 2761199                    /home/jefferson/.m2/repository/org/apache/xmlgraphics/xmlgraphics-commons/1.4/xmlgraphics-commons-1.4.jar
7f6c4c027000-7f6c4c036000 r--s 000ed000 08:0a 2761209                    /home/jefferson/.m2/repository/net/java/dev/jai-imageio/jai-imageio-core-standalone/1.2-pre-dr-b04-2011-07-04/jai-imageio-core-standalone-1.2-pre-dr-b04-2011-07-04.jar
7f6c4c036000-7f6c4c3de000 rw-p 00000000 00:00 0 
7f6c4c3de000-7f6c4c59e000 r--s 039ea000 08:0a 3166227                    /usr/lib/jvm/java-7-oracle/jre/lib/rt.jar
7f6c4c59e000-7f6c4ca6e000 rw-p 00000000 00:00 0 
7f6c4ca6e000-7f6c4ca6f000 ---p 00000000 00:00 0 
7f6c4ca6f000-7f6c4cb6f000 rw-p 00000000 00:00 0                          [stack:4298]
7f6c4cb6f000-7f6c4cb70000 ---p 00000000 00:00 0 
7f6c4cb70000-7f6c4cc70000 rw-p 00000000 00:00 0                          [stack:4297]
7f6c4cc70000-7f6c4cc71000 ---p 00000000 00:00 0 
7f6c4cc71000-7f6c4cd9a000 rw-p 00000000 00:00 0                          [stack:4296]
7f6c4cd9a000-7f6c4d000000 rw-p 00000000 00:00 0 
7f6c4d000000-7f6c4d270000 rwxp 00000000 00:00 0 
7f6c4d270000-7f6c508b1000 rw-p 00000000 00:00 0 
7f6c508b1000-7f6c54000000 ---p 00000000 00:00 0 
7f6c54002000-7f6c54009000 r--s 00059000 08:0a 2889549                    /home/jefferson/.m2/repository/log4j/log4j/1.2.15/log4j-1.2.15.jar
7f6c54009000-7f6c540a4000 rw-p 00000000 00:00 0 
7f6c540a4000-7f6c540a5000 ---p 00000000 00:00 0 
7f6c540a5000-7f6c541b0000 rw-p 00000000 00:00 0                          [stack:4295]
7f6c541b0000-7f6c541ce000 rw-p 00000000 00:00 0 
7f6c541ce000-7f6c541d9000 rw-p 00000000 00:00 0 
7f6c541d9000-7f6c541f7000 rw-p 00000000 00:00 0 
7f6c541f7000-7f6c54220000 rw-p 00000000 00:00 0 
7f6c54220000-7f6c54485000 rw-p 00000000 00:00 0 
7f6c54485000-7f6c5449a000 rw-p 00000000 00:00 0 
7f6c5449a000-7f6c545cd000 rw-p 00000000 00:00 0 
7f6c545cd000-7f6c545ce000 rw-p 00000000 00:00 0 
7f6c545ce000-7f6c545e8000 r-xp 00000000 08:0a 3166066                    /usr/lib/jvm/java-7-oracle/jre/lib/amd64/libzip.so
7f6c545e8000-7f6c547e8000 ---p 0001a000 08:0a 3166066                    /usr/lib/jvm/java-7-oracle/jre/lib/amd64/libzip.so
7f6c547e8000-7f6c547e9000 rw-p 0001a000 08:0a 3166066                    /usr/lib/jvm/java-7-oracle/jre/lib/amd64/libzip.so
7f6c547e9000-7f6c547f4000 r-xp 00000000 08:0a 1835493                    /lib/x86_64-linux-gnu/libnss_files-2.19.so
7f6c547f4000-7f6c549f3000 ---p 0000b000 08:0a 1835493                    /lib/x86_64-linux-gnu/libnss_files-2.19.so
7f6c549f3000-7f6c549f4000 r--p 0000a000 08:0a 1835493                    /lib/x86_64-linux-gnu/libnss_files-2.19.so
7f6c549f4000-7f6c549f5000 rw-p 0000b000 08:0a 1835493                    /lib/x86_64-linux-gnu/libnss_files-2.19.so
7f6c549f5000-7f6c54a00000 r-xp 00000000 08:0a 1835511                    /lib/x86_64-linux-gnu/libnss_nis-2.19.so
7f6c54a00000-7f6c54bff000 ---p 0000b000 08:0a 1835511                    /lib/x86_64-linux-gnu/libnss_nis-2.19.so
7f6c54bff000-7f6c54c00000 r--p 0000a000 08:0a 1835511                    /lib/x86_64-linux-gnu/libnss_nis-2.19.so
7f6c54c00000-7f6c54c01000 rw-p 0000b000 08:0a 1835511                    /lib/x86_64-linux-gnu/libnss_nis-2.19.so
7f6c54c01000-7f6c54c18000 r-xp 00000000 08:0a 1835478                    /lib/x86_64-linux-gnu/libnsl-2.19.so
7f6c54c18000-7f6c54e17000 ---p 00017000 08:0a 1835478                    /lib/x86_64-linux-gnu/libnsl-2.19.so
7f6c54e17000-7f6c54e18000 r--p 00016000 08:0a 1835478                    /lib/x86_64-linux-gnu/libnsl-2.19.so
7f6c54e18000-7f6c54e19000 rw-p 00017000 08:0a 1835478                    /lib/x86_64-linux-gnu/libnsl-2.19.so
7f6c54e19000-7f6c54e1b000 rw-p 00000000 00:00 0 
7f6c54e1b000-7f6c54e24000 r-xp 00000000 08:0a 1835501                    /lib/x86_64-linux-gnu/libnss_compat-2.19.so
7f6c54e24000-7f6c55023000 ---p 00009000 08:0a 1835501                    /lib/x86_64-linux-gnu/libnss_compat-2.19.so
7f6c55023000-7f6c55024000 r--p 00008000 08:0a 1835501                    /lib/x86_64-linux-gnu/libnss_compat-2.19.so
7f6c55024000-7f6c55025000 rw-p 00009000 08:0a 1835501                    /lib/x86_64-linux-gnu/libnss_compat-2.19.so
7f6c55025000-7f6c5504e000 r-xp 00000000 08:0a 3166047                    /usr/lib/jvm/java-7-oracle/jre/lib/amd64/libjava.so
7f6c5504e000-7f6c5524e000 ---p 00029000 08:0a 3166047                    /usr/lib/jvm/java-7-oracle/jre/lib/amd64/libjava.so
7f6c5524e000-7f6c55250000 rw-p 00029000 08:0a 3166047                    /usr/lib/jvm/java-7-oracle/jre/lib/amd64/libjava.so
7f6c55250000-7f6c5525d000 r-xp 00000000 08:0a 3166080                    /usr/lib/jvm/java-7-oracle/jre/lib/amd64/libverify.so
7f6c5525d000-7f6c5545c000 ---p 0000d000 08:0a 3166080                    /usr/lib/jvm/java-7-oracle/jre/lib/amd64/libverify.so
7f6c5545c000-7f6c5545e000 rw-p 0000c000 08:0a 3166080                    /usr/lib/jvm/java-7-oracle/jre/lib/amd64/libverify.so
7f6c5545e000-7f6c55465000 r-xp 00000000 08:0a 1835518                    /lib/x86_64-linux-gnu/librt-2.19.so
7f6c55465000-7f6c55664000 ---p 00007000 08:0a 1835518                    /lib/x86_64-linux-gnu/librt-2.19.so
7f6c55664000-7f6c55665000 r--p 00006000 08:0a 1835518                    /lib/x86_64-linux-gnu/librt-2.19.so
7f6c55665000-7f6c55666000 rw-p 00007000 08:0a 1835518                    /lib/x86_64-linux-gnu/librt-2.19.so
7f6c55666000-7f6c5576b000 r-xp 00000000 08:0a 1835470                    /lib/x86_64-linux-gnu/libm-2.19.so
7f6c5576b000-7f6c5596a000 ---p 00105000 08:0a 1835470                    /lib/x86_64-linux-gnu/libm-2.19.so
7f6c5596a000-7f6c5596b000 r--p 00104000 08:0a 1835470                    /lib/x86_64-linux-gnu/libm-2.19.so
7f6c5596b000-7f6c5596c000 rw-p 00105000 08:0a 1835470                    /lib/x86_64-linux-gnu/libm-2.19.so
7f6c5596c000-7f6c564df000 r-xp 00000000 08:0a 3166078                    /usr/lib/jvm/java-7-oracle/jre/lib/amd64/server/libjvm.so
7f6c564df000-7f6c566de000 ---p 00b73000 08:0a 3166078                    /usr/lib/jvm/java-7-oracle/jre/lib/amd64/server/libjvm.so
7f6c566de000-7f6c567a2000 rw-p 00b72000 08:0a 3166078                    /usr/lib/jvm/java-7-oracle/jre/lib/amd64/server/libjvm.so
7f6c567a2000-7f6c567e3000 rw-p 00000000 00:00 0 
7f6c567e3000-7f6c5699e000 r-xp 00000000 08:0a 1835514                    /lib/x86_64-linux-gnu/libc-2.19.so
7f6c5699e000-7f6c56b9e000 ---p 001bb000 08:0a 1835514                    /lib/x86_64-linux-gnu/libc-2.19.so
7f6c56b9e000-7f6c56ba2000 r--p 001bb000 08:0a 1835514                    /lib/x86_64-linux-gnu/libc-2.19.so
7f6c56ba2000-7f6c56ba4000 rw-p 001bf000 08:0a 1835514                    /lib/x86_64-linux-gnu/libc-2.19.so
7f6c56ba4000-7f6c56ba9000 rw-p 00000000 00:00 0 
7f6c56ba9000-7f6c56bac000 r-xp 00000000 08:0a 1835495                    /lib/x86_64-linux-gnu/libdl-2.19.so
7f6c56bac000-7f6c56dab000 ---p 00003000 08:0a 1835495                    /lib/x86_64-linux-gnu/libdl-2.19.so
7f6c56dab000-7f6c56dac000 r--p 00002000 08:0a 1835495                    /lib/x86_64-linux-gnu/libdl-2.19.so
7f6c56dac000-7f6c56dad000 rw-p 00003000 08:0a 1835495                    /lib/x86_64-linux-gnu/libdl-2.19.so
7f6c56dad000-7f6c56dc3000 r-xp 00000000 08:0a 3166356                    /usr/lib/jvm/java-7-oracle/lib/amd64/jli/libjli.so
7f6c56dc3000-7f6c56fc3000 ---p 00016000 08:0a 3166356                    /usr/lib/jvm/java-7-oracle/lib/amd64/jli/libjli.so
7f6c56fc3000-7f6c56fc4000 rw-p 00016000 08:0a 3166356                    /usr/lib/jvm/java-7-oracle/lib/amd64/jli/libjli.so
7f6c56fc4000-7f6c56fdd000 r-xp 00000000 08:0a 1835490                    /lib/x86_64-linux-gnu/libpthread-2.19.so
7f6c56fdd000-7f6c571dc000 ---p 00019000 08:0a 1835490                    /lib/x86_64-linux-gnu/libpthread-2.19.so
7f6c571dc000-7f6c571dd000 r--p 00018000 08:0a 1835490                    /lib/x86_64-linux-gnu/libpthread-2.19.so
7f6c571dd000-7f6c571de000 rw-p 00019000 08:0a 1835490                    /lib/x86_64-linux-gnu/libpthread-2.19.so
7f6c571de000-7f6c571e2000 rw-p 00000000 00:00 0 
7f6c571e2000-7f6c57205000 r-xp 00000000 08:0a 1835503                    /lib/x86_64-linux-gnu/ld-2.19.so
7f6c57206000-7f6c57209000 r--s 00012000 08:0a 2892411                    /home/jefferson/.m2/repository/commons-io/commons-io/1.3.1/commons-io-1.3.1.jar
7f6c57209000-7f6c5720b000 r--s 0000d000 08:0a 2886380                    /home/jefferson/.m2/repository/commons-logging/commons-logging/1.1.1/commons-logging-1.1.1.jar
7f6c5720b000-7f6c5721a000 r--s 00115000 08:0a 4329769                    /home/jefferson/.m2/repository/net/java/dev/jna/platform/3.5.2/platform-3.5.2.jar
7f6c5721a000-7f6c57224000 rw-p 00000000 00:00 0 
7f6c57224000-7f6c572da000 rw-p 00000000 00:00 0 
7f6c572da000-7f6c572dd000 ---p 00000000 00:00 0 
7f6c572dd000-7f6c573df000 rw-p 00000000 00:00 0                          [stack:4293]
7f6c573df000-7f6c573e4000 r--s 00034000 08:0a 2892409                    /home/jefferson/.m2/repository/commons-beanutils/commons-beanutils/1.8.3/commons-beanutils-1.8.3.jar
7f6c573e4000-7f6c573e8000 r--s 00028000 08:0a 2761207                    /home/jefferson/.m2/repository/org/ghost4j/ghost4j/0.5.1/ghost4j-0.5.1.jar
7f6c573e8000-7f6c573eb000 r--s 000c0000 08:0a 2761197                    /home/jefferson/.m2/repository/com/sun/jna/jna/3.0.9/jna-3.0.9.jar
7f6c573eb000-7f6c573ef000 r--s 000dc000 08:0a 4329767                    /home/jefferson/.m2/repository/net/java/dev/jna/jna/4.1.0/jna-4.1.0.jar
7f6c573ef000-7f6c573f1000 r--s 00009000 08:0a 2892406                    /home/jefferson/.m2/repository/org/hamcrest/hamcrest-core/1.2.1/hamcrest-core-1.2.1.jar
7f6c573f1000-7f6c573f3000 r--s 0000b000 08:0a 2892366                    /home/jefferson/.m2/repository/org/hamcrest/hamcrest-library/1.2.1/hamcrest-library-1.2.1.jar
7f6c573f3000-7f6c573f4000 r--s 00001000 08:0a 2892405                    /home/jefferson/.m2/repository/org/hamcrest/hamcrest-integration/1.2.1/hamcrest-integration-1.2.1.jar
7f6c573f4000-7f6c573f8000 r--s 000f7000 08:0a 3166119                    /usr/lib/jvm/java-7-oracle/jre/lib/ext/localedata.jar
7f6c573f8000-7f6c57400000 rw-s 00000000 08:0a 5511711                    /tmp/hsperfdata_jefferson/4290
7f6c57400000-7f6c57401000 rw-p 00000000 00:00 0 
7f6c57401000-7f6c57402000 r--p 00000000 00:00 0 
7f6c57402000-7f6c57404000 rw-p 00000000 00:00 0 
7f6c57404000-7f6c57405000 r--p 00022000 08:0a 1835503                    /lib/x86_64-linux-gnu/ld-2.19.so
7f6c57405000-7f6c57406000 rw-p 00023000 08:0a 1835503                    /lib/x86_64-linux-gnu/ld-2.19.so
7f6c57406000-7f6c57407000 rw-p 00000000 00:00 0 
7fff9619a000-7fff961bb000 rw-p 00000000 00:00 0                          [stack]
7fff961fe000-7fff96200000 r-xp 00000000 00:00 0                          [vdso]
ffffffffff600000-ffffffffff601000 r-xp 00000000 00:00 0                  [vsyscall]

VM Arguments:
java_command: br.com.teste.tesseract.main.TesseractMain
Launcher Type: SUN_STANDARD

Environment Variables:
JAVA_HOME=/usr/lib/jvm/java-7-oracle
PATH=/usr/games:/usr/local/sbin:/usr/local/bin:/usr/sbin:/usr/bin:/sbin:/bin:/usr/games:/usr/local/games:/opt/apache-maven-3.2.1/bin
LD_LIBRARY_PATH=/usr/lib/jvm/java-7-oracle/jre/lib/amd64:/usr/lib/jvm/java-7-oracle/jre/lib/i386:
SHELL=/bin/bash
DISPLAY=:0

Signal Handlers:
SIGSEGV: [libjvm.so+0x9a1a10], sa_mask[0]=0x7ffbfeff, sa_flags=0x10000004
SIGBUS: [libjvm.so+0x9a1a10], sa_mask[0]=0x7ffbfeff, sa_flags=0x10000004
SIGFPE: [libjvm.so+0x81bae0], sa_mask[0]=0x7ffbfeff, sa_flags=0x10000004
SIGPIPE: [libjvm.so+0x81bae0], sa_mask[0]=0x7ffbfeff, sa_flags=0x10000004
SIGXFSZ: [libjvm.so+0x81bae0], sa_mask[0]=0x7ffbfeff, sa_flags=0x10000004
SIGILL: [libjvm.so+0x81bae0], sa_mask[0]=0x7ffbfeff, sa_flags=0x10000004
SIGUSR1: SIG_DFL, sa_mask[0]=0x00000000, sa_flags=0x00000000
SIGUSR2: [libjvm.so+0x81d2e0], sa_mask[0]=0x00000004, sa_flags=0x10000004
SIGHUP: [libjvm.so+0x81e400], sa_mask[0]=0x7ffbfeff, sa_flags=0x10000004
SIGINT: SIG_IGN, sa_mask[0]=0x00000000, sa_flags=0x00000000
SIGTERM: [libjvm.so+0x81e400], sa_mask[0]=0x7ffbfeff, sa_flags=0x10000004
SIGQUIT: [libjvm.so+0x81e400], sa_mask[0]=0x7ffbfeff, sa_flags=0x10000004


---------------  S Y S T E M  ---------------

OS:jessie/sid

uname:Linux 3.13.0-43-generic #72-Ubuntu SMP Mon Dec 8 19:35:06 UTC 2014 x86_64
libc:glibc 2.19 NPTL 2.19 
rlimit: STACK 8192k, CORE 0k, NPROC 62566, NOFILE 4096, AS infinity
load average:0,56 0,62 0,52

/proc/meminfo:
MemTotal:        8039052 kB
MemFree:          289716 kB
Buffers:          150832 kB
Cached:          2608800 kB
SwapCached:            0 kB
Active:          3193440 kB
Inactive:        1987760 kB
Active(anon):    2163924 kB
Inactive(anon):   639504 kB
Active(file):    1029516 kB
Inactive(file):  1348256 kB
Unevictable:     2180944 kB
Mlocked:         2180948 kB
SwapTotal:       7812092 kB
SwapFree:        7812092 kB
Dirty:               524 kB
Writeback:             0 kB
AnonPages:       4602340 kB
Mapped:           437356 kB
Shmem:            361928 kB
Slab:             244148 kB
SReclaimable:     201444 kB
SUnreclaim:        42704 kB
KernelStack:        7296 kB
PageTables:        51608 kB
NFS_Unstable:          0 kB
Bounce:                0 kB
WritebackTmp:          0 kB
CommitLimit:    11831616 kB
Committed_AS:   10830548 kB
VmallocTotal:   34359738367 kB
VmallocUsed:      357388 kB
VmallocChunk:   34359375196 kB
HardwareCorrupted:     0 kB
AnonHugePages:   3457024 kB
HugePages_Total:       0
HugePages_Free:        0
HugePages_Rsvd:        0
HugePages_Surp:        0
Hugepagesize:       2048 kB
DirectMap4k:       91624 kB
DirectMap2M:     8159232 kB


CPU:total 4 (2 cores per cpu, 2 threads per core) family 6 model 58 stepping 9, cmov, cx8, fxsr, mmx, sse, sse2, sse3, ssse3, sse4.1, sse4.2, popcnt, avx, aes, erms, ht, tsc, tscinvbit, tscinv

/proc/cpuinfo:
processor	: 0
vendor_id	: GenuineIntel
cpu family	: 6
model		: 58
model name	: Intel(R) Core(TM) i5-3210M CPU @ 2.50GHz
stepping	: 9
microcode	: 0x15
cpu MHz		: 2501.000
cache size	: 3072 KB
physical id	: 0
siblings	: 4
core id		: 0
cpu cores	: 2
apicid		: 0
initial apicid	: 0
fpu		: yes
fpu_exception	: yes
cpuid level	: 13
wp		: yes
flags		: fpu vme de pse tsc msr pae mce cx8 apic sep mtrr pge mca cmov pat pse36 clflush dts acpi mmx fxsr sse sse2 ss ht tm pbe syscall nx rdtscp lm constant_tsc arch_perfmon pebs bts rep_good nopl xtopology nonstop_tsc aperfmperf eagerfpu pni pclmulqdq dtes64 monitor ds_cpl vmx est tm2 ssse3 cx16 xtpr pdcm pcid sse4_1 sse4_2 x2apic popcnt tsc_deadline_timer aes xsave avx f16c rdrand lahf_lm ida arat epb xsaveopt pln pts dtherm tpr_shadow vnmi flexpriority ept vpid fsgsbase smep erms
bogomips	: 4988.50
clflush size	: 64
cache_alignment	: 64
address sizes	: 36 bits physical, 48 bits virtual
power management:

processor	: 1
vendor_id	: GenuineIntel
cpu family	: 6
model		: 58
model name	: Intel(R) Core(TM) i5-3210M CPU @ 2.50GHz
stepping	: 9
microcode	: 0x15
cpu MHz		: 1200.000
cache size	: 3072 KB
physical id	: 0
siblings	: 4
core id		: 1
cpu cores	: 2
apicid		: 2
initial apicid	: 2
fpu		: yes
fpu_exception	: yes
cpuid level	: 13
wp		: yes
flags		: fpu vme de pse tsc msr pae mce cx8 apic sep mtrr pge mca cmov pat pse36 clflush dts acpi mmx fxsr sse sse2 ss ht tm pbe syscall nx rdtscp lm constant_tsc arch_perfmon pebs bts rep_good nopl xtopology nonstop_tsc aperfmperf eagerfpu pni pclmulqdq dtes64 monitor ds_cpl vmx est tm2 ssse3 cx16 xtpr pdcm pcid sse4_1 sse4_2 x2apic popcnt tsc_deadline_timer aes xsave avx f16c rdrand lahf_lm ida arat epb xsaveopt pln pts dtherm tpr_shadow vnmi flexpriority ept vpid fsgsbase smep erms
bogomips	: 4988.50
clflush size	: 64
cache_alignment	: 64
address sizes	: 36 bits physical, 48 bits virtual
power management:

processor	: 2
vendor_id	: GenuineIntel
cpu family	: 6
model		: 58
model name	: Intel(R) Core(TM) i5-3210M CPU @ 2.50GHz
stepping	: 9
microcode	: 0x15
cpu MHz		: 1200.000
cache size	: 3072 KB
physical id	: 0
siblings	: 4
core id		: 0
cpu cores	: 2
apicid		: 1
initial apicid	: 1
fpu		: yes
fpu_exception	: yes
cpuid level	: 13
wp		: yes
flags		: fpu vme de pse tsc msr pae mce cx8 apic sep mtrr pge mca cmov pat pse36 clflush dts acpi mmx fxsr sse sse2 ss ht tm pbe syscall nx rdtscp lm constant_tsc arch_perfmon pebs bts rep_good nopl xtopology nonstop_tsc aperfmperf eagerfpu pni pclmulqdq dtes64 monitor ds_cpl vmx est tm2 ssse3 cx16 xtpr pdcm pcid sse4_1 sse4_2 x2apic popcnt tsc_deadline_timer aes xsave avx f16c rdrand lahf_lm ida arat epb xsaveopt pln pts dtherm tpr_shadow vnmi flexpriority ept vpid fsgsbase smep erms
bogomips	: 4988.50
clflush size	: 64
cache_alignment	: 64
address sizes	: 36 bits physical, 48 bits virtual
power management:

processor	: 3
vendor_id	: GenuineIntel
cpu family	: 6
model		: 58
model name	: Intel(R) Core(TM) i5-3210M CPU @ 2.50GHz
stepping	: 9
microcode	: 0x15
cpu MHz		: 2501.000
cache size	: 3072 KB
physical id	: 0
siblings	: 4
core id		: 1
cpu cores	: 2
apicid		: 3
initial apicid	: 3
fpu		: yes
fpu_exception	: yes
cpuid level	: 13
wp		: yes
flags		: fpu vme de pse tsc msr pae mce cx8 apic sep mtrr pge mca cmov pat pse36 clflush dts acpi mmx fxsr sse sse2 ss ht tm pbe syscall nx rdtscp lm constant_tsc arch_perfmon pebs bts rep_good nopl xtopology nonstop_tsc aperfmperf eagerfpu pni pclmulqdq dtes64 monitor ds_cpl vmx est tm2 ssse3 cx16 xtpr pdcm pcid sse4_1 sse4_2 x2apic popcnt tsc_deadline_timer aes xsave avx f16c rdrand lahf_lm ida arat epb xsaveopt pln pts dtherm tpr_shadow vnmi flexpriority ept vpid fsgsbase smep erms
bogomips	: 4988.50
clflush size	: 64
cache_alignment	: 64
address sizes	: 36 bits physical, 48 bits virtual
power management:



Memory: 4k page, physical 8039052k(289716k free), swap 7812092k(7812092k free)

vm_info: Java HotSpot(TM) 64-Bit Server VM (24.72-b04) for linux-amd64 JRE (1.7.0_72-b14), built on Sep 26 2014 18:20:41 by "java_re" with gcc 4.3.0 20080428 (Red Hat 4.3.0-8)

time: Mon Jan  5 02:48:31 2015
elapsed time: 0 seconds

