#
# A fatal error has been detected by the Java Runtime Environment:
#
#  SIGSEGV (0xb) at pc=0x00007ff5f764733a, pid=1200, tid=140694849595136
#
# JRE version: Java(TM) SE Runtime Environment (7.0_72-b14) (build 1.7.0_72-b14)
# Java VM: Java HotSpot(TM) 64-Bit Server VM (24.72-b04 mixed mode linux-amd64 compressed oops)
# Problematic frame:
# C  [libtesseract.so.3.0.3+0x22533a]  ERRCODE::error(char const*, TessErrorLogCode, char const*, ...) const+0x16a
#
# Failed to write core dump. Core dumps have been disabled. To enable core dumping, try "ulimit -c unlimited" before starting Java again
#
# If you would like to submit a bug report, please visit:
#   http://bugreport.sun.com/bugreport/crash.jsp
# The crash happened outside the Java Virtual Machine in native code.
# See problematic frame for where to report the bug.
#

---------------  T H R E A D  ---------------

Current thread (0x00007ff60c00a800):  JavaThread "main" [_thread_in_native, id=1204, stack(0x00007ff612782000,0x00007ff612883000)]

siginfo:si_signo=SIGSEGV: si_errno=0, si_code=1 (SEGV_MAPERR), si_addr=0x0000000000000000

Registers:
RAX=0x000000000000004e, RBX=0x00007ff61287fb60, RCX=0x00007ff611d7730d, RDX=0x00007ff61204c9d0
RSP=0x00007ff61287fb40, RBP=0x0000000000000002, RSI=0x000000000000004e, RDI=0x00007ff61287d310
R8 =0x00007ff612882700, R9 =0x61646120656c6966, R10=0x00007ff612048be0, R11=0x0000000000000000
R12=0x00007ff61287fb8d, R13=0x00007ff5f7650177, R14=0x00007ff5f78fd4a0, R15=0x00007ff5f76667ff
RIP=0x00007ff5f764733a, EFLAGS=0x0000000000010246, CSGSFS=0x0000000000000033, ERR=0x0000000000000004
  TRAPNO=0x000000000000000e

Top of Stack: (sp=0x00007ff61287fb40)
0x00007ff61287fb40:   0000000000000000 0000003000000030
0x00007ff61287fb50:   00007ff612880050 00007ff61287ff70
0x00007ff61287fb60:   5464657470616441 736574616c706d65
0x00007ff61287fb70:   4c4c554e203d2120 413a726f7272453a
0x00007ff61287fb80:   6166207472657373 206e693a64656c69
0x00007ff61287fb90:   61646120656c6966 2e686374616d7470
0x00007ff61287fba0:   6e696c202c707063 00000a3437312065
0x00007ff61287fbb0:   0000000000000000 0000000000000000
0x00007ff61287fbc0:   0000000000000000 0000000000000000
0x00007ff61287fbd0:   0000000000000000 0000000000000000
0x00007ff61287fbe0:   0000000000000000 0000000000000000
0x00007ff61287fbf0:   0000000000000000 0000000000000000
0x00007ff61287fc00:   0000000000000000 0000000000000000
0x00007ff61287fc10:   0000000000000000 0000000000000000
0x00007ff61287fc20:   0000000000000000 0000000000000000
0x00007ff61287fc30:   0000000000000000 0000000000000000
0x00007ff61287fc40:   0000000000000000 0000000000000000
0x00007ff61287fc50:   0000000000000000 0000000000000000
0x00007ff61287fc60:   0000000000000000 0000000000000000
0x00007ff61287fc70:   0000000000000000 0000000000000000
0x00007ff61287fc80:   0000000000000000 0000000000000000
0x00007ff61287fc90:   0000000000000000 0000000000000000
0x00007ff61287fca0:   0000000000000000 0000000000000000
0x00007ff61287fcb0:   0000000000000000 0000000000000000
0x00007ff61287fcc0:   0000000000000000 0000000000000000
0x00007ff61287fcd0:   0000000000000000 0000000000000000
0x00007ff61287fce0:   0000000000000000 0000000000000000
0x00007ff61287fcf0:   0000000000000000 0000000000000000
0x00007ff61287fd00:   0000000000000000 0000000000000000
0x00007ff61287fd10:   0000000000000000 0000000000000000
0x00007ff61287fd20:   0000000000000000 0000000000000000
0x00007ff61287fd30:   0000000000000000 0000000000000000 

Instructions: (pc=0x00007ff5f764733a)
0x00007ff5f764731a:   48 89 d9 be 01 00 00 00 48 8b 38 31 c0 e8 14 60
0x00007ff5f764732a:   e5 ff 83 fd ff 7c 14 85 ed 7e 2c 83 fd 02 7f 0b
0x00007ff5f764733a:   8b 04 25 00 00 00 00 85 c0 74 52 48 8d 35 14 8d
0x00007ff5f764734a:   01 00 48 8d 3d f5 81 4f 00 31 c9 ba 02 00 00 00 

Register to memory mapping:

RAX=0x000000000000004e is an unknown value
RBX=0x00007ff61287fb60 is pointing into the stack for thread: 0x00007ff60c00a800
RCX=0x00007ff611d7730d: __write+0x2d in /lib/x86_64-linux-gnu/libc.so.6 at 0x00007ff611c8b000
RDX=0x00007ff61204c9d0: <offset 0x3c19d0> in /lib/x86_64-linux-gnu/libc.so.6 at 0x00007ff611c8b000
RSP=0x00007ff61287fb40 is pointing into the stack for thread: 0x00007ff60c00a800
RBP=0x0000000000000002 is an unknown value
RSI=0x000000000000004e is an unknown value
RDI=0x00007ff61287d310 is pointing into the stack for thread: 0x00007ff60c00a800
R8 =0x00007ff612882700 is pointing into the stack for thread: 0x00007ff60c00a800
R9 =0x61646120656c6966 is an unknown value
R10=0x00007ff612048be0: <offset 0x3bdbe0> in /lib/x86_64-linux-gnu/libc.so.6 at 0x00007ff611c8b000
R11=0x0000000000000000 is an unknown value
R12=0x00007ff61287fb8d is pointing into the stack for thread: 0x00007ff60c00a800
R13=0x00007ff5f7650177: <offset 0x22e177> in /usr/lib/libtesseract.so.3.0.3 at 0x00007ff5f7422000
R14=0x00007ff5f78fd4a0: <offset 0x4db4a0> in /usr/lib/libtesseract.so.3.0.3 at 0x00007ff5f7422000
R15=0x00007ff5f76667ff: <offset 0x2447ff> in /usr/lib/libtesseract.so.3.0.3 at 0x00007ff5f7422000


Stack: [0x00007ff612782000,0x00007ff612883000],  sp=0x00007ff61287fb40,  free space=1014k
Native frames: (J=compiled Java code, j=interpreted, Vv=VM code, C=native code)
C  [libtesseract.so.3.0.3+0x22533a]  ERRCODE::error(char const*, TessErrorLogCode, char const*, ...) const+0x16a

Java frames: (J=compiled Java code, j=interpreted, Vv=VM code)
j  com.sun.jna.Native.invokePointer(JI[Ljava/lang/Object;)J+0
j  com.sun.jna.Function.invokePointer(I[Ljava/lang/Object;)Lcom/sun/jna/Pointer;+6
j  com.sun.jna.Function.invoke([Ljava/lang/Object;Ljava/lang/Class;Z)Ljava/lang/Object;+426
j  com.sun.jna.Function.invoke(Ljava/lang/Class;[Ljava/lang/Object;Ljava/util/Map;)Ljava/lang/Object;+262
j  com.sun.jna.Library$Handler.invoke(Ljava/lang/Object;Ljava/lang/reflect/Method;[Ljava/lang/Object;)Ljava/lang/Object;+316
j  com.sun.proxy.$Proxy0.TessBaseAPIGetUTF8Text(Lnet/sourceforge/tess4j/TessAPI$TessBaseAPI;)Lcom/sun/jna/Pointer;+16
j  net.sourceforge.tess4j.Tesseract.getOCRText()Ljava/lang/String;+37
j  net.sourceforge.tess4j.Tesseract.doOCR(Ljava/util/List;Ljava/awt/Rectangle;)Ljava/lang/String;+68
j  net.sourceforge.tess4j.Tesseract.doOCR(Ljava/io/File;Ljava/awt/Rectangle;)Ljava/lang/String;+6
j  net.sourceforge.tess4j.Tesseract.doOCR(Ljava/io/File;)Ljava/lang/String;+3
j  br.com.teste.tesseract.main.TesseractMain.main([Ljava/lang/String;)V+16
v  ~StubRoutines::call_stub

---------------  P R O C E S S  ---------------

Java Threads: ( => current thread )
  0x00007ff60c1e3000 JavaThread "Java2D Disposer" daemon [_thread_blocked, id=1218, stack(0x00007ff5f7eff000,0x00007ff5f8000000)]
  0x00007ff60c0a1000 JavaThread "Service Thread" daemon [_thread_blocked, id=1216, stack(0x00007ff605ae1000,0x00007ff605be2000)]
  0x00007ff60c09e800 JavaThread "C2 CompilerThread1" daemon [_thread_blocked, id=1214, stack(0x00007ff605be2000,0x00007ff605ce3000)]
  0x00007ff60c09b800 JavaThread "C2 CompilerThread0" daemon [_thread_in_native, id=1213, stack(0x00007ff605ce3000,0x00007ff605de4000)]
  0x00007ff60c099800 JavaThread "Signal Dispatcher" daemon [_thread_blocked, id=1212, stack(0x00007ff605de4000,0x00007ff605ee5000)]
  0x00007ff60c070800 JavaThread "Finalizer" daemon [_thread_blocked, id=1211, stack(0x00007ff6065c9000,0x00007ff6066ca000)]
  0x00007ff60c06e800 JavaThread "Reference Handler" daemon [_thread_blocked, id=1210, stack(0x00007ff6066ca000,0x00007ff6067cb000)]
=>0x00007ff60c00a800 JavaThread "main" [_thread_in_native, id=1204, stack(0x00007ff612782000,0x00007ff612883000)]

Other Threads:
  0x00007ff60c06a000 VMThread [stack: 0x00007ff6067cb000,0x00007ff6068cc000] [id=1209]
  0x00007ff60c0b3800 WatcherThread [stack: 0x00007ff6059e0000,0x00007ff605ae1000] [id=1217]

VM state:not at safepoint (normal execution)

VM Mutex/Monitor currently owned by a thread: None

Heap
 PSYoungGen      total 36864K, used 22291K [0x00000000d7100000, 0x00000000d9a00000, 0x0000000100000000)
  eden space 31744K, 70% used [0x00000000d7100000,0x00000000d86c4dd0,0x00000000d9000000)
  from space 5120K, 0% used [0x00000000d9500000,0x00000000d9500000,0x00000000d9a00000)
  to   space 5120K, 0% used [0x00000000d9000000,0x00000000d9000000,0x00000000d9500000)
 ParOldGen       total 83456K, used 0K [0x0000000085400000, 0x000000008a580000, 0x00000000d7100000)
  object space 83456K, 0% used [0x0000000085400000,0x0000000085400000,0x000000008a580000)
 PSPermGen       total 21504K, used 7148K [0x0000000080200000, 0x0000000081700000, 0x0000000085400000)
  object space 21504K, 33% used [0x0000000080200000,0x00000000808fb1d8,0x0000000081700000)

Card table byte_map: [0x00007ff6085cd000,0x00007ff6089cd000] byte_map_base: 0x00007ff6081cc000

Polling page: 0x00007ff6128a9000

Code Cache  [0x00007ff6089cd000, 0x00007ff608c3d000, 0x00007ff60b9cd000)
 total_blobs=314 nmethods=41 adapters=226 free_code_cache=48627Kb largest_free_block=49770688

Compilation events (10 events):
Event: 0,335 Thread 0x00007ff60c09e800 nmethod 33 0x00007ff608a4aad0 code [0x00007ff608a4ac80, 0x00007ff608a4b928]
Event: 0,358 Thread 0x00007ff60c09b800   38             java.lang.String::startsWith (7 bytes)
Event: 0,360 Thread 0x00007ff60c09b800 nmethod 38 0x00007ff608a4c2d0 code [0x00007ff608a4c420, 0x00007ff608a4c598]
Event: 0,363 Thread 0x00007ff60c09e800   39             java.util.HashMap::hash (55 bytes)
Event: 0,364 Thread 0x00007ff60c09e800 nmethod 39 0x00007ff608a4be50 code [0x00007ff608a4bfa0, 0x00007ff608a4c0c8]
Event: 0,386 Thread 0x00007ff60c09b800   40 %           com.sun.media.imageioimpl.plugins.tiff.TIFFImageWriter::writeTile @ 869 (3310 bytes)
Event: 0,386 Thread 0x00007ff60c09e800   41             sun.awt.image.ByteInterleavedRaster::getByteData (851 bytes)
Event: 0,398 Thread 0x00007ff60c09b800 nmethod 40% 0x00007ff608a51b10 code [0x00007ff608a51cc0, 0x00007ff608a52638]
Event: 0,399 Thread 0x00007ff60c09b800   42             com.sun.media.imageioimpl.plugins.tiff.TIFFImageWriter::writeTile (3310 bytes)
Event: 0,453 Thread 0x00007ff60c09e800 nmethod 41 0x00007ff608a4e210 code [0x00007ff608a4e3e0, 0x00007ff608a4fc18]

GC Heap History (0 events):
No events

Deoptimization events (8 events):
Event: 0,299 Thread 0x00007ff60c00a800 Uncommon trap: reason=class_check action=maybe_recompile pc=0x00007ff608a376c4 method=java.lang.String.equals(Ljava/lang/Object;)Z @ 8
Event: 0,300 Thread 0x00007ff60c00a800 Uncommon trap: reason=class_check action=maybe_recompile pc=0x00007ff608a376c4 method=java.lang.String.equals(Ljava/lang/Object;)Z @ 8
Event: 0,300 Thread 0x00007ff60c00a800 Uncommon trap: reason=class_check action=maybe_recompile pc=0x00007ff608a376c4 method=java.lang.String.equals(Ljava/lang/Object;)Z @ 8
Event: 0,302 Thread 0x00007ff60c00a800 Uncommon trap: reason=class_check action=maybe_recompile pc=0x00007ff608a376c4 method=java.lang.String.equals(Ljava/lang/Object;)Z @ 8
Event: 0,328 Thread 0x00007ff60c00a800 Uncommon trap: reason=bimorphic action=maybe_recompile pc=0x00007ff608a49a30 method=java.util.HashMap.getEntry(Ljava/lang/Object;)Ljava/util/HashMap$Entry; @ 68
Event: 0,329 Thread 0x00007ff60c00a800 Uncommon trap: reason=bimorphic action=maybe_recompile pc=0x00007ff608a49a30 method=java.util.HashMap.getEntry(Ljava/lang/Object;)Ljava/util/HashMap$Entry; @ 68
Event: 0,330 Thread 0x00007ff60c00a800 Uncommon trap: reason=bimorphic action=maybe_recompile pc=0x00007ff608a49a30 method=java.util.HashMap.getEntry(Ljava/lang/Object;)Ljava/util/HashMap$Entry; @ 68
Event: 0,330 Thread 0x00007ff60c00a800 Uncommon trap: reason=bimorphic action=maybe_recompile pc=0x00007ff608a49a30 method=java.util.HashMap.getEntry(Ljava/lang/Object;)Ljava/util/HashMap$Entry; @ 68

Internal exceptions (10 events):
Event: 0,486 Thread 0x00007ff60c00a800 Threw 0x00000000d815f970 at /HUDSON/workspace/7u-2-build-linux-amd64/jdk7u72/1606/hotspot/src/share/vm/prims/jvm.cpp:1281
Event: 0,486 Thread 0x00007ff60c00a800 Threw 0x00000000d81630c0 at /HUDSON/workspace/7u-2-build-linux-amd64/jdk7u72/1606/hotspot/src/share/vm/prims/jvm.cpp:1281
Event: 0,487 Thread 0x00007ff60c00a800 Threw 0x00000000d81666b0 at /HUDSON/workspace/7u-2-build-linux-amd64/jdk7u72/1606/hotspot/src/share/vm/prims/jvm.cpp:1281
Event: 0,487 Thread 0x00007ff60c00a800 Threw 0x00000000d816b978 at /HUDSON/workspace/7u-2-build-linux-amd64/jdk7u72/1606/hotspot/src/share/vm/prims/jvm.cpp:1281
Event: 0,488 Thread 0x00007ff60c00a800 Threw 0x00000000d816f080 at /HUDSON/workspace/7u-2-build-linux-amd64/jdk7u72/1606/hotspot/src/share/vm/prims/jvm.cpp:1281
Event: 0,488 Thread 0x00007ff60c00a800 Threw 0x00000000d8172848 at /HUDSON/workspace/7u-2-build-linux-amd64/jdk7u72/1606/hotspot/src/share/vm/prims/jvm.cpp:1281
Event: 0,488 Thread 0x00007ff60c00a800 Threw 0x00000000d8175e98 at /HUDSON/workspace/7u-2-build-linux-amd64/jdk7u72/1606/hotspot/src/share/vm/prims/jvm.cpp:1281
Event: 0,488 Thread 0x00007ff60c00a800 Threw 0x00000000d8179538 at /HUDSON/workspace/7u-2-build-linux-amd64/jdk7u72/1606/hotspot/src/share/vm/prims/jvm.cpp:1281
Event: 0,489 Thread 0x00007ff60c00a800 Threw 0x00000000d817cbd8 at /HUDSON/workspace/7u-2-build-linux-amd64/jdk7u72/1606/hotspot/src/share/vm/prims/jvm.cpp:1281
Event: 0,502 Thread 0x00007ff60c00a800 Threw 0x00000000d81afc10 at /HUDSON/workspace/7u-2-build-linux-amd64/jdk7u72/1606/hotspot/src/share/vm/prims/jvm.cpp:1281

Events (10 events):
Event: 0,490 loading class 0x00007ff60c180a30
Event: 0,490 loading class 0x00007ff60c180a30 done
Event: 0,491 loading class 0x00007ff60c1809f0
Event: 0,491 loading class 0x00007ff60c1809f0 done
Event: 0,491 loading class 0x00007ff5dc065ae0
Event: 0,491 loading class 0x00007ff5dc065ae0 done
Event: 0,501 loading class 0x00007ff607b39430
Event: 0,501 loading class 0x00007ff607b39430 done
Event: 0,501 loading class 0x00007ff60c210870
Event: 0,501 loading class 0x00007ff60c210870 done


Dynamic libraries:
00400000-00401000 r-xp 00000000 08:0a 3166324                            /usr/lib/jvm/java-7-oracle/bin/java
00600000-00601000 rw-p 00000000 08:0a 3166324                            /usr/lib/jvm/java-7-oracle/bin/java
025e2000-02603000 rw-p 00000000 00:00 0                                  [heap]
80200000-81700000 rw-p 00000000 00:00 0 
81700000-85400000 rw-p 00000000 00:00 0 
85400000-8a580000 rw-p 00000000 00:00 0 
8a580000-d7100000 rw-p 00000000 00:00 0 
d7100000-d9a00000 rw-p 00000000 00:00 0 
d9a00000-100000000 rw-p 00000000 00:00 0 
7ff5c8000000-7ff5c8021000 rw-p 00000000 00:00 0 
7ff5c8021000-7ff5cc000000 ---p 00000000 00:00 0 
7ff5cc000000-7ff5cc021000 rw-p 00000000 00:00 0 
7ff5cc021000-7ff5d0000000 ---p 00000000 00:00 0 
7ff5d0000000-7ff5d044d000 rw-p 00000000 00:00 0 
7ff5d044d000-7ff5d4000000 ---p 00000000 00:00 0 
7ff5d4000000-7ff5d4021000 rw-p 00000000 00:00 0 
7ff5d4021000-7ff5d8000000 ---p 00000000 00:00 0 
7ff5d8000000-7ff5d8021000 rw-p 00000000 00:00 0 
7ff5d8021000-7ff5dc000000 ---p 00000000 00:00 0 
7ff5dc000000-7ff5dce19000 rw-p 00000000 00:00 0 
7ff5dce19000-7ff5e0000000 ---p 00000000 00:00 0 
7ff5e0000000-7ff5e0021000 rw-p 00000000 00:00 0 
7ff5e0021000-7ff5e4000000 ---p 00000000 00:00 0 
7ff5e4000000-7ff5e4021000 rw-p 00000000 00:00 0 
7ff5e4021000-7ff5e8000000 ---p 00000000 00:00 0 
7ff5e8000000-7ff5e8021000 rw-p 00000000 00:00 0 
7ff5e8021000-7ff5ec000000 ---p 00000000 00:00 0 
7ff5ec000000-7ff5ec021000 rw-p 00000000 00:00 0 
7ff5ec021000-7ff5f0000000 ---p 00000000 00:00 0 
7ff5f0000000-7ff5f0021000 rw-p 00000000 00:00 0 
7ff5f0021000-7ff5f4000000 ---p 00000000 00:00 0 
7ff5f5810000-7ff5f5994000 rw-p 00000000 00:00 0 
7ff5f5994000-7ff5f59aa000 r-xp 00000000 08:0a 3166048                    /usr/lib/jvm/java-7-oracle/jre/lib/amd64/libnet.so
7ff5f59aa000-7ff5f5baa000 ---p 00016000 08:0a 3166048                    /usr/lib/jvm/java-7-oracle/jre/lib/amd64/libnet.so
7ff5f5baa000-7ff5f5bab000 rw-p 00016000 08:0a 3166048                    /usr/lib/jvm/java-7-oracle/jre/lib/amd64/libnet.so
7ff5f5bab000-7ff5f5bbb000 r-xp 00000000 08:0a 3166090                    /usr/lib/jvm/java-7-oracle/jre/lib/amd64/libnio.so
7ff5f5bbb000-7ff5f5dbb000 ---p 00010000 08:0a 3166090                    /usr/lib/jvm/java-7-oracle/jre/lib/amd64/libnio.so
7ff5f5dbb000-7ff5f5dbc000 rw-p 00010000 08:0a 3166090                    /usr/lib/jvm/java-7-oracle/jre/lib/amd64/libnio.so
7ff5f5dbc000-7ff5f5dc7000 r-xp 00000000 08:0a 3014739                    /usr/lib/x86_64-linux-gnu/libjbig.so.0
7ff5f5dc7000-7ff5f5fc6000 ---p 0000b000 08:0a 3014739                    /usr/lib/x86_64-linux-gnu/libjbig.so.0
7ff5f5fc6000-7ff5f5fc7000 r--p 0000a000 08:0a 3014739                    /usr/lib/x86_64-linux-gnu/libjbig.so.0
7ff5f5fc7000-7ff5f5fca000 rw-p 0000b000 08:0a 3014739                    /usr/lib/x86_64-linux-gnu/libjbig.so.0
7ff5f5fca000-7ff5f5feb000 r-xp 00000000 08:0a 1839032                    /lib/x86_64-linux-gnu/liblzma.so.5.0.0
7ff5f5feb000-7ff5f61ea000 ---p 00021000 08:0a 1839032                    /lib/x86_64-linux-gnu/liblzma.so.5.0.0
7ff5f61ea000-7ff5f61eb000 r--p 00020000 08:0a 1839032                    /lib/x86_64-linux-gnu/liblzma.so.5.0.0
7ff5f61eb000-7ff5f61ec000 rw-p 00021000 08:0a 1839032                    /lib/x86_64-linux-gnu/liblzma.so.5.0.0
7ff5f61ec000-7ff5f625a000 r-xp 00000000 08:0a 3016371                    /usr/lib/x86_64-linux-gnu/libtiff.so.5.2.0
7ff5f625a000-7ff5f645a000 ---p 0006e000 08:0a 3016371                    /usr/lib/x86_64-linux-gnu/libtiff.so.5.2.0
7ff5f645a000-7ff5f645b000 r--p 0006e000 08:0a 3016371                    /usr/lib/x86_64-linux-gnu/libtiff.so.5.2.0
7ff5f645b000-7ff5f645e000 rw-p 0006f000 08:0a 3016371                    /usr/lib/x86_64-linux-gnu/libtiff.so.5.2.0
7ff5f645e000-7ff5f64a1000 r-xp 00000000 08:0a 3023370                    /usr/lib/x86_64-linux-gnu/libjpeg.so.8.0.2
7ff5f64a1000-7ff5f66a1000 ---p 00043000 08:0a 3023370                    /usr/lib/x86_64-linux-gnu/libjpeg.so.8.0.2
7ff5f66a1000-7ff5f66a2000 r--p 00043000 08:0a 3023370                    /usr/lib/x86_64-linux-gnu/libjpeg.so.8.0.2
7ff5f66a2000-7ff5f66a3000 rw-p 00044000 08:0a 3023370                    /usr/lib/x86_64-linux-gnu/libjpeg.so.8.0.2
7ff5f66a3000-7ff5f66b3000 rw-p 00000000 00:00 0 
7ff5f66b3000-7ff5f66d8000 r-xp 00000000 08:0a 1839100                    /lib/x86_64-linux-gnu/libpng12.so.0.50.0
7ff5f66d8000-7ff5f68d7000 ---p 00025000 08:0a 1839100                    /lib/x86_64-linux-gnu/libpng12.so.0.50.0
7ff5f68d7000-7ff5f68d8000 r--p 00024000 08:0a 1839100                    /lib/x86_64-linux-gnu/libpng12.so.0.50.0
7ff5f68d8000-7ff5f68d9000 rw-p 00025000 08:0a 1839100                    /lib/x86_64-linux-gnu/libpng12.so.0.50.0
7ff5f68d9000-7ff5f68f1000 r-xp 00000000 08:0a 1839148                    /lib/x86_64-linux-gnu/libz.so.1.2.8
7ff5f68f1000-7ff5f6af0000 ---p 00018000 08:0a 1839148                    /lib/x86_64-linux-gnu/libz.so.1.2.8
7ff5f6af0000-7ff5f6af1000 r--p 00017000 08:0a 1839148                    /lib/x86_64-linux-gnu/libz.so.1.2.8
7ff5f6af1000-7ff5f6af2000 rw-p 00018000 08:0a 1839148                    /lib/x86_64-linux-gnu/libz.so.1.2.8
7ff5f6af2000-7ff5f6b08000 r-xp 00000000 08:0a 1835102                    /lib/x86_64-linux-gnu/libgcc_s.so.1
7ff5f6b08000-7ff5f6d07000 ---p 00016000 08:0a 1835102                    /lib/x86_64-linux-gnu/libgcc_s.so.1
7ff5f6d07000-7ff5f6d08000 rw-p 00015000 08:0a 1835102                    /lib/x86_64-linux-gnu/libgcc_s.so.1
7ff5f6d08000-7ff5f6dee000 r-xp 00000000 08:0a 3023676                    /usr/lib/x86_64-linux-gnu/libstdc++.so.6.0.19
7ff5f6dee000-7ff5f6fed000 ---p 000e6000 08:0a 3023676                    /usr/lib/x86_64-linux-gnu/libstdc++.so.6.0.19
7ff5f6fed000-7ff5f6ff5000 r--p 000e5000 08:0a 3023676                    /usr/lib/x86_64-linux-gnu/libstdc++.so.6.0.19
7ff5f6ff5000-7ff5f6ff7000 rw-p 000ed000 08:0a 3023676                    /usr/lib/x86_64-linux-gnu/libstdc++.so.6.0.19
7ff5f6ff7000-7ff5f700c000 rw-p 00000000 00:00 0 
7ff5f700c000-7ff5f7218000 r-xp 00000000 08:0a 3409422                    /usr/local/lib/liblept.so.4.0.1
7ff5f7218000-7ff5f7418000 ---p 0020c000 08:0a 3409422                    /usr/local/lib/liblept.so.4.0.1
7ff5f7418000-7ff5f7419000 r--p 0020c000 08:0a 3409422                    /usr/local/lib/liblept.so.4.0.1
7ff5f7419000-7ff5f7422000 rw-p 0020d000 08:0a 3409422                    /usr/local/lib/liblept.so.4.0.1
7ff5f7422000-7ff5f76f4000 r-xp 00000000 08:0a 3104093                    /usr/lib/libtesseract.so.3.0.3
7ff5f76f4000-7ff5f78f3000 ---p 002d2000 08:0a 3104093                    /usr/lib/libtesseract.so.3.0.3
7ff5f78f3000-7ff5f78f8000 r--p 002d1000 08:0a 3104093                    /usr/lib/libtesseract.so.3.0.3
7ff5f78f8000-7ff5f78f9000 rw-p 002d6000 08:0a 3104093                    /usr/lib/libtesseract.so.3.0.3
7ff5f78f9000-7ff5f7b90000 rw-p 00000000 00:00 0 
7ff5f7b90000-7ff5f7ba7000 r-xp 00000000 08:0a 5511693                    /tmp/jna-666594154/jna1357293901277729341.tmp (deleted)
7ff5f7ba7000-7ff5f7ca6000 ---p 00017000 08:0a 5511693                    /tmp/jna-666594154/jna1357293901277729341.tmp (deleted)
7ff5f7ca6000-7ff5f7ca8000 rw-p 00016000 08:0a 5511693                    /tmp/jna-666594154/jna1357293901277729341.tmp (deleted)
7ff5f7ca8000-7ff5f7cfd000 r-xp 00000000 08:0a 3166085                    /usr/lib/jvm/java-7-oracle/jre/lib/amd64/libkcms.so
7ff5f7cfd000-7ff5f7efd000 ---p 00055000 08:0a 3166085                    /usr/lib/jvm/java-7-oracle/jre/lib/amd64/libkcms.so
7ff5f7efd000-7ff5f7eff000 rw-p 00055000 08:0a 3166085                    /usr/lib/jvm/java-7-oracle/jre/lib/amd64/libkcms.so
7ff5f7eff000-7ff5f7f02000 ---p 00000000 00:00 0 
7ff5f7f02000-7ff5f8000000 rw-p 00000000 00:00 0                          [stack:1218]
7ff5f8000000-7ff5f8021000 rw-p 00000000 00:00 0 
7ff5f8021000-7ff5fc000000 ---p 00000000 00:00 0 
7ff5fc010000-7ff600000000 rw-p 00000000 00:00 0 
7ff600000000-7ff600021000 rw-p 00000000 00:00 0 
7ff600021000-7ff604000000 ---p 00000000 00:00 0 
7ff604044000-7ff604049000 r--s 0008a000 08:0a 3166163                    /usr/lib/jvm/java-7-oracle/jre/lib/jsse.jar
7ff604049000-7ff604053000 r--s 00251000 08:0a 3166172                    /usr/lib/jvm/java-7-oracle/jre/lib/resources.jar
7ff604053000-7ff60408d000 r-xp 00000000 08:0a 3166097                    /usr/lib/jvm/java-7-oracle/jre/lib/amd64/libjpeg.so
7ff60408d000-7ff60428d000 ---p 0003a000 08:0a 3166097                    /usr/lib/jvm/java-7-oracle/jre/lib/amd64/libjpeg.so
7ff60428d000-7ff60428e000 rw-p 0003a000 08:0a 3166097                    /usr/lib/jvm/java-7-oracle/jre/lib/amd64/libjpeg.so
7ff60428e000-7ff604295000 r--s 00000000 08:0a 3279298                    /usr/lib/x86_64-linux-gnu/gconv/gconv-modules.cache
7ff604295000-7ff60429a000 r-xp 00000000 08:0a 3022781                    /usr/lib/x86_64-linux-gnu/libXdmcp.so.6.0.0
7ff60429a000-7ff604499000 ---p 00005000 08:0a 3022781                    /usr/lib/x86_64-linux-gnu/libXdmcp.so.6.0.0
7ff604499000-7ff60449a000 r--p 00004000 08:0a 3022781                    /usr/lib/x86_64-linux-gnu/libXdmcp.so.6.0.0
7ff60449a000-7ff60449b000 rw-p 00005000 08:0a 3022781                    /usr/lib/x86_64-linux-gnu/libXdmcp.so.6.0.0
7ff60449b000-7ff60449d000 r-xp 00000000 08:0a 3022770                    /usr/lib/x86_64-linux-gnu/libXau.so.6.0.0
7ff60449d000-7ff60469d000 ---p 00002000 08:0a 3022770                    /usr/lib/x86_64-linux-gnu/libXau.so.6.0.0
7ff60469d000-7ff60469e000 r--p 00002000 08:0a 3022770                    /usr/lib/x86_64-linux-gnu/libXau.so.6.0.0
7ff60469e000-7ff60469f000 rw-p 00003000 08:0a 3022770                    /usr/lib/x86_64-linux-gnu/libXau.so.6.0.0
7ff60469f000-7ff6046bc000 r-xp 00000000 08:0a 3023838                    /usr/lib/x86_64-linux-gnu/libxcb.so.1.1.0
7ff6046bc000-7ff6048bc000 ---p 0001d000 08:0a 3023838                    /usr/lib/x86_64-linux-gnu/libxcb.so.1.1.0
7ff6048bc000-7ff6048bd000 r--p 0001d000 08:0a 3023838                    /usr/lib/x86_64-linux-gnu/libxcb.so.1.1.0
7ff6048bd000-7ff6048be000 rw-p 0001e000 08:0a 3023838                    /usr/lib/x86_64-linux-gnu/libxcb.so.1.1.0
7ff6048be000-7ff6048cd000 r-xp 00000000 08:0a 3022791                    /usr/lib/x86_64-linux-gnu/libXi.so.6.1.0
7ff6048cd000-7ff604acc000 ---p 0000f000 08:0a 3022791                    /usr/lib/x86_64-linux-gnu/libXi.so.6.1.0
7ff604acc000-7ff604acd000 r--p 0000e000 08:0a 3022791                    /usr/lib/x86_64-linux-gnu/libXi.so.6.1.0
7ff604acd000-7ff604ace000 rw-p 0000f000 08:0a 3022791                    /usr/lib/x86_64-linux-gnu/libXi.so.6.1.0
7ff604ace000-7ff604ad3000 r-xp 00000000 08:0a 3022811                    /usr/lib/x86_64-linux-gnu/libXtst.so.6.1.0
7ff604ad3000-7ff604cd2000 ---p 00005000 08:0a 3022811                    /usr/lib/x86_64-linux-gnu/libXtst.so.6.1.0
7ff604cd2000-7ff604cd3000 r--p 00004000 08:0a 3022811                    /usr/lib/x86_64-linux-gnu/libXtst.so.6.1.0
7ff604cd3000-7ff604cd4000 rw-p 00005000 08:0a 3022811                    /usr/lib/x86_64-linux-gnu/libXtst.so.6.1.0
7ff604cd4000-7ff604cdd000 r-xp 00000000 08:0a 3022805                    /usr/lib/x86_64-linux-gnu/libXrender.so.1.3.0
7ff604cdd000-7ff604edc000 ---p 00009000 08:0a 3022805                    /usr/lib/x86_64-linux-gnu/libXrender.so.1.3.0
7ff604edc000-7ff604edd000 r--p 00008000 08:0a 3022805                    /usr/lib/x86_64-linux-gnu/libXrender.so.1.3.0
7ff604edd000-7ff604ede000 rw-p 00009000 08:0a 3022805                    /usr/lib/x86_64-linux-gnu/libXrender.so.1.3.0
7ff604ede000-7ff60500e000 r-xp 00000000 08:0a 3022766                    /usr/lib/x86_64-linux-gnu/libX11.so.6.3.0
7ff60500e000-7ff60520e000 ---p 00130000 08:0a 3022766                    /usr/lib/x86_64-linux-gnu/libX11.so.6.3.0
7ff60520e000-7ff60520f000 r--p 00130000 08:0a 3022766                    /usr/lib/x86_64-linux-gnu/libX11.so.6.3.0
7ff60520f000-7ff605213000 rw-p 00131000 08:0a 3022766                    /usr/lib/x86_64-linux-gnu/libX11.so.6.3.0
7ff605213000-7ff605224000 r-xp 00000000 08:0a 3022783                    /usr/lib/x86_64-linux-gnu/libXext.so.6.4.0
7ff605224000-7ff605423000 ---p 00011000 08:0a 3022783                    /usr/lib/x86_64-linux-gnu/libXext.so.6.4.0
7ff605423000-7ff605424000 r--p 00010000 08:0a 3022783                    /usr/lib/x86_64-linux-gnu/libXext.so.6.4.0
7ff605424000-7ff605425000 rw-p 00011000 08:0a 3022783                    /usr/lib/x86_64-linux-gnu/libXext.so.6.4.0
7ff605426000-7ff605448000 r--p 00000000 08:0a 3416176                    /usr/share/locale-langpack/pt_BR/LC_MESSAGES/libc.mo
7ff605448000-7ff605498000 r-xp 00000000 08:0a 3166105                    /usr/lib/jvm/java-7-oracle/jre/lib/amd64/xawt/libmawt.so
7ff605498000-7ff605698000 ---p 00050000 08:0a 3166105                    /usr/lib/jvm/java-7-oracle/jre/lib/amd64/xawt/libmawt.so
7ff605698000-7ff60569c000 rw-p 00050000 08:0a 3166105                    /usr/lib/jvm/java-7-oracle/jre/lib/amd64/xawt/libmawt.so
7ff60569c000-7ff60569d000 rw-p 00000000 00:00 0 
7ff60569d000-7ff60573f000 r-xp 00000000 08:0a 3166072                    /usr/lib/jvm/java-7-oracle/jre/lib/amd64/libawt.so
7ff60573f000-7ff60593f000 ---p 000a2000 08:0a 3166072                    /usr/lib/jvm/java-7-oracle/jre/lib/amd64/libawt.so
7ff60593f000-7ff60594b000 rw-p 000a2000 08:0a 3166072                    /usr/lib/jvm/java-7-oracle/jre/lib/amd64/libawt.so
7ff60594b000-7ff60596f000 rw-p 00000000 00:00 0 
7ff60596f000-7ff60597a000 r--s 0037c000 08:0a 3166107                    /usr/lib/jvm/java-7-oracle/jre/lib/charsets.jar
7ff60597a000-7ff605986000 r--s 00108000 08:0a 2761201                    /home/jefferson/.m2/repository/com/lowagie/itext/2.1.7/itext-2.1.7.jar
7ff605986000-7ff605990000 r--s 00081000 08:0a 2761199                    /home/jefferson/.m2/repository/org/apache/xmlgraphics/xmlgraphics-commons/1.4/xmlgraphics-commons-1.4.jar
7ff605990000-7ff605997000 r--s 00059000 08:0a 2889549                    /home/jefferson/.m2/repository/log4j/log4j/1.2.15/log4j-1.2.15.jar
7ff605997000-7ff6059e0000 r--s 01c8e000 08:0a 2761198                    /home/jefferson/.m2/repository/net/sourceforge/tess4j/tess4j/1.3.0/tess4j-1.3.0.jar
7ff6059e0000-7ff6059e1000 ---p 00000000 00:00 0 
7ff6059e1000-7ff605ae1000 rw-p 00000000 00:00 0                          [stack:1217]
7ff605ae1000-7ff605ae4000 ---p 00000000 00:00 0 
7ff605ae4000-7ff605be2000 rw-p 00000000 00:00 0                          [stack:1216]
7ff605be2000-7ff605be5000 ---p 00000000 00:00 0 
7ff605be5000-7ff605ce3000 rw-p 00000000 00:00 0                          [stack:1214]
7ff605ce3000-7ff605ce6000 ---p 00000000 00:00 0 
7ff605ce6000-7ff605de4000 rw-p 00000000 00:00 0                          [stack:1213]
7ff605de4000-7ff605de7000 ---p 00000000 00:00 0 
7ff605de7000-7ff605ee5000 rw-p 00000000 00:00 0                          [stack:1212]
7ff605ee5000-7ff6065c9000 r--p 00000000 08:0a 3021751                    /usr/lib/locale/locale-archive
7ff6065c9000-7ff6065cc000 ---p 00000000 00:00 0 
7ff6065cc000-7ff6066ca000 rw-p 00000000 00:00 0                          [stack:1211]
7ff6066ca000-7ff6066cd000 ---p 00000000 00:00 0 
7ff6066cd000-7ff6067cb000 rw-p 00000000 00:00 0                          [stack:1210]
7ff6067cb000-7ff6067cc000 ---p 00000000 00:00 0 
7ff6067cc000-7ff6078aa000 rw-p 00000000 00:00 0                          [stack:1209]
7ff6078aa000-7ff607a6a000 r--s 039ea000 08:0a 3166227                    /usr/lib/jvm/java-7-oracle/jre/lib/rt.jar
7ff607a6a000-7ff607f3a000 rw-p 00000000 00:00 0 
7ff607f3a000-7ff607f3b000 ---p 00000000 00:00 0 
7ff607f3b000-7ff60803b000 rw-p 00000000 00:00 0                          [stack:1208]
7ff60803b000-7ff60803c000 ---p 00000000 00:00 0 
7ff60803c000-7ff60813c000 rw-p 00000000 00:00 0                          [stack:1207]
7ff60813c000-7ff60813d000 ---p 00000000 00:00 0 
7ff60813d000-7ff60823d000 rw-p 00000000 00:00 0                          [stack:1206]
7ff60823d000-7ff60823e000 ---p 00000000 00:00 0 
7ff60823e000-7ff608367000 rw-p 00000000 00:00 0                          [stack:1205]
7ff608367000-7ff6085cd000 rw-p 00000000 00:00 0 
7ff6085cd000-7ff6085d8000 rw-p 00000000 00:00 0 
7ff6085d8000-7ff6085f6000 rw-p 00000000 00:00 0 
7ff6085f6000-7ff60861f000 rw-p 00000000 00:00 0 
7ff60861f000-7ff608884000 rw-p 00000000 00:00 0 
7ff608884000-7ff608899000 rw-p 00000000 00:00 0 
7ff608899000-7ff6089cc000 rw-p 00000000 00:00 0 
7ff6089cc000-7ff6089cd000 rw-p 00000000 00:00 0 
7ff6089cd000-7ff608c3d000 rwxp 00000000 00:00 0 
7ff608c3d000-7ff60b9cd000 rw-p 00000000 00:00 0 
7ff60b9cd000-7ff60b9e7000 r-xp 00000000 08:0a 3166066                    /usr/lib/jvm/java-7-oracle/jre/lib/amd64/libzip.so
7ff60b9e7000-7ff60bbe7000 ---p 0001a000 08:0a 3166066                    /usr/lib/jvm/java-7-oracle/jre/lib/amd64/libzip.so
7ff60bbe7000-7ff60bbe8000 rw-p 0001a000 08:0a 3166066                    /usr/lib/jvm/java-7-oracle/jre/lib/amd64/libzip.so
7ff60bbe8000-7ff60bbf3000 r-xp 00000000 08:0a 1835493                    /lib/x86_64-linux-gnu/libnss_files-2.19.so
7ff60bbf3000-7ff60bdf2000 ---p 0000b000 08:0a 1835493                    /lib/x86_64-linux-gnu/libnss_files-2.19.so
7ff60bdf2000-7ff60bdf3000 r--p 0000a000 08:0a 1835493                    /lib/x86_64-linux-gnu/libnss_files-2.19.so
7ff60bdf3000-7ff60bdf4000 rw-p 0000b000 08:0a 1835493                    /lib/x86_64-linux-gnu/libnss_files-2.19.so
7ff60bdf4000-7ff60bdff000 r-xp 00000000 08:0a 1835511                    /lib/x86_64-linux-gnu/libnss_nis-2.19.so
7ff60bdff000-7ff60bffe000 ---p 0000b000 08:0a 1835511                    /lib/x86_64-linux-gnu/libnss_nis-2.19.so
7ff60bffe000-7ff60bfff000 r--p 0000a000 08:0a 1835511                    /lib/x86_64-linux-gnu/libnss_nis-2.19.so
7ff60bfff000-7ff60c000000 rw-p 0000b000 08:0a 1835511                    /lib/x86_64-linux-gnu/libnss_nis-2.19.so
7ff60c000000-7ff60c821000 rw-p 00000000 00:00 0 
7ff60c821000-7ff610000000 ---p 00000000 00:00 0 
7ff610000000-7ff61000f000 r--s 000ed000 08:0a 2761209                    /home/jefferson/.m2/repository/net/java/dev/jai-imageio/jai-imageio-core-standalone/1.2-pre-dr-b04-2011-07-04/jai-imageio-core-standalone-1.2-pre-dr-b04-2011-07-04.jar
7ff61000f000-7ff61008b000 rw-p 00000000 00:00 0 
7ff61008b000-7ff6100a9000 rw-p 00000000 00:00 0 
7ff6100a9000-7ff6100c0000 r-xp 00000000 08:0a 1835478                    /lib/x86_64-linux-gnu/libnsl-2.19.so
7ff6100c0000-7ff6102bf000 ---p 00017000 08:0a 1835478                    /lib/x86_64-linux-gnu/libnsl-2.19.so
7ff6102bf000-7ff6102c0000 r--p 00016000 08:0a 1835478                    /lib/x86_64-linux-gnu/libnsl-2.19.so
7ff6102c0000-7ff6102c1000 rw-p 00017000 08:0a 1835478                    /lib/x86_64-linux-gnu/libnsl-2.19.so
7ff6102c1000-7ff6102c3000 rw-p 00000000 00:00 0 
7ff6102c3000-7ff6102cc000 r-xp 00000000 08:0a 1835501                    /lib/x86_64-linux-gnu/libnss_compat-2.19.so
7ff6102cc000-7ff6104cb000 ---p 00009000 08:0a 1835501                    /lib/x86_64-linux-gnu/libnss_compat-2.19.so
7ff6104cb000-7ff6104cc000 r--p 00008000 08:0a 1835501                    /lib/x86_64-linux-gnu/libnss_compat-2.19.so
7ff6104cc000-7ff6104cd000 rw-p 00009000 08:0a 1835501                    /lib/x86_64-linux-gnu/libnss_compat-2.19.so
7ff6104cd000-7ff6104f6000 r-xp 00000000 08:0a 3166047                    /usr/lib/jvm/java-7-oracle/jre/lib/amd64/libjava.so
7ff6104f6000-7ff6106f6000 ---p 00029000 08:0a 3166047                    /usr/lib/jvm/java-7-oracle/jre/lib/amd64/libjava.so
7ff6106f6000-7ff6106f8000 rw-p 00029000 08:0a 3166047                    /usr/lib/jvm/java-7-oracle/jre/lib/amd64/libjava.so
7ff6106f8000-7ff610705000 r-xp 00000000 08:0a 3166080                    /usr/lib/jvm/java-7-oracle/jre/lib/amd64/libverify.so
7ff610705000-7ff610904000 ---p 0000d000 08:0a 3166080                    /usr/lib/jvm/java-7-oracle/jre/lib/amd64/libverify.so
7ff610904000-7ff610906000 rw-p 0000c000 08:0a 3166080                    /usr/lib/jvm/java-7-oracle/jre/lib/amd64/libverify.so
7ff610906000-7ff61090d000 r-xp 00000000 08:0a 1835518                    /lib/x86_64-linux-gnu/librt-2.19.so
7ff61090d000-7ff610b0c000 ---p 00007000 08:0a 1835518                    /lib/x86_64-linux-gnu/librt-2.19.so
7ff610b0c000-7ff610b0d000 r--p 00006000 08:0a 1835518                    /lib/x86_64-linux-gnu/librt-2.19.so
7ff610b0d000-7ff610b0e000 rw-p 00007000 08:0a 1835518                    /lib/x86_64-linux-gnu/librt-2.19.so
7ff610b0e000-7ff610c13000 r-xp 00000000 08:0a 1835470                    /lib/x86_64-linux-gnu/libm-2.19.so
7ff610c13000-7ff610e12000 ---p 00105000 08:0a 1835470                    /lib/x86_64-linux-gnu/libm-2.19.so
7ff610e12000-7ff610e13000 r--p 00104000 08:0a 1835470                    /lib/x86_64-linux-gnu/libm-2.19.so
7ff610e13000-7ff610e14000 rw-p 00105000 08:0a 1835470                    /lib/x86_64-linux-gnu/libm-2.19.so
7ff610e14000-7ff611987000 r-xp 00000000 08:0a 3166078                    /usr/lib/jvm/java-7-oracle/jre/lib/amd64/server/libjvm.so
7ff611987000-7ff611b86000 ---p 00b73000 08:0a 3166078                    /usr/lib/jvm/java-7-oracle/jre/lib/amd64/server/libjvm.so
7ff611b86000-7ff611c4a000 rw-p 00b72000 08:0a 3166078                    /usr/lib/jvm/java-7-oracle/jre/lib/amd64/server/libjvm.so
7ff611c4a000-7ff611c8b000 rw-p 00000000 00:00 0 
7ff611c8b000-7ff611e46000 r-xp 00000000 08:0a 1835514                    /lib/x86_64-linux-gnu/libc-2.19.so
7ff611e46000-7ff612046000 ---p 001bb000 08:0a 1835514                    /lib/x86_64-linux-gnu/libc-2.19.so
7ff612046000-7ff61204a000 r--p 001bb000 08:0a 1835514                    /lib/x86_64-linux-gnu/libc-2.19.so
7ff61204a000-7ff61204c000 rw-p 001bf000 08:0a 1835514                    /lib/x86_64-linux-gnu/libc-2.19.so
7ff61204c000-7ff612051000 rw-p 00000000 00:00 0 
7ff612051000-7ff612054000 r-xp 00000000 08:0a 1835495                    /lib/x86_64-linux-gnu/libdl-2.19.so
7ff612054000-7ff612253000 ---p 00003000 08:0a 1835495                    /lib/x86_64-linux-gnu/libdl-2.19.so
7ff612253000-7ff612254000 r--p 00002000 08:0a 1835495                    /lib/x86_64-linux-gnu/libdl-2.19.so
7ff612254000-7ff612255000 rw-p 00003000 08:0a 1835495                    /lib/x86_64-linux-gnu/libdl-2.19.so
7ff612255000-7ff61226b000 r-xp 00000000 08:0a 3166356                    /usr/lib/jvm/java-7-oracle/lib/amd64/jli/libjli.so
7ff61226b000-7ff61246b000 ---p 00016000 08:0a 3166356                    /usr/lib/jvm/java-7-oracle/lib/amd64/jli/libjli.so
7ff61246b000-7ff61246c000 rw-p 00016000 08:0a 3166356                    /usr/lib/jvm/java-7-oracle/lib/amd64/jli/libjli.so
7ff61246c000-7ff612485000 r-xp 00000000 08:0a 1835490                    /lib/x86_64-linux-gnu/libpthread-2.19.so
7ff612485000-7ff612684000 ---p 00019000 08:0a 1835490                    /lib/x86_64-linux-gnu/libpthread-2.19.so
7ff612684000-7ff612685000 r--p 00018000 08:0a 1835490                    /lib/x86_64-linux-gnu/libpthread-2.19.so
7ff612685000-7ff612686000 rw-p 00019000 08:0a 1835490                    /lib/x86_64-linux-gnu/libpthread-2.19.so
7ff612686000-7ff61268a000 rw-p 00000000 00:00 0 
7ff61268a000-7ff6126ad000 r-xp 00000000 08:0a 1835503                    /lib/x86_64-linux-gnu/ld-2.19.so
7ff6126ae000-7ff6126b1000 r--s 00012000 08:0a 2892411                    /home/jefferson/.m2/repository/commons-io/commons-io/1.3.1/commons-io-1.3.1.jar
7ff6126b1000-7ff6126b3000 r--s 0000d000 08:0a 2886380                    /home/jefferson/.m2/repository/commons-logging/commons-logging/1.1.1/commons-logging-1.1.1.jar
7ff6126b3000-7ff6126c2000 r--s 00115000 08:0a 4329769                    /home/jefferson/.m2/repository/net/java/dev/jna/platform/3.5.2/platform-3.5.2.jar
7ff6126c2000-7ff6126cc000 rw-p 00000000 00:00 0 
7ff6126cc000-7ff612782000 rw-p 00000000 00:00 0 
7ff612782000-7ff612785000 ---p 00000000 00:00 0 
7ff612785000-7ff612887000 rw-p 00000000 00:00 0                          [stack:1204]
7ff612887000-7ff61288c000 r--s 00034000 08:0a 2892409                    /home/jefferson/.m2/repository/commons-beanutils/commons-beanutils/1.8.3/commons-beanutils-1.8.3.jar
7ff61288c000-7ff612890000 r--s 00028000 08:0a 2761207                    /home/jefferson/.m2/repository/org/ghost4j/ghost4j/0.5.1/ghost4j-0.5.1.jar
7ff612890000-7ff612893000 r--s 000c0000 08:0a 2761197                    /home/jefferson/.m2/repository/com/sun/jna/jna/3.0.9/jna-3.0.9.jar
7ff612893000-7ff612897000 r--s 000dc000 08:0a 4329767                    /home/jefferson/.m2/repository/net/java/dev/jna/jna/4.1.0/jna-4.1.0.jar
7ff612897000-7ff612899000 r--s 00009000 08:0a 2892406                    /home/jefferson/.m2/repository/org/hamcrest/hamcrest-core/1.2.1/hamcrest-core-1.2.1.jar
7ff612899000-7ff61289b000 r--s 0000b000 08:0a 2892366                    /home/jefferson/.m2/repository/org/hamcrest/hamcrest-library/1.2.1/hamcrest-library-1.2.1.jar
7ff61289b000-7ff61289c000 r--s 00001000 08:0a 2892405                    /home/jefferson/.m2/repository/org/hamcrest/hamcrest-integration/1.2.1/hamcrest-integration-1.2.1.jar
7ff61289c000-7ff6128a0000 r--s 000f7000 08:0a 3166119                    /usr/lib/jvm/java-7-oracle/jre/lib/ext/localedata.jar
7ff6128a0000-7ff6128a8000 rw-s 00000000 08:0a 5511692                    /tmp/hsperfdata_jefferson/1200
7ff6128a8000-7ff6128a9000 rw-p 00000000 00:00 0 
7ff6128a9000-7ff6128aa000 r--p 00000000 00:00 0 
7ff6128aa000-7ff6128ac000 rw-p 00000000 00:00 0 
7ff6128ac000-7ff6128ad000 r--p 00022000 08:0a 1835503                    /lib/x86_64-linux-gnu/ld-2.19.so
7ff6128ad000-7ff6128ae000 rw-p 00023000 08:0a 1835503                    /lib/x86_64-linux-gnu/ld-2.19.so
7ff6128ae000-7ff6128af000 rw-p 00000000 00:00 0 
7fff007b5000-7fff007d6000 rw-p 00000000 00:00 0                          [stack]
7fff007fe000-7fff00800000 r-xp 00000000 00:00 0                          [vdso]
ffffffffff600000-ffffffffff601000 r-xp 00000000 00:00 0                  [vsyscall]

VM Arguments:
java_command: br.com.teste.tesseract.main.TesseractMain
Launcher Type: SUN_STANDARD

Environment Variables:
JAVA_HOME=/usr/lib/jvm/java-7-oracle
PATH=/usr/games:/usr/local/sbin:/usr/local/bin:/usr/sbin:/usr/bin:/sbin:/bin:/usr/games:/usr/local/games:/opt/apache-maven-3.2.1/bin
LD_LIBRARY_PATH=/usr/lib/jvm/java-7-oracle/jre/lib/amd64:/usr/lib/jvm/java-7-oracle/jre/lib/i386:
SHELL=/bin/bash
DISPLAY=:0

Signal Handlers:
SIGSEGV: [libjvm.so+0x9a1a10], sa_mask[0]=0x7ffbfeff, sa_flags=0x10000004
SIGBUS: [libjvm.so+0x9a1a10], sa_mask[0]=0x7ffbfeff, sa_flags=0x10000004
SIGFPE: [libjvm.so+0x81bae0], sa_mask[0]=0x7ffbfeff, sa_flags=0x10000004
SIGPIPE: [libjvm.so+0x81bae0], sa_mask[0]=0x7ffbfeff, sa_flags=0x10000004
SIGXFSZ: [libjvm.so+0x81bae0], sa_mask[0]=0x7ffbfeff, sa_flags=0x10000004
SIGILL: [libjvm.so+0x81bae0], sa_mask[0]=0x7ffbfeff, sa_flags=0x10000004
SIGUSR1: SIG_DFL, sa_mask[0]=0x00000000, sa_flags=0x00000000
SIGUSR2: [libjvm.so+0x81d2e0], sa_mask[0]=0x00000004, sa_flags=0x10000004
SIGHUP: [libjvm.so+0x81e400], sa_mask[0]=0x7ffbfeff, sa_flags=0x10000004
SIGINT: SIG_IGN, sa_mask[0]=0x00000000, sa_flags=0x00000000
SIGTERM: [libjvm.so+0x81e400], sa_mask[0]=0x7ffbfeff, sa_flags=0x10000004
SIGQUIT: [libjvm.so+0x81e400], sa_mask[0]=0x7ffbfeff, sa_flags=0x10000004


---------------  S Y S T E M  ---------------

OS:jessie/sid

uname:Linux 3.13.0-43-generic #72-Ubuntu SMP Mon Dec 8 19:35:06 UTC 2014 x86_64
libc:glibc 2.19 NPTL 2.19 
rlimit: STACK 8192k, CORE 0k, NPROC 62566, NOFILE 4096, AS infinity
load average:1,55 0,73 0,68

/proc/meminfo:
MemTotal:        8039052 kB
MemFree:         1025220 kB
Buffers:          181292 kB
Cached:          2029820 kB
SwapCached:            0 kB
Active:          3026276 kB
Inactive:        1443964 kB
Active(anon):    2282400 kB
Inactive(anon):   378932 kB
Active(file):     743876 kB
Inactive(file):  1065032 kB
Unevictable:     2200880 kB
Mlocked:         2200880 kB
SwapTotal:       7812092 kB
SwapFree:        7812092 kB
Dirty:               764 kB
Writeback:             0 kB
AnonPages:       4459748 kB
Mapped:           414792 kB
Shmem:            382128 kB
Slab:             194088 kB
SReclaimable:     153696 kB
SUnreclaim:        40392 kB
KernelStack:        7440 kB
PageTables:        50372 kB
NFS_Unstable:          0 kB
Bounce:                0 kB
WritebackTmp:          0 kB
CommitLimit:    11831616 kB
Committed_AS:   10833500 kB
VmallocTotal:   34359738367 kB
VmallocUsed:      357460 kB
VmallocChunk:   34359346812 kB
HardwareCorrupted:     0 kB
AnonHugePages:   3399680 kB
HugePages_Total:       0
HugePages_Free:        0
HugePages_Rsvd:        0
HugePages_Surp:        0
Hugepagesize:       2048 kB
DirectMap4k:      112104 kB
DirectMap2M:     8138752 kB


CPU:total 4 (2 cores per cpu, 2 threads per core) family 6 model 58 stepping 9, cmov, cx8, fxsr, mmx, sse, sse2, sse3, ssse3, sse4.1, sse4.2, popcnt, avx, aes, erms, ht, tsc, tscinvbit, tscinv

/proc/cpuinfo:
processor	: 0
vendor_id	: GenuineIntel
cpu family	: 6
model		: 58
model name	: Intel(R) Core(TM) i5-3210M CPU @ 2.50GHz
stepping	: 9
microcode	: 0x15
cpu MHz		: 2501.000
cache size	: 3072 KB
physical id	: 0
siblings	: 4
core id		: 0
cpu cores	: 2
apicid		: 0
initial apicid	: 0
fpu		: yes
fpu_exception	: yes
cpuid level	: 13
wp		: yes
flags		: fpu vme de pse tsc msr pae mce cx8 apic sep mtrr pge mca cmov pat pse36 clflush dts acpi mmx fxsr sse sse2 ss ht tm pbe syscall nx rdtscp lm constant_tsc arch_perfmon pebs bts rep_good nopl xtopology nonstop_tsc aperfmperf eagerfpu pni pclmulqdq dtes64 monitor ds_cpl vmx est tm2 ssse3 cx16 xtpr pdcm pcid sse4_1 sse4_2 x2apic popcnt tsc_deadline_timer aes xsave avx f16c rdrand lahf_lm ida arat epb xsaveopt pln pts dtherm tpr_shadow vnmi flexpriority ept vpid fsgsbase smep erms
bogomips	: 4988.70
clflush size	: 64
cache_alignment	: 64
address sizes	: 36 bits physical, 48 bits virtual
power management:

processor	: 1
vendor_id	: GenuineIntel
cpu family	: 6
model		: 58
model name	: Intel(R) Core(TM) i5-3210M CPU @ 2.50GHz
stepping	: 9
microcode	: 0x15
cpu MHz		: 2501.000
cache size	: 3072 KB
physical id	: 0
siblings	: 4
core id		: 1
cpu cores	: 2
apicid		: 2
initial apicid	: 2
fpu		: yes
fpu_exception	: yes
cpuid level	: 13
wp		: yes
flags		: fpu vme de pse tsc msr pae mce cx8 apic sep mtrr pge mca cmov pat pse36 clflush dts acpi mmx fxsr sse sse2 ss ht tm pbe syscall nx rdtscp lm constant_tsc arch_perfmon pebs bts rep_good nopl xtopology nonstop_tsc aperfmperf eagerfpu pni pclmulqdq dtes64 monitor ds_cpl vmx est tm2 ssse3 cx16 xtpr pdcm pcid sse4_1 sse4_2 x2apic popcnt tsc_deadline_timer aes xsave avx f16c rdrand lahf_lm ida arat epb xsaveopt pln pts dtherm tpr_shadow vnmi flexpriority ept vpid fsgsbase smep erms
bogomips	: 4988.70
clflush size	: 64
cache_alignment	: 64
address sizes	: 36 bits physical, 48 bits virtual
power management:

processor	: 2
vendor_id	: GenuineIntel
cpu family	: 6
model		: 58
model name	: Intel(R) Core(TM) i5-3210M CPU @ 2.50GHz
stepping	: 9
microcode	: 0x15
cpu MHz		: 1200.000
cache size	: 3072 KB
physical id	: 0
siblings	: 4
core id		: 0
cpu cores	: 2
apicid		: 1
initial apicid	: 1
fpu		: yes
fpu_exception	: yes
cpuid level	: 13
wp		: yes
flags		: fpu vme de pse tsc msr pae mce cx8 apic sep mtrr pge mca cmov pat pse36 clflush dts acpi mmx fxsr sse sse2 ss ht tm pbe syscall nx rdtscp lm constant_tsc arch_perfmon pebs bts rep_good nopl xtopology nonstop_tsc aperfmperf eagerfpu pni pclmulqdq dtes64 monitor ds_cpl vmx est tm2 ssse3 cx16 xtpr pdcm pcid sse4_1 sse4_2 x2apic popcnt tsc_deadline_timer aes xsave avx f16c rdrand lahf_lm ida arat epb xsaveopt pln pts dtherm tpr_shadow vnmi flexpriority ept vpid fsgsbase smep erms
bogomips	: 4988.70
clflush size	: 64
cache_alignment	: 64
address sizes	: 36 bits physical, 48 bits virtual
power management:

processor	: 3
vendor_id	: GenuineIntel
cpu family	: 6
model		: 58
model name	: Intel(R) Core(TM) i5-3210M CPU @ 2.50GHz
stepping	: 9
microcode	: 0x15
cpu MHz		: 1500.000
cache size	: 3072 KB
physical id	: 0
siblings	: 4
core id		: 1
cpu cores	: 2
apicid		: 3
initial apicid	: 3
fpu		: yes
fpu_exception	: yes
cpuid level	: 13
wp		: yes
flags		: fpu vme de pse tsc msr pae mce cx8 apic sep mtrr pge mca cmov pat pse36 clflush dts acpi mmx fxsr sse sse2 ss ht tm pbe syscall nx rdtscp lm constant_tsc arch_perfmon pebs bts rep_good nopl xtopology nonstop_tsc aperfmperf eagerfpu pni pclmulqdq dtes64 monitor ds_cpl vmx est tm2 ssse3 cx16 xtpr pdcm pcid sse4_1 sse4_2 x2apic popcnt tsc_deadline_timer aes xsave avx f16c rdrand lahf_lm ida arat epb xsaveopt pln pts dtherm tpr_shadow vnmi flexpriority ept vpid fsgsbase smep erms
bogomips	: 4988.70
clflush size	: 64
cache_alignment	: 64
address sizes	: 36 bits physical, 48 bits virtual
power management:



Memory: 4k page, physical 8039052k(1025220k free), swap 7812092k(7812092k free)

vm_info: Java HotSpot(TM) 64-Bit Server VM (24.72-b04) for linux-amd64 JRE (1.7.0_72-b14), built on Sep 26 2014 18:20:41 by "java_re" with gcc 4.3.0 20080428 (Red Hat 4.3.0-8)

time: Mon Jan  5 15:56:50 2015
elapsed time: 0 seconds

