#
# A fatal error has been detected by the Java Runtime Environment:
#
#  SIGSEGV (0xb) at pc=0x00007fa043ab733a, pid=5597, tid=140327503128320
#
# JRE version: Java(TM) SE Runtime Environment (7.0_72-b14) (build 1.7.0_72-b14)
# Java VM: Java HotSpot(TM) 64-Bit Server VM (24.72-b04 mixed mode linux-amd64 compressed oops)
# Problematic frame:
# C  [libtesseract.so.3.0.3+0x22533a]  ERRCODE::error(char const*, TessErrorLogCode, char const*, ...) const+0x16a
#
# Failed to write core dump. Core dumps have been disabled. To enable core dumping, try "ulimit -c unlimited" before starting Java again
#
# If you would like to submit a bug report, please visit:
#   http://bugreport.sun.com/bugreport/crash.jsp
# The crash happened outside the Java Virtual Machine in native code.
# See problematic frame for where to report the bug.
#

---------------  T H R E A D  ---------------

Current thread (0x00007fa08400a800):  JavaThread "main" [_thread_in_native, id=5601, stack(0x00007fa08ae9e000,0x00007fa08af9f000)]

siginfo:si_signo=SIGSEGV: si_errno=0, si_code=1 (SEGV_MAPERR), si_addr=0x0000000000000000

Registers:
RAX=0x000000000000004e, RBX=0x00007fa08af9bb60, RCX=0x00007fa08a49330d, RDX=0x00007fa08a7689d0
RSP=0x00007fa08af9bb40, RBP=0x0000000000000002, RSI=0x000000000000004e, RDI=0x00007fa08af99310
R8 =0x00007fa08af9e700, R9 =0x61646120656c6966, R10=0x00007fa08a764be0, R11=0x0000000000000000
R12=0x00007fa08af9bb8d, R13=0x00007fa043ac0177, R14=0x00007fa043d6d4a0, R15=0x00007fa043ad67ff
RIP=0x00007fa043ab733a, EFLAGS=0x0000000000010246, CSGSFS=0x0000000000000033, ERR=0x0000000000000004
  TRAPNO=0x000000000000000e

Top of Stack: (sp=0x00007fa08af9bb40)
0x00007fa08af9bb40:   0000000000000000 0000003000000030
0x00007fa08af9bb50:   00007fa08af9c050 00007fa08af9bf70
0x00007fa08af9bb60:   5464657470616441 736574616c706d65
0x00007fa08af9bb70:   4c4c554e203d2120 413a726f7272453a
0x00007fa08af9bb80:   6166207472657373 206e693a64656c69
0x00007fa08af9bb90:   61646120656c6966 2e686374616d7470
0x00007fa08af9bba0:   6e696c202c707063 00000a3437312065
0x00007fa08af9bbb0:   0000000000000000 0000000000000000
0x00007fa08af9bbc0:   0000000000000000 0000000000000000
0x00007fa08af9bbd0:   0000000000000000 0000000000000000
0x00007fa08af9bbe0:   0000000000000000 0000000000000000
0x00007fa08af9bbf0:   0000000000000000 0000000000000000
0x00007fa08af9bc00:   0000000000000000 0000000000000000
0x00007fa08af9bc10:   0000000000000000 0000000000000000
0x00007fa08af9bc20:   0000000000000000 0000000000000000
0x00007fa08af9bc30:   0000000000000000 0000000000000000
0x00007fa08af9bc40:   0000000000000000 0000000000000000
0x00007fa08af9bc50:   0000000000000000 0000000000000000
0x00007fa08af9bc60:   0000000000000000 0000000000000000
0x00007fa08af9bc70:   0000000000000000 0000000000000000
0x00007fa08af9bc80:   0000000000000000 0000000000000000
0x00007fa08af9bc90:   0000000000000000 0000000000000000
0x00007fa08af9bca0:   0000000000000000 0000000000000000
0x00007fa08af9bcb0:   0000000000000000 0000000000000000
0x00007fa08af9bcc0:   0000000000000000 0000000000000000
0x00007fa08af9bcd0:   0000000000000000 0000000000000000
0x00007fa08af9bce0:   0000000000000000 0000000000000000
0x00007fa08af9bcf0:   0000000000000000 0000000000000000
0x00007fa08af9bd00:   0000000000000000 0000000000000000
0x00007fa08af9bd10:   0000000000000000 0000000000000000
0x00007fa08af9bd20:   0000000000000000 0000000000000000
0x00007fa08af9bd30:   0000000000000000 0000000000000000 

Instructions: (pc=0x00007fa043ab733a)
0x00007fa043ab731a:   48 89 d9 be 01 00 00 00 48 8b 38 31 c0 e8 14 60
0x00007fa043ab732a:   e5 ff 83 fd ff 7c 14 85 ed 7e 2c 83 fd 02 7f 0b
0x00007fa043ab733a:   8b 04 25 00 00 00 00 85 c0 74 52 48 8d 35 14 8d
0x00007fa043ab734a:   01 00 48 8d 3d f5 81 4f 00 31 c9 ba 02 00 00 00 

Register to memory mapping:

RAX=0x000000000000004e is an unknown value
RBX=0x00007fa08af9bb60 is pointing into the stack for thread: 0x00007fa08400a800
RCX=0x00007fa08a49330d: __write+0x2d in /lib/x86_64-linux-gnu/libc.so.6 at 0x00007fa08a3a7000
RDX=0x00007fa08a7689d0: <offset 0x3c19d0> in /lib/x86_64-linux-gnu/libc.so.6 at 0x00007fa08a3a7000
RSP=0x00007fa08af9bb40 is pointing into the stack for thread: 0x00007fa08400a800
RBP=0x0000000000000002 is an unknown value
RSI=0x000000000000004e is an unknown value
RDI=0x00007fa08af99310 is pointing into the stack for thread: 0x00007fa08400a800
R8 =0x00007fa08af9e700 is pointing into the stack for thread: 0x00007fa08400a800
R9 =0x61646120656c6966 is an unknown value
R10=0x00007fa08a764be0: <offset 0x3bdbe0> in /lib/x86_64-linux-gnu/libc.so.6 at 0x00007fa08a3a7000
R11=0x0000000000000000 is an unknown value
R12=0x00007fa08af9bb8d is pointing into the stack for thread: 0x00007fa08400a800
R13=0x00007fa043ac0177: <offset 0x22e177> in /usr/lib/libtesseract.so.3.0.3 at 0x00007fa043892000
R14=0x00007fa043d6d4a0: <offset 0x4db4a0> in /usr/lib/libtesseract.so.3.0.3 at 0x00007fa043892000
R15=0x00007fa043ad67ff: <offset 0x2447ff> in /usr/lib/libtesseract.so.3.0.3 at 0x00007fa043892000


Stack: [0x00007fa08ae9e000,0x00007fa08af9f000],  sp=0x00007fa08af9bb40,  free space=1014k
Native frames: (J=compiled Java code, j=interpreted, Vv=VM code, C=native code)
C  [libtesseract.so.3.0.3+0x22533a]  ERRCODE::error(char const*, TessErrorLogCode, char const*, ...) const+0x16a

Java frames: (J=compiled Java code, j=interpreted, Vv=VM code)
j  com.sun.jna.Native.invokePointer(JI[Ljava/lang/Object;)J+0
j  com.sun.jna.Function.invokePointer(I[Ljava/lang/Object;)Lcom/sun/jna/Pointer;+6
j  com.sun.jna.Function.invoke([Ljava/lang/Object;Ljava/lang/Class;Z)Ljava/lang/Object;+426
j  com.sun.jna.Function.invoke(Ljava/lang/Class;[Ljava/lang/Object;Ljava/util/Map;)Ljava/lang/Object;+262
j  com.sun.jna.Library$Handler.invoke(Ljava/lang/Object;Ljava/lang/reflect/Method;[Ljava/lang/Object;)Ljava/lang/Object;+316
j  com.sun.proxy.$Proxy0.TessBaseAPIGetUTF8Text(Lnet/sourceforge/tess4j/TessAPI$TessBaseAPI;)Lcom/sun/jna/Pointer;+16
j  net.sourceforge.tess4j.Tesseract.getOCRText()Ljava/lang/String;+37
j  net.sourceforge.tess4j.Tesseract.doOCR(Ljava/util/List;Ljava/awt/Rectangle;)Ljava/lang/String;+68
j  net.sourceforge.tess4j.Tesseract.doOCR(Ljava/io/File;Ljava/awt/Rectangle;)Ljava/lang/String;+6
j  net.sourceforge.tess4j.Tesseract.doOCR(Ljava/io/File;)Ljava/lang/String;+3
j  br.com.teste.tesseract.main.TesseractMain.main([Ljava/lang/String;)V+42
v  ~StubRoutines::call_stub

---------------  P R O C E S S  ---------------

Java Threads: ( => current thread )
  0x00007fa0841db800 JavaThread "Java2D Disposer" daemon [_thread_blocked, id=5618, stack(0x00007fa070672000,0x00007fa070773000)]
  0x00007fa084099000 JavaThread "Service Thread" daemon [_thread_blocked, id=5616, stack(0x00007fa0721e4000,0x00007fa0722e5000)]
  0x00007fa084096800 JavaThread "C2 CompilerThread1" daemon [_thread_blocked, id=5615, stack(0x00007fa0722e5000,0x00007fa0723e6000)]
  0x00007fa084093800 JavaThread "C2 CompilerThread0" daemon [_thread_in_native, id=5612, stack(0x00007fa0723e6000,0x00007fa0724e7000)]
  0x00007fa084091800 JavaThread "Signal Dispatcher" daemon [_thread_blocked, id=5610, stack(0x00007fa0724e7000,0x00007fa0725e8000)]
  0x00007fa084070800 JavaThread "Finalizer" daemon [_thread_blocked, id=5609, stack(0x00007fa072ccc000,0x00007fa072dcd000)]
  0x00007fa08406e800 JavaThread "Reference Handler" daemon [_thread_blocked, id=5608, stack(0x00007fa072dcd000,0x00007fa072ece000)]
=>0x00007fa08400a800 JavaThread "main" [_thread_in_native, id=5601, stack(0x00007fa08ae9e000,0x00007fa08af9f000)]

Other Threads:
  0x00007fa08406a000 VMThread [stack: 0x00007fa072ece000,0x00007fa072fcf000] [id=5607]
  0x00007fa0840a3800 WatcherThread [stack: 0x00007fa0720e3000,0x00007fa0721e4000] [id=5617]

VM state:not at safepoint (normal execution)

VM Mutex/Monitor currently owned by a thread: None

Heap
 PSYoungGen      total 36864K, used 22276K [0x00000000d7100000, 0x00000000d9a00000, 0x0000000100000000)
  eden space 31744K, 70% used [0x00000000d7100000,0x00000000d86c1338,0x00000000d9000000)
  from space 5120K, 0% used [0x00000000d9500000,0x00000000d9500000,0x00000000d9a00000)
  to   space 5120K, 0% used [0x00000000d9000000,0x00000000d9000000,0x00000000d9500000)
 ParOldGen       total 83456K, used 0K [0x0000000085400000, 0x000000008a580000, 0x00000000d7100000)
  object space 83456K, 0% used [0x0000000085400000,0x0000000085400000,0x000000008a580000)
 PSPermGen       total 21504K, used 7148K [0x0000000080200000, 0x0000000081700000, 0x0000000085400000)
  object space 21504K, 33% used [0x0000000080200000,0x00000000808fb350,0x0000000081700000)

Card table byte_map: [0x00007fa080c00000,0x00007fa081000000] byte_map_base: 0x00007fa0807ff000

Polling page: 0x00007fa08afc5000

Code Cache  [0x00007fa081000000, 0x00007fa081270000, 0x00007fa084000000)
 total_blobs=315 nmethods=42 adapters=226 free_code_cache=48624Kb largest_free_block=49762048

Compilation events (10 events):
Event: 0,359 Thread 0x00007fa084093800 nmethod 38 0x00007fa08107c450 code [0x00007fa08107c5a0, 0x00007fa08107c718]
Event: 0,362 Thread 0x00007fa084096800   39             java.util.HashMap::hash (55 bytes)
Event: 0,363 Thread 0x00007fa084096800 nmethod 39 0x00007fa0810824d0 code [0x00007fa081082620, 0x00007fa081082748]
Event: 0,387 Thread 0x00007fa084093800   40 %           com.sun.media.imageioimpl.plugins.tiff.TIFFImageWriter::writeTile @ 869 (3310 bytes)
Event: 0,387 Thread 0x00007fa084096800   41             sun.awt.image.ByteInterleavedRaster::getByteData (851 bytes)
Event: 0,399 Thread 0x00007fa084093800 nmethod 40% 0x00007fa081084910 code [0x00007fa081084ac0, 0x00007fa081085438]
Event: 0,400 Thread 0x00007fa084093800   42             com.sun.media.imageioimpl.plugins.tiff.TIFFImageWriter::writeTile (3310 bytes)
Event: 0,454 Thread 0x00007fa084096800 nmethod 41 0x00007fa081088d50 code [0x00007fa081088f20, 0x00007fa08108a758]
Event: 0,454 Thread 0x00007fa084096800   43 %           sun.awt.image.ByteInterleavedRaster::getByteData @ 475 (851 bytes)
Event: 0,466 Thread 0x00007fa084096800 nmethod 43% 0x00007fa08107cd50 code [0x00007fa08107cec0, 0x00007fa08107d6b8]

GC Heap History (0 events):
No events

Deoptimization events (8 events):
Event: 0,299 Thread 0x00007fa08400a800 Uncommon trap: reason=class_check action=maybe_recompile pc=0x00007fa081066360 method=java.lang.String.equals(Ljava/lang/Object;)Z @ 8
Event: 0,299 Thread 0x00007fa08400a800 Uncommon trap: reason=class_check action=maybe_recompile pc=0x00007fa081066360 method=java.lang.String.equals(Ljava/lang/Object;)Z @ 8
Event: 0,299 Thread 0x00007fa08400a800 Uncommon trap: reason=class_check action=maybe_recompile pc=0x00007fa081066360 method=java.lang.String.equals(Ljava/lang/Object;)Z @ 8
Event: 0,302 Thread 0x00007fa08400a800 Uncommon trap: reason=class_check action=maybe_recompile pc=0x00007fa081066360 method=java.lang.String.equals(Ljava/lang/Object;)Z @ 8
Event: 0,327 Thread 0x00007fa08400a800 Uncommon trap: reason=bimorphic action=maybe_recompile pc=0x00007fa081070670 method=java.util.HashMap.getEntry(Ljava/lang/Object;)Ljava/util/HashMap$Entry; @ 68
Event: 0,328 Thread 0x00007fa08400a800 Uncommon trap: reason=bimorphic action=maybe_recompile pc=0x00007fa081070670 method=java.util.HashMap.getEntry(Ljava/lang/Object;)Ljava/util/HashMap$Entry; @ 68
Event: 0,329 Thread 0x00007fa08400a800 Uncommon trap: reason=bimorphic action=maybe_recompile pc=0x00007fa081070670 method=java.util.HashMap.getEntry(Ljava/lang/Object;)Ljava/util/HashMap$Entry; @ 68
Event: 0,329 Thread 0x00007fa08400a800 Uncommon trap: reason=bimorphic action=maybe_recompile pc=0x00007fa081070670 method=java.util.HashMap.getEntry(Ljava/lang/Object;)Ljava/util/HashMap$Entry; @ 68

Internal exceptions (10 events):
Event: 0,494 Thread 0x00007fa08400a800 Threw 0x00000000d81601b8 at /HUDSON/workspace/7u-2-build-linux-amd64/jdk7u72/1606/hotspot/src/share/vm/prims/jvm.cpp:1281
Event: 0,494 Thread 0x00007fa08400a800 Threw 0x00000000d8163908 at /HUDSON/workspace/7u-2-build-linux-amd64/jdk7u72/1606/hotspot/src/share/vm/prims/jvm.cpp:1281
Event: 0,495 Thread 0x00007fa08400a800 Threw 0x00000000d8166ef8 at /HUDSON/workspace/7u-2-build-linux-amd64/jdk7u72/1606/hotspot/src/share/vm/prims/jvm.cpp:1281
Event: 0,495 Thread 0x00007fa08400a800 Threw 0x00000000d816c1c0 at /HUDSON/workspace/7u-2-build-linux-amd64/jdk7u72/1606/hotspot/src/share/vm/prims/jvm.cpp:1281
Event: 0,495 Thread 0x00007fa08400a800 Threw 0x00000000d816f8c8 at /HUDSON/workspace/7u-2-build-linux-amd64/jdk7u72/1606/hotspot/src/share/vm/prims/jvm.cpp:1281
Event: 0,496 Thread 0x00007fa08400a800 Threw 0x00000000d8173090 at /HUDSON/workspace/7u-2-build-linux-amd64/jdk7u72/1606/hotspot/src/share/vm/prims/jvm.cpp:1281
Event: 0,496 Thread 0x00007fa08400a800 Threw 0x00000000d81766e0 at /HUDSON/workspace/7u-2-build-linux-amd64/jdk7u72/1606/hotspot/src/share/vm/prims/jvm.cpp:1281
Event: 0,496 Thread 0x00007fa08400a800 Threw 0x00000000d8179d80 at /HUDSON/workspace/7u-2-build-linux-amd64/jdk7u72/1606/hotspot/src/share/vm/prims/jvm.cpp:1281
Event: 0,496 Thread 0x00007fa08400a800 Threw 0x00000000d817d420 at /HUDSON/workspace/7u-2-build-linux-amd64/jdk7u72/1606/hotspot/src/share/vm/prims/jvm.cpp:1281
Event: 0,513 Thread 0x00007fa08400a800 Threw 0x00000000d81d0468 at /HUDSON/workspace/7u-2-build-linux-amd64/jdk7u72/1606/hotspot/src/share/vm/prims/jvm.cpp:1281

Events (10 events):
Event: 0,498 loading class 0x00007fa084178b90
Event: 0,498 loading class 0x00007fa084178b90 done
Event: 0,498 loading class 0x00007fa084178b50
Event: 0,498 loading class 0x00007fa084178b50 done
Event: 0,499 loading class 0x00007fa0580457b0
Event: 0,499 loading class 0x00007fa0580457b0 done
Event: 0,512 loading class 0x00007fa08026d430
Event: 0,512 loading class 0x00007fa08026d430 done
Event: 0,513 loading class 0x00007fa0842089e0
Event: 0,513 loading class 0x00007fa0842089e0 done


Dynamic libraries:
00400000-00401000 r-xp 00000000 08:0a 3166324                            /usr/lib/jvm/java-7-oracle/bin/java
00600000-00601000 rw-p 00000000 08:0a 3166324                            /usr/lib/jvm/java-7-oracle/bin/java
01412000-01433000 rw-p 00000000 00:00 0                                  [heap]
80200000-81700000 rw-p 00000000 00:00 0 
81700000-85400000 rw-p 00000000 00:00 0 
85400000-8a580000 rw-p 00000000 00:00 0 
8a580000-d7100000 rw-p 00000000 00:00 0 
d7100000-d9a00000 rw-p 00000000 00:00 0 
d9a00000-100000000 rw-p 00000000 00:00 0 
7fa041e96000-7fa04201a000 rw-p 00000000 00:00 0 
7fa04201a000-7fa042030000 r-xp 00000000 08:0a 3166048                    /usr/lib/jvm/java-7-oracle/jre/lib/amd64/libnet.so
7fa042030000-7fa042230000 ---p 00016000 08:0a 3166048                    /usr/lib/jvm/java-7-oracle/jre/lib/amd64/libnet.so
7fa042230000-7fa042231000 rw-p 00016000 08:0a 3166048                    /usr/lib/jvm/java-7-oracle/jre/lib/amd64/libnet.so
7fa042231000-7fa042241000 r-xp 00000000 08:0a 3166090                    /usr/lib/jvm/java-7-oracle/jre/lib/amd64/libnio.so
7fa042241000-7fa042441000 ---p 00010000 08:0a 3166090                    /usr/lib/jvm/java-7-oracle/jre/lib/amd64/libnio.so
7fa042441000-7fa042442000 rw-p 00010000 08:0a 3166090                    /usr/lib/jvm/java-7-oracle/jre/lib/amd64/libnio.so
7fa042442000-7fa04244d000 r-xp 00000000 08:0a 3014739                    /usr/lib/x86_64-linux-gnu/libjbig.so.0
7fa04244d000-7fa04264c000 ---p 0000b000 08:0a 3014739                    /usr/lib/x86_64-linux-gnu/libjbig.so.0
7fa04264c000-7fa04264d000 r--p 0000a000 08:0a 3014739                    /usr/lib/x86_64-linux-gnu/libjbig.so.0
7fa04264d000-7fa042650000 rw-p 0000b000 08:0a 3014739                    /usr/lib/x86_64-linux-gnu/libjbig.so.0
7fa042650000-7fa042671000 r-xp 00000000 08:0a 1839032                    /lib/x86_64-linux-gnu/liblzma.so.5.0.0
7fa042671000-7fa042870000 ---p 00021000 08:0a 1839032                    /lib/x86_64-linux-gnu/liblzma.so.5.0.0
7fa042870000-7fa042871000 r--p 00020000 08:0a 1839032                    /lib/x86_64-linux-gnu/liblzma.so.5.0.0
7fa042871000-7fa042872000 rw-p 00021000 08:0a 1839032                    /lib/x86_64-linux-gnu/liblzma.so.5.0.0
7fa042872000-7fa0428e0000 r-xp 00000000 08:0a 3016371                    /usr/lib/x86_64-linux-gnu/libtiff.so.5.2.0
7fa0428e0000-7fa042ae0000 ---p 0006e000 08:0a 3016371                    /usr/lib/x86_64-linux-gnu/libtiff.so.5.2.0
7fa042ae0000-7fa042ae1000 r--p 0006e000 08:0a 3016371                    /usr/lib/x86_64-linux-gnu/libtiff.so.5.2.0
7fa042ae1000-7fa042ae4000 rw-p 0006f000 08:0a 3016371                    /usr/lib/x86_64-linux-gnu/libtiff.so.5.2.0
7fa042ae4000-7fa042b27000 r-xp 00000000 08:0a 3023370                    /usr/lib/x86_64-linux-gnu/libjpeg.so.8.0.2
7fa042b27000-7fa042d27000 ---p 00043000 08:0a 3023370                    /usr/lib/x86_64-linux-gnu/libjpeg.so.8.0.2
7fa042d27000-7fa042d28000 r--p 00043000 08:0a 3023370                    /usr/lib/x86_64-linux-gnu/libjpeg.so.8.0.2
7fa042d28000-7fa042d29000 rw-p 00044000 08:0a 3023370                    /usr/lib/x86_64-linux-gnu/libjpeg.so.8.0.2
7fa042d29000-7fa042d39000 rw-p 00000000 00:00 0 
7fa042d39000-7fa042d5e000 r-xp 00000000 08:0a 1839100                    /lib/x86_64-linux-gnu/libpng12.so.0.50.0
7fa042d5e000-7fa042f5d000 ---p 00025000 08:0a 1839100                    /lib/x86_64-linux-gnu/libpng12.so.0.50.0
7fa042f5d000-7fa042f5e000 r--p 00024000 08:0a 1839100                    /lib/x86_64-linux-gnu/libpng12.so.0.50.0
7fa042f5e000-7fa042f5f000 rw-p 00025000 08:0a 1839100                    /lib/x86_64-linux-gnu/libpng12.so.0.50.0
7fa042f5f000-7fa042f77000 r-xp 00000000 08:0a 1839148                    /lib/x86_64-linux-gnu/libz.so.1.2.8
7fa042f77000-7fa043176000 ---p 00018000 08:0a 1839148                    /lib/x86_64-linux-gnu/libz.so.1.2.8
7fa043176000-7fa043177000 r--p 00017000 08:0a 1839148                    /lib/x86_64-linux-gnu/libz.so.1.2.8
7fa043177000-7fa043178000 rw-p 00018000 08:0a 1839148                    /lib/x86_64-linux-gnu/libz.so.1.2.8
7fa043178000-7fa04325e000 r-xp 00000000 08:0a 3023676                    /usr/lib/x86_64-linux-gnu/libstdc++.so.6.0.19
7fa04325e000-7fa04345d000 ---p 000e6000 08:0a 3023676                    /usr/lib/x86_64-linux-gnu/libstdc++.so.6.0.19
7fa04345d000-7fa043465000 r--p 000e5000 08:0a 3023676                    /usr/lib/x86_64-linux-gnu/libstdc++.so.6.0.19
7fa043465000-7fa043467000 rw-p 000ed000 08:0a 3023676                    /usr/lib/x86_64-linux-gnu/libstdc++.so.6.0.19
7fa043467000-7fa04347c000 rw-p 00000000 00:00 0 
7fa04347c000-7fa043688000 r-xp 00000000 08:0a 3412459                    /usr/local/lib/liblept.so.4.0.1
7fa043688000-7fa043888000 ---p 0020c000 08:0a 3412459                    /usr/local/lib/liblept.so.4.0.1
7fa043888000-7fa043889000 r--p 0020c000 08:0a 3412459                    /usr/local/lib/liblept.so.4.0.1
7fa043889000-7fa043892000 rw-p 0020d000 08:0a 3412459                    /usr/local/lib/liblept.so.4.0.1
7fa043892000-7fa043b64000 r-xp 00000000 08:0a 3104093                    /usr/lib/libtesseract.so.3.0.3
7fa043b64000-7fa043d63000 ---p 002d2000 08:0a 3104093                    /usr/lib/libtesseract.so.3.0.3
7fa043d63000-7fa043d68000 r--p 002d1000 08:0a 3104093                    /usr/lib/libtesseract.so.3.0.3
7fa043d68000-7fa043d69000 rw-p 002d6000 08:0a 3104093                    /usr/lib/libtesseract.so.3.0.3
7fa043d69000-7fa044000000 rw-p 00000000 00:00 0 
7fa044000000-7fa044021000 rw-p 00000000 00:00 0 
7fa044021000-7fa048000000 ---p 00000000 00:00 0 
7fa048000000-7fa048021000 rw-p 00000000 00:00 0 
7fa048021000-7fa04c000000 ---p 00000000 00:00 0 
7fa04c000000-7fa04c43a000 rw-p 00000000 00:00 0 
7fa04c43a000-7fa050000000 ---p 00000000 00:00 0 
7fa050000000-7fa050021000 rw-p 00000000 00:00 0 
7fa050021000-7fa054000000 ---p 00000000 00:00 0 
7fa054000000-7fa054021000 rw-p 00000000 00:00 0 
7fa054021000-7fa058000000 ---p 00000000 00:00 0 
7fa058000000-7fa058e8a000 rw-p 00000000 00:00 0 
7fa058e8a000-7fa05c000000 ---p 00000000 00:00 0 
7fa05c000000-7fa05c021000 rw-p 00000000 00:00 0 
7fa05c021000-7fa060000000 ---p 00000000 00:00 0 
7fa060000000-7fa060021000 rw-p 00000000 00:00 0 
7fa060021000-7fa064000000 ---p 00000000 00:00 0 
7fa064000000-7fa064021000 rw-p 00000000 00:00 0 
7fa064021000-7fa068000000 ---p 00000000 00:00 0 
7fa068000000-7fa068021000 rw-p 00000000 00:00 0 
7fa068021000-7fa06c000000 ---p 00000000 00:00 0 
7fa06c000000-7fa06c021000 rw-p 00000000 00:00 0 
7fa06c021000-7fa070000000 ---p 00000000 00:00 0 
7fa0700c0000-7fa0700d6000 r-xp 00000000 08:0a 1835102                    /lib/x86_64-linux-gnu/libgcc_s.so.1
7fa0700d6000-7fa0702d5000 ---p 00016000 08:0a 1835102                    /lib/x86_64-linux-gnu/libgcc_s.so.1
7fa0702d5000-7fa0702d6000 rw-p 00015000 08:0a 1835102                    /lib/x86_64-linux-gnu/libgcc_s.so.1
7fa0702f9000-7fa070310000 r-xp 00000000 08:0a 5511710                    /tmp/jna-666594154/jna5380943679920516031.tmp (deleted)
7fa070310000-7fa07040f000 ---p 00017000 08:0a 5511710                    /tmp/jna-666594154/jna5380943679920516031.tmp (deleted)
7fa07040f000-7fa070411000 rw-p 00016000 08:0a 5511710                    /tmp/jna-666594154/jna5380943679920516031.tmp (deleted)
7fa070411000-7fa070466000 r-xp 00000000 08:0a 3166085                    /usr/lib/jvm/java-7-oracle/jre/lib/amd64/libkcms.so
7fa070466000-7fa070666000 ---p 00055000 08:0a 3166085                    /usr/lib/jvm/java-7-oracle/jre/lib/amd64/libkcms.so
7fa070666000-7fa070668000 rw-p 00055000 08:0a 3166085                    /usr/lib/jvm/java-7-oracle/jre/lib/amd64/libkcms.so
7fa070668000-7fa070672000 r--s 00251000 08:0a 3166172                    /usr/lib/jvm/java-7-oracle/jre/lib/resources.jar
7fa070672000-7fa070675000 ---p 00000000 00:00 0 
7fa070675000-7fa070773000 rw-p 00000000 00:00 0                          [stack:5618]
7fa070773000-7fa0707ad000 r-xp 00000000 08:0a 3166097                    /usr/lib/jvm/java-7-oracle/jre/lib/amd64/libjpeg.so
7fa0707ad000-7fa0709ad000 ---p 0003a000 08:0a 3166097                    /usr/lib/jvm/java-7-oracle/jre/lib/amd64/libjpeg.so
7fa0709ad000-7fa0709ae000 rw-p 0003a000 08:0a 3166097                    /usr/lib/jvm/java-7-oracle/jre/lib/amd64/libjpeg.so
7fa0709ae000-7fa0709b5000 r--s 00000000 08:0a 3279298                    /usr/lib/x86_64-linux-gnu/gconv/gconv-modules.cache
7fa0709b5000-7fa0709ba000 r-xp 00000000 08:0a 3022781                    /usr/lib/x86_64-linux-gnu/libXdmcp.so.6.0.0
7fa0709ba000-7fa070bb9000 ---p 00005000 08:0a 3022781                    /usr/lib/x86_64-linux-gnu/libXdmcp.so.6.0.0
7fa070bb9000-7fa070bba000 r--p 00004000 08:0a 3022781                    /usr/lib/x86_64-linux-gnu/libXdmcp.so.6.0.0
7fa070bba000-7fa070bbb000 rw-p 00005000 08:0a 3022781                    /usr/lib/x86_64-linux-gnu/libXdmcp.so.6.0.0
7fa070bbb000-7fa070bbd000 r-xp 00000000 08:0a 3022770                    /usr/lib/x86_64-linux-gnu/libXau.so.6.0.0
7fa070bbd000-7fa070dbd000 ---p 00002000 08:0a 3022770                    /usr/lib/x86_64-linux-gnu/libXau.so.6.0.0
7fa070dbd000-7fa070dbe000 r--p 00002000 08:0a 3022770                    /usr/lib/x86_64-linux-gnu/libXau.so.6.0.0
7fa070dbe000-7fa070dbf000 rw-p 00003000 08:0a 3022770                    /usr/lib/x86_64-linux-gnu/libXau.so.6.0.0
7fa070dbf000-7fa070ddc000 r-xp 00000000 08:0a 3023838                    /usr/lib/x86_64-linux-gnu/libxcb.so.1.1.0
7fa070ddc000-7fa070fdc000 ---p 0001d000 08:0a 3023838                    /usr/lib/x86_64-linux-gnu/libxcb.so.1.1.0
7fa070fdc000-7fa070fdd000 r--p 0001d000 08:0a 3023838                    /usr/lib/x86_64-linux-gnu/libxcb.so.1.1.0
7fa070fdd000-7fa070fde000 rw-p 0001e000 08:0a 3023838                    /usr/lib/x86_64-linux-gnu/libxcb.so.1.1.0
7fa070fde000-7fa070fed000 r-xp 00000000 08:0a 3022791                    /usr/lib/x86_64-linux-gnu/libXi.so.6.1.0
7fa070fed000-7fa0711ec000 ---p 0000f000 08:0a 3022791                    /usr/lib/x86_64-linux-gnu/libXi.so.6.1.0
7fa0711ec000-7fa0711ed000 r--p 0000e000 08:0a 3022791                    /usr/lib/x86_64-linux-gnu/libXi.so.6.1.0
7fa0711ed000-7fa0711ee000 rw-p 0000f000 08:0a 3022791                    /usr/lib/x86_64-linux-gnu/libXi.so.6.1.0
7fa0711ee000-7fa0711f3000 r-xp 00000000 08:0a 3022811                    /usr/lib/x86_64-linux-gnu/libXtst.so.6.1.0
7fa0711f3000-7fa0713f2000 ---p 00005000 08:0a 3022811                    /usr/lib/x86_64-linux-gnu/libXtst.so.6.1.0
7fa0713f2000-7fa0713f3000 r--p 00004000 08:0a 3022811                    /usr/lib/x86_64-linux-gnu/libXtst.so.6.1.0
7fa0713f3000-7fa0713f4000 rw-p 00005000 08:0a 3022811                    /usr/lib/x86_64-linux-gnu/libXtst.so.6.1.0
7fa0713f4000-7fa0713fd000 r-xp 00000000 08:0a 3022805                    /usr/lib/x86_64-linux-gnu/libXrender.so.1.3.0
7fa0713fd000-7fa0715fc000 ---p 00009000 08:0a 3022805                    /usr/lib/x86_64-linux-gnu/libXrender.so.1.3.0
7fa0715fc000-7fa0715fd000 r--p 00008000 08:0a 3022805                    /usr/lib/x86_64-linux-gnu/libXrender.so.1.3.0
7fa0715fd000-7fa0715fe000 rw-p 00009000 08:0a 3022805                    /usr/lib/x86_64-linux-gnu/libXrender.so.1.3.0
7fa0715fe000-7fa07172e000 r-xp 00000000 08:0a 3022766                    /usr/lib/x86_64-linux-gnu/libX11.so.6.3.0
7fa07172e000-7fa07192e000 ---p 00130000 08:0a 3022766                    /usr/lib/x86_64-linux-gnu/libX11.so.6.3.0
7fa07192e000-7fa07192f000 r--p 00130000 08:0a 3022766                    /usr/lib/x86_64-linux-gnu/libX11.so.6.3.0
7fa07192f000-7fa071933000 rw-p 00131000 08:0a 3022766                    /usr/lib/x86_64-linux-gnu/libX11.so.6.3.0
7fa071933000-7fa071944000 r-xp 00000000 08:0a 3022783                    /usr/lib/x86_64-linux-gnu/libXext.so.6.4.0
7fa071944000-7fa071b43000 ---p 00011000 08:0a 3022783                    /usr/lib/x86_64-linux-gnu/libXext.so.6.4.0
7fa071b43000-7fa071b44000 r--p 00010000 08:0a 3022783                    /usr/lib/x86_64-linux-gnu/libXext.so.6.4.0
7fa071b44000-7fa071b45000 rw-p 00011000 08:0a 3022783                    /usr/lib/x86_64-linux-gnu/libXext.so.6.4.0
7fa071b46000-7fa071b68000 r--p 00000000 08:0a 3416176                    /usr/share/locale-langpack/pt_BR/LC_MESSAGES/libc.mo
7fa071b68000-7fa071bb8000 r-xp 00000000 08:0a 3166105                    /usr/lib/jvm/java-7-oracle/jre/lib/amd64/xawt/libmawt.so
7fa071bb8000-7fa071db8000 ---p 00050000 08:0a 3166105                    /usr/lib/jvm/java-7-oracle/jre/lib/amd64/xawt/libmawt.so
7fa071db8000-7fa071dbc000 rw-p 00050000 08:0a 3166105                    /usr/lib/jvm/java-7-oracle/jre/lib/amd64/xawt/libmawt.so
7fa071dbc000-7fa071dbd000 rw-p 00000000 00:00 0 
7fa071dbd000-7fa071e5f000 r-xp 00000000 08:0a 3166072                    /usr/lib/jvm/java-7-oracle/jre/lib/amd64/libawt.so
7fa071e5f000-7fa07205f000 ---p 000a2000 08:0a 3166072                    /usr/lib/jvm/java-7-oracle/jre/lib/amd64/libawt.so
7fa07205f000-7fa07206b000 rw-p 000a2000 08:0a 3166072                    /usr/lib/jvm/java-7-oracle/jre/lib/amd64/libawt.so
7fa07206b000-7fa07208f000 rw-p 00000000 00:00 0 
7fa07208f000-7fa07209a000 r--s 0037c000 08:0a 3166107                    /usr/lib/jvm/java-7-oracle/jre/lib/charsets.jar
7fa07209a000-7fa0720e3000 r--s 01c8e000 08:0a 2761198                    /home/jefferson/.m2/repository/net/sourceforge/tess4j/tess4j/1.3.0/tess4j-1.3.0.jar
7fa0720e3000-7fa0720e4000 ---p 00000000 00:00 0 
7fa0720e4000-7fa0721e4000 rw-p 00000000 00:00 0                          [stack:5617]
7fa0721e4000-7fa0721e7000 ---p 00000000 00:00 0 
7fa0721e7000-7fa0722e5000 rw-p 00000000 00:00 0                          [stack:5616]
7fa0722e5000-7fa0722e8000 ---p 00000000 00:00 0 
7fa0722e8000-7fa0723e6000 rw-p 00000000 00:00 0                          [stack:5615]
7fa0723e6000-7fa0723e9000 ---p 00000000 00:00 0 
7fa0723e9000-7fa0724e7000 rw-p 00000000 00:00 0                          [stack:5612]
7fa0724e7000-7fa0724ea000 ---p 00000000 00:00 0 
7fa0724ea000-7fa0725e8000 rw-p 00000000 00:00 0                          [stack:5610]
7fa0725e8000-7fa072ccc000 r--p 00000000 08:0a 3021751                    /usr/lib/locale/locale-archive
7fa072ccc000-7fa072ccf000 ---p 00000000 00:00 0 
7fa072ccf000-7fa072dcd000 rw-p 00000000 00:00 0                          [stack:5609]
7fa072dcd000-7fa072dd0000 ---p 00000000 00:00 0 
7fa072dd0000-7fa072ece000 rw-p 00000000 00:00 0                          [stack:5608]
7fa072ece000-7fa072ecf000 ---p 00000000 00:00 0 
7fa072ecf000-7fa073e40000 rw-p 00000000 00:00 0                          [stack:5607]
7fa073e40000-7fa074000000 r--s 039ea000 08:0a 3166227                    /usr/lib/jvm/java-7-oracle/jre/lib/rt.jar
7fa074000000-7fa074021000 rw-p 00000000 00:00 0 
7fa074021000-7fa078000000 ---p 00000000 00:00 0 
7fa078004000-7fa078010000 r--s 00108000 08:0a 2761201                    /home/jefferson/.m2/repository/com/lowagie/itext/2.1.7/itext-2.1.7.jar
7fa078010000-7fa07c000000 rw-p 00000000 00:00 0 
7fa07c000000-7fa07c021000 rw-p 00000000 00:00 0 
7fa07c021000-7fa080000000 ---p 00000000 00:00 0 
7fa080001000-7fa080006000 r--s 0008a000 08:0a 3166163                    /usr/lib/jvm/java-7-oracle/jre/lib/jsse.jar
7fa080006000-7fa080010000 r--s 00081000 08:0a 2761199                    /home/jefferson/.m2/repository/org/apache/xmlgraphics/xmlgraphics-commons/1.4/xmlgraphics-commons-1.4.jar
7fa080010000-7fa08066e000 rw-p 00000000 00:00 0 
7fa08066e000-7fa08066f000 ---p 00000000 00:00 0 
7fa08066f000-7fa08076f000 rw-p 00000000 00:00 0                          [stack:5606]
7fa08076f000-7fa080770000 ---p 00000000 00:00 0 
7fa080770000-7fa080870000 rw-p 00000000 00:00 0                          [stack:5605]
7fa080870000-7fa080871000 ---p 00000000 00:00 0 
7fa080871000-7fa08099a000 rw-p 00000000 00:00 0                          [stack:5603]
7fa08099a000-7fa080c00000 rw-p 00000000 00:00 0 
7fa080c00000-7fa080c0b000 rw-p 00000000 00:00 0 
7fa080c0b000-7fa080c29000 rw-p 00000000 00:00 0 
7fa080c29000-7fa080c52000 rw-p 00000000 00:00 0 
7fa080c52000-7fa080eb7000 rw-p 00000000 00:00 0 
7fa080eb7000-7fa080ecc000 rw-p 00000000 00:00 0 
7fa080ecc000-7fa080fff000 rw-p 00000000 00:00 0 
7fa080fff000-7fa081000000 rw-p 00000000 00:00 0 
7fa081000000-7fa081270000 rwxp 00000000 00:00 0 
7fa081270000-7fa084829000 rw-p 00000000 00:00 0 
7fa084829000-7fa088000000 ---p 00000000 00:00 0 
7fa088002000-7fa088009000 r--s 00059000 08:0a 2889549                    /home/jefferson/.m2/repository/log4j/log4j/1.2.15/log4j-1.2.15.jar
7fa088009000-7fa088018000 r--s 000ed000 08:0a 2761209                    /home/jefferson/.m2/repository/net/java/dev/jai-imageio/jai-imageio-core-standalone/1.2-pre-dr-b04-2011-07-04/jai-imageio-core-standalone-1.2-pre-dr-b04-2011-07-04.jar
7fa088018000-7fa088068000 rw-p 00000000 00:00 0 
7fa088068000-7fa088069000 ---p 00000000 00:00 0 
7fa088069000-7fa088174000 rw-p 00000000 00:00 0                          [stack:5602]
7fa088174000-7fa088192000 rw-p 00000000 00:00 0 
7fa088192000-7fa0881ac000 r-xp 00000000 08:0a 3166066                    /usr/lib/jvm/java-7-oracle/jre/lib/amd64/libzip.so
7fa0881ac000-7fa0883ac000 ---p 0001a000 08:0a 3166066                    /usr/lib/jvm/java-7-oracle/jre/lib/amd64/libzip.so
7fa0883ac000-7fa0883ad000 rw-p 0001a000 08:0a 3166066                    /usr/lib/jvm/java-7-oracle/jre/lib/amd64/libzip.so
7fa0883ad000-7fa0883b8000 r-xp 00000000 08:0a 1835493                    /lib/x86_64-linux-gnu/libnss_files-2.19.so
7fa0883b8000-7fa0885b7000 ---p 0000b000 08:0a 1835493                    /lib/x86_64-linux-gnu/libnss_files-2.19.so
7fa0885b7000-7fa0885b8000 r--p 0000a000 08:0a 1835493                    /lib/x86_64-linux-gnu/libnss_files-2.19.so
7fa0885b8000-7fa0885b9000 rw-p 0000b000 08:0a 1835493                    /lib/x86_64-linux-gnu/libnss_files-2.19.so
7fa0885b9000-7fa0885c4000 r-xp 00000000 08:0a 1835511                    /lib/x86_64-linux-gnu/libnss_nis-2.19.so
7fa0885c4000-7fa0887c3000 ---p 0000b000 08:0a 1835511                    /lib/x86_64-linux-gnu/libnss_nis-2.19.so
7fa0887c3000-7fa0887c4000 r--p 0000a000 08:0a 1835511                    /lib/x86_64-linux-gnu/libnss_nis-2.19.so
7fa0887c4000-7fa0887c5000 rw-p 0000b000 08:0a 1835511                    /lib/x86_64-linux-gnu/libnss_nis-2.19.so
7fa0887c5000-7fa0887dc000 r-xp 00000000 08:0a 1835478                    /lib/x86_64-linux-gnu/libnsl-2.19.so
7fa0887dc000-7fa0889db000 ---p 00017000 08:0a 1835478                    /lib/x86_64-linux-gnu/libnsl-2.19.so
7fa0889db000-7fa0889dc000 r--p 00016000 08:0a 1835478                    /lib/x86_64-linux-gnu/libnsl-2.19.so
7fa0889dc000-7fa0889dd000 rw-p 00017000 08:0a 1835478                    /lib/x86_64-linux-gnu/libnsl-2.19.so
7fa0889dd000-7fa0889df000 rw-p 00000000 00:00 0 
7fa0889df000-7fa0889e8000 r-xp 00000000 08:0a 1835501                    /lib/x86_64-linux-gnu/libnss_compat-2.19.so
7fa0889e8000-7fa088be7000 ---p 00009000 08:0a 1835501                    /lib/x86_64-linux-gnu/libnss_compat-2.19.so
7fa088be7000-7fa088be8000 r--p 00008000 08:0a 1835501                    /lib/x86_64-linux-gnu/libnss_compat-2.19.so
7fa088be8000-7fa088be9000 rw-p 00009000 08:0a 1835501                    /lib/x86_64-linux-gnu/libnss_compat-2.19.so
7fa088be9000-7fa088c12000 r-xp 00000000 08:0a 3166047                    /usr/lib/jvm/java-7-oracle/jre/lib/amd64/libjava.so
7fa088c12000-7fa088e12000 ---p 00029000 08:0a 3166047                    /usr/lib/jvm/java-7-oracle/jre/lib/amd64/libjava.so
7fa088e12000-7fa088e14000 rw-p 00029000 08:0a 3166047                    /usr/lib/jvm/java-7-oracle/jre/lib/amd64/libjava.so
7fa088e14000-7fa088e21000 r-xp 00000000 08:0a 3166080                    /usr/lib/jvm/java-7-oracle/jre/lib/amd64/libverify.so
7fa088e21000-7fa089020000 ---p 0000d000 08:0a 3166080                    /usr/lib/jvm/java-7-oracle/jre/lib/amd64/libverify.so
7fa089020000-7fa089022000 rw-p 0000c000 08:0a 3166080                    /usr/lib/jvm/java-7-oracle/jre/lib/amd64/libverify.so
7fa089022000-7fa089029000 r-xp 00000000 08:0a 1835518                    /lib/x86_64-linux-gnu/librt-2.19.so
7fa089029000-7fa089228000 ---p 00007000 08:0a 1835518                    /lib/x86_64-linux-gnu/librt-2.19.so
7fa089228000-7fa089229000 r--p 00006000 08:0a 1835518                    /lib/x86_64-linux-gnu/librt-2.19.so
7fa089229000-7fa08922a000 rw-p 00007000 08:0a 1835518                    /lib/x86_64-linux-gnu/librt-2.19.so
7fa08922a000-7fa08932f000 r-xp 00000000 08:0a 1835470                    /lib/x86_64-linux-gnu/libm-2.19.so
7fa08932f000-7fa08952e000 ---p 00105000 08:0a 1835470                    /lib/x86_64-linux-gnu/libm-2.19.so
7fa08952e000-7fa08952f000 r--p 00104000 08:0a 1835470                    /lib/x86_64-linux-gnu/libm-2.19.so
7fa08952f000-7fa089530000 rw-p 00105000 08:0a 1835470                    /lib/x86_64-linux-gnu/libm-2.19.so
7fa089530000-7fa08a0a3000 r-xp 00000000 08:0a 3166078                    /usr/lib/jvm/java-7-oracle/jre/lib/amd64/server/libjvm.so
7fa08a0a3000-7fa08a2a2000 ---p 00b73000 08:0a 3166078                    /usr/lib/jvm/java-7-oracle/jre/lib/amd64/server/libjvm.so
7fa08a2a2000-7fa08a366000 rw-p 00b72000 08:0a 3166078                    /usr/lib/jvm/java-7-oracle/jre/lib/amd64/server/libjvm.so
7fa08a366000-7fa08a3a7000 rw-p 00000000 00:00 0 
7fa08a3a7000-7fa08a562000 r-xp 00000000 08:0a 1835514                    /lib/x86_64-linux-gnu/libc-2.19.so
7fa08a562000-7fa08a762000 ---p 001bb000 08:0a 1835514                    /lib/x86_64-linux-gnu/libc-2.19.so
7fa08a762000-7fa08a766000 r--p 001bb000 08:0a 1835514                    /lib/x86_64-linux-gnu/libc-2.19.so
7fa08a766000-7fa08a768000 rw-p 001bf000 08:0a 1835514                    /lib/x86_64-linux-gnu/libc-2.19.so
7fa08a768000-7fa08a76d000 rw-p 00000000 00:00 0 
7fa08a76d000-7fa08a770000 r-xp 00000000 08:0a 1835495                    /lib/x86_64-linux-gnu/libdl-2.19.so
7fa08a770000-7fa08a96f000 ---p 00003000 08:0a 1835495                    /lib/x86_64-linux-gnu/libdl-2.19.so
7fa08a96f000-7fa08a970000 r--p 00002000 08:0a 1835495                    /lib/x86_64-linux-gnu/libdl-2.19.so
7fa08a970000-7fa08a971000 rw-p 00003000 08:0a 1835495                    /lib/x86_64-linux-gnu/libdl-2.19.so
7fa08a971000-7fa08a987000 r-xp 00000000 08:0a 3166356                    /usr/lib/jvm/java-7-oracle/lib/amd64/jli/libjli.so
7fa08a987000-7fa08ab87000 ---p 00016000 08:0a 3166356                    /usr/lib/jvm/java-7-oracle/lib/amd64/jli/libjli.so
7fa08ab87000-7fa08ab88000 rw-p 00016000 08:0a 3166356                    /usr/lib/jvm/java-7-oracle/lib/amd64/jli/libjli.so
7fa08ab88000-7fa08aba1000 r-xp 00000000 08:0a 1835490                    /lib/x86_64-linux-gnu/libpthread-2.19.so
7fa08aba1000-7fa08ada0000 ---p 00019000 08:0a 1835490                    /lib/x86_64-linux-gnu/libpthread-2.19.so
7fa08ada0000-7fa08ada1000 r--p 00018000 08:0a 1835490                    /lib/x86_64-linux-gnu/libpthread-2.19.so
7fa08ada1000-7fa08ada2000 rw-p 00019000 08:0a 1835490                    /lib/x86_64-linux-gnu/libpthread-2.19.so
7fa08ada2000-7fa08ada6000 rw-p 00000000 00:00 0 
7fa08ada6000-7fa08adc9000 r-xp 00000000 08:0a 1835503                    /lib/x86_64-linux-gnu/ld-2.19.so
7fa08adca000-7fa08adcd000 r--s 00012000 08:0a 2892411                    /home/jefferson/.m2/repository/commons-io/commons-io/1.3.1/commons-io-1.3.1.jar
7fa08adcd000-7fa08adcf000 r--s 0000d000 08:0a 2886380                    /home/jefferson/.m2/repository/commons-logging/commons-logging/1.1.1/commons-logging-1.1.1.jar
7fa08adcf000-7fa08adde000 r--s 00115000 08:0a 4329769                    /home/jefferson/.m2/repository/net/java/dev/jna/platform/3.5.2/platform-3.5.2.jar
7fa08adde000-7fa08ade8000 rw-p 00000000 00:00 0 
7fa08ade8000-7fa08ae9e000 rw-p 00000000 00:00 0 
7fa08ae9e000-7fa08aea1000 ---p 00000000 00:00 0 
7fa08aea1000-7fa08afa3000 rw-p 00000000 00:00 0                          [stack:5601]
7fa08afa3000-7fa08afa8000 r--s 00034000 08:0a 2892409                    /home/jefferson/.m2/repository/commons-beanutils/commons-beanutils/1.8.3/commons-beanutils-1.8.3.jar
7fa08afa8000-7fa08afac000 r--s 00028000 08:0a 2761207                    /home/jefferson/.m2/repository/org/ghost4j/ghost4j/0.5.1/ghost4j-0.5.1.jar
7fa08afac000-7fa08afaf000 r--s 000c0000 08:0a 2761197                    /home/jefferson/.m2/repository/com/sun/jna/jna/3.0.9/jna-3.0.9.jar
7fa08afaf000-7fa08afb3000 r--s 000dc000 08:0a 4329767                    /home/jefferson/.m2/repository/net/java/dev/jna/jna/4.1.0/jna-4.1.0.jar
7fa08afb3000-7fa08afb5000 r--s 00009000 08:0a 2892406                    /home/jefferson/.m2/repository/org/hamcrest/hamcrest-core/1.2.1/hamcrest-core-1.2.1.jar
7fa08afb5000-7fa08afb7000 r--s 0000b000 08:0a 2892366                    /home/jefferson/.m2/repository/org/hamcrest/hamcrest-library/1.2.1/hamcrest-library-1.2.1.jar
7fa08afb7000-7fa08afb8000 r--s 00001000 08:0a 2892405                    /home/jefferson/.m2/repository/org/hamcrest/hamcrest-integration/1.2.1/hamcrest-integration-1.2.1.jar
7fa08afb8000-7fa08afbc000 r--s 000f7000 08:0a 3166119                    /usr/lib/jvm/java-7-oracle/jre/lib/ext/localedata.jar
7fa08afbc000-7fa08afc4000 rw-s 00000000 08:0a 5505089                    /tmp/hsperfdata_jefferson/5597
7fa08afc4000-7fa08afc5000 rw-p 00000000 00:00 0 
7fa08afc5000-7fa08afc6000 r--p 00000000 00:00 0 
7fa08afc6000-7fa08afc8000 rw-p 00000000 00:00 0 
7fa08afc8000-7fa08afc9000 r--p 00022000 08:0a 1835503                    /lib/x86_64-linux-gnu/ld-2.19.so
7fa08afc9000-7fa08afca000 rw-p 00023000 08:0a 1835503                    /lib/x86_64-linux-gnu/ld-2.19.so
7fa08afca000-7fa08afcb000 rw-p 00000000 00:00 0 
7ffff8089000-7ffff80aa000 rw-p 00000000 00:00 0                          [stack]
7ffff81fe000-7ffff8200000 r-xp 00000000 00:00 0                          [vdso]
ffffffffff600000-ffffffffff601000 r-xp 00000000 00:00 0                  [vsyscall]

VM Arguments:
java_command: br.com.teste.tesseract.main.TesseractMain
Launcher Type: SUN_STANDARD

Environment Variables:
JAVA_HOME=/usr/lib/jvm/java-7-oracle
PATH=/usr/games:/usr/local/sbin:/usr/local/bin:/usr/sbin:/usr/bin:/sbin:/bin:/usr/games:/usr/local/games:/opt/apache-maven-3.2.1/bin
LD_LIBRARY_PATH=/usr/lib/jvm/java-7-oracle/jre/lib/amd64:/usr/lib/jvm/java-7-oracle/jre/lib/i386:
SHELL=/bin/bash
DISPLAY=:0

Signal Handlers:
SIGSEGV: [libjvm.so+0x9a1a10], sa_mask[0]=0x7ffbfeff, sa_flags=0x10000004
SIGBUS: [libjvm.so+0x9a1a10], sa_mask[0]=0x7ffbfeff, sa_flags=0x10000004
SIGFPE: [libjvm.so+0x81bae0], sa_mask[0]=0x7ffbfeff, sa_flags=0x10000004
SIGPIPE: [libjvm.so+0x81bae0], sa_mask[0]=0x7ffbfeff, sa_flags=0x10000004
SIGXFSZ: [libjvm.so+0x81bae0], sa_mask[0]=0x7ffbfeff, sa_flags=0x10000004
SIGILL: [libjvm.so+0x81bae0], sa_mask[0]=0x7ffbfeff, sa_flags=0x10000004
SIGUSR1: SIG_DFL, sa_mask[0]=0x00000000, sa_flags=0x00000000
SIGUSR2: [libjvm.so+0x81d2e0], sa_mask[0]=0x00000004, sa_flags=0x10000004
SIGHUP: [libjvm.so+0x81e400], sa_mask[0]=0x7ffbfeff, sa_flags=0x10000004
SIGINT: SIG_IGN, sa_mask[0]=0x00000000, sa_flags=0x00000000
SIGTERM: [libjvm.so+0x81e400], sa_mask[0]=0x7ffbfeff, sa_flags=0x10000004
SIGQUIT: [libjvm.so+0x81e400], sa_mask[0]=0x7ffbfeff, sa_flags=0x10000004


---------------  S Y S T E M  ---------------

OS:jessie/sid

uname:Linux 3.13.0-43-generic #72-Ubuntu SMP Mon Dec 8 19:35:06 UTC 2014 x86_64
libc:glibc 2.19 NPTL 2.19 
rlimit: STACK 8192k, CORE 0k, NPROC 62566, NOFILE 4096, AS infinity
load average:0,80 0,49 0,50

/proc/meminfo:
MemTotal:        8039052 kB
MemFree:          565228 kB
Buffers:          171628 kB
Cached:          2538760 kB
SwapCached:            0 kB
Active:          2990404 kB
Inactive:        1911232 kB
Active(anon):    1896900 kB
Inactive(anon):   631944 kB
Active(file):    1093504 kB
Inactive(file):  1279288 kB
Unevictable:     2180944 kB
Mlocked:         2180948 kB
SwapTotal:       7812092 kB
SwapFree:        7812092 kB
Dirty:               740 kB
Writeback:             0 kB
AnonPages:       4372284 kB
Mapped:           406540 kB
Shmem:            317260 kB
Slab:             253344 kB
SReclaimable:     211164 kB
SUnreclaim:        42180 kB
KernelStack:        6856 kB
PageTables:        47508 kB
NFS_Unstable:          0 kB
Bounce:                0 kB
WritebackTmp:          0 kB
CommitLimit:    11831616 kB
Committed_AS:   10095200 kB
VmallocTotal:   34359738367 kB
VmallocUsed:      357356 kB
VmallocChunk:   34359376652 kB
HardwareCorrupted:     0 kB
AnonHugePages:   3442688 kB
HugePages_Total:       0
HugePages_Free:        0
HugePages_Rsvd:        0
HugePages_Surp:        0
Hugepagesize:       2048 kB
DirectMap4k:       91624 kB
DirectMap2M:     8159232 kB


CPU:total 4 (2 cores per cpu, 2 threads per core) family 6 model 58 stepping 9, cmov, cx8, fxsr, mmx, sse, sse2, sse3, ssse3, sse4.1, sse4.2, popcnt, avx, aes, erms, ht, tsc, tscinvbit, tscinv

/proc/cpuinfo:
processor	: 0
vendor_id	: GenuineIntel
cpu family	: 6
model		: 58
model name	: Intel(R) Core(TM) i5-3210M CPU @ 2.50GHz
stepping	: 9
microcode	: 0x15
cpu MHz		: 1200.000
cache size	: 3072 KB
physical id	: 0
siblings	: 4
core id		: 0
cpu cores	: 2
apicid		: 0
initial apicid	: 0
fpu		: yes
fpu_exception	: yes
cpuid level	: 13
wp		: yes
flags		: fpu vme de pse tsc msr pae mce cx8 apic sep mtrr pge mca cmov pat pse36 clflush dts acpi mmx fxsr sse sse2 ss ht tm pbe syscall nx rdtscp lm constant_tsc arch_perfmon pebs bts rep_good nopl xtopology nonstop_tsc aperfmperf eagerfpu pni pclmulqdq dtes64 monitor ds_cpl vmx est tm2 ssse3 cx16 xtpr pdcm pcid sse4_1 sse4_2 x2apic popcnt tsc_deadline_timer aes xsave avx f16c rdrand lahf_lm ida arat epb xsaveopt pln pts dtherm tpr_shadow vnmi flexpriority ept vpid fsgsbase smep erms
bogomips	: 4988.50
clflush size	: 64
cache_alignment	: 64
address sizes	: 36 bits physical, 48 bits virtual
power management:

processor	: 1
vendor_id	: GenuineIntel
cpu family	: 6
model		: 58
model name	: Intel(R) Core(TM) i5-3210M CPU @ 2.50GHz
stepping	: 9
microcode	: 0x15
cpu MHz		: 2501.000
cache size	: 3072 KB
physical id	: 0
siblings	: 4
core id		: 1
cpu cores	: 2
apicid		: 2
initial apicid	: 2
fpu		: yes
fpu_exception	: yes
cpuid level	: 13
wp		: yes
flags		: fpu vme de pse tsc msr pae mce cx8 apic sep mtrr pge mca cmov pat pse36 clflush dts acpi mmx fxsr sse sse2 ss ht tm pbe syscall nx rdtscp lm constant_tsc arch_perfmon pebs bts rep_good nopl xtopology nonstop_tsc aperfmperf eagerfpu pni pclmulqdq dtes64 monitor ds_cpl vmx est tm2 ssse3 cx16 xtpr pdcm pcid sse4_1 sse4_2 x2apic popcnt tsc_deadline_timer aes xsave avx f16c rdrand lahf_lm ida arat epb xsaveopt pln pts dtherm tpr_shadow vnmi flexpriority ept vpid fsgsbase smep erms
bogomips	: 4988.50
clflush size	: 64
cache_alignment	: 64
address sizes	: 36 bits physical, 48 bits virtual
power management:

processor	: 2
vendor_id	: GenuineIntel
cpu family	: 6
model		: 58
model name	: Intel(R) Core(TM) i5-3210M CPU @ 2.50GHz
stepping	: 9
microcode	: 0x15
cpu MHz		: 2501.000
cache size	: 3072 KB
physical id	: 0
siblings	: 4
core id		: 0
cpu cores	: 2
apicid		: 1
initial apicid	: 1
fpu		: yes
fpu_exception	: yes
cpuid level	: 13
wp		: yes
flags		: fpu vme de pse tsc msr pae mce cx8 apic sep mtrr pge mca cmov pat pse36 clflush dts acpi mmx fxsr sse sse2 ss ht tm pbe syscall nx rdtscp lm constant_tsc arch_perfmon pebs bts rep_good nopl xtopology nonstop_tsc aperfmperf eagerfpu pni pclmulqdq dtes64 monitor ds_cpl vmx est tm2 ssse3 cx16 xtpr pdcm pcid sse4_1 sse4_2 x2apic popcnt tsc_deadline_timer aes xsave avx f16c rdrand lahf_lm ida arat epb xsaveopt pln pts dtherm tpr_shadow vnmi flexpriority ept vpid fsgsbase smep erms
bogomips	: 4988.50
clflush size	: 64
cache_alignment	: 64
address sizes	: 36 bits physical, 48 bits virtual
power management:

processor	: 3
vendor_id	: GenuineIntel
cpu family	: 6
model		: 58
model name	: Intel(R) Core(TM) i5-3210M CPU @ 2.50GHz
stepping	: 9
microcode	: 0x15
cpu MHz		: 1200.000
cache size	: 3072 KB
physical id	: 0
siblings	: 4
core id		: 1
cpu cores	: 2
apicid		: 3
initial apicid	: 3
fpu		: yes
fpu_exception	: yes
cpuid level	: 13
wp		: yes
flags		: fpu vme de pse tsc msr pae mce cx8 apic sep mtrr pge mca cmov pat pse36 clflush dts acpi mmx fxsr sse sse2 ss ht tm pbe syscall nx rdtscp lm constant_tsc arch_perfmon pebs bts rep_good nopl xtopology nonstop_tsc aperfmperf eagerfpu pni pclmulqdq dtes64 monitor ds_cpl vmx est tm2 ssse3 cx16 xtpr pdcm pcid sse4_1 sse4_2 x2apic popcnt tsc_deadline_timer aes xsave avx f16c rdrand lahf_lm ida arat epb xsaveopt pln pts dtherm tpr_shadow vnmi flexpriority ept vpid fsgsbase smep erms
bogomips	: 4988.50
clflush size	: 64
cache_alignment	: 64
address sizes	: 36 bits physical, 48 bits virtual
power management:



Memory: 4k page, physical 8039052k(565228k free), swap 7812092k(7812092k free)

vm_info: Java HotSpot(TM) 64-Bit Server VM (24.72-b04) for linux-amd64 JRE (1.7.0_72-b14), built on Sep 26 2014 18:20:41 by "java_re" with gcc 4.3.0 20080428 (Red Hat 4.3.0-8)

time: Mon Jan  5 03:08:13 2015
elapsed time: 0 seconds

