#
# A fatal error has been detected by the Java Runtime Environment:
#
#  SIGSEGV (0xb) at pc=0x00007f538e7c333a, pid=1149, tid=139997908739840
#
# JRE version: Java(TM) SE Runtime Environment (7.0_72-b14) (build 1.7.0_72-b14)
# Java VM: Java HotSpot(TM) 64-Bit Server VM (24.72-b04 mixed mode linux-amd64 compressed oops)
# Problematic frame:
# C  [libtesseract.so.3.0.3+0x22533a]  ERRCODE::error(char const*, TessErrorLogCode, char const*, ...) const+0x16a
#
# Failed to write core dump. Core dumps have been disabled. To enable core dumping, try "ulimit -c unlimited" before starting Java again
#
# If you would like to submit a bug report, please visit:
#   http://bugreport.sun.com/bugreport/crash.jsp
# The crash happened outside the Java Virtual Machine in native code.
# See problematic frame for where to report the bug.
#

---------------  T H R E A D  ---------------

Current thread (0x00007f53c400a800):  JavaThread "main" [_thread_in_native, id=1151, stack(0x00007f53cd8ea000,0x00007f53cd9eb000)]

siginfo:si_signo=SIGSEGV: si_errno=0, si_code=1 (SEGV_MAPERR), si_addr=0x0000000000000000

Registers:
RAX=0x000000000000004e, RBX=0x00007f53cd9e7b60, RCX=0x00007f53ccedf30d, RDX=0x00007f53cd1b49d0
RSP=0x00007f53cd9e7b40, RBP=0x0000000000000002, RSI=0x000000000000004e, RDI=0x00007f53cd9e5310
R8 =0x00007f53cd9ea700, R9 =0x61646120656c6966, R10=0x00007f53cd1b0be0, R11=0x0000000000000000
R12=0x00007f53cd9e7b8d, R13=0x00007f538e7cc177, R14=0x00007f538ea794a0, R15=0x00007f538e7e27ff
RIP=0x00007f538e7c333a, EFLAGS=0x0000000000010246, CSGSFS=0x0000000000000033, ERR=0x0000000000000004
  TRAPNO=0x000000000000000e

Top of Stack: (sp=0x00007f53cd9e7b40)
0x00007f53cd9e7b40:   0000000000000000 0000003000000030
0x00007f53cd9e7b50:   00007f53cd9e8050 00007f53cd9e7f70
0x00007f53cd9e7b60:   5464657470616441 736574616c706d65
0x00007f53cd9e7b70:   4c4c554e203d2120 413a726f7272453a
0x00007f53cd9e7b80:   6166207472657373 206e693a64656c69
0x00007f53cd9e7b90:   61646120656c6966 2e686374616d7470
0x00007f53cd9e7ba0:   6e696c202c707063 00000a3437312065
0x00007f53cd9e7bb0:   0000000000000000 0000000000000000
0x00007f53cd9e7bc0:   0000000000000000 0000000000000000
0x00007f53cd9e7bd0:   0000000000000000 0000000000000000
0x00007f53cd9e7be0:   0000000000000000 0000000000000000
0x00007f53cd9e7bf0:   0000000000000000 0000000000000000
0x00007f53cd9e7c00:   0000000000000000 0000000000000000
0x00007f53cd9e7c10:   0000000000000000 0000000000000000
0x00007f53cd9e7c20:   0000000000000000 0000000000000000
0x00007f53cd9e7c30:   0000000000000000 0000000000000000
0x00007f53cd9e7c40:   0000000000000000 0000000000000000
0x00007f53cd9e7c50:   0000000000000000 0000000000000000
0x00007f53cd9e7c60:   0000000000000000 0000000000000000
0x00007f53cd9e7c70:   0000000000000000 0000000000000000
0x00007f53cd9e7c80:   0000000000000000 0000000000000000
0x00007f53cd9e7c90:   0000000000000000 0000000000000000
0x00007f53cd9e7ca0:   0000000000000000 0000000000000000
0x00007f53cd9e7cb0:   0000000000000000 0000000000000000
0x00007f53cd9e7cc0:   0000000000000000 0000000000000000
0x00007f53cd9e7cd0:   0000000000000000 0000000000000000
0x00007f53cd9e7ce0:   0000000000000000 0000000000000000
0x00007f53cd9e7cf0:   0000000000000000 0000000000000000
0x00007f53cd9e7d00:   0000000000000000 0000000000000000
0x00007f53cd9e7d10:   0000000000000000 0000000000000000
0x00007f53cd9e7d20:   0000000000000000 0000000000000000
0x00007f53cd9e7d30:   0000000000000000 0000000000000000 

Instructions: (pc=0x00007f538e7c333a)
0x00007f538e7c331a:   48 89 d9 be 01 00 00 00 48 8b 38 31 c0 e8 14 60
0x00007f538e7c332a:   e5 ff 83 fd ff 7c 14 85 ed 7e 2c 83 fd 02 7f 0b
0x00007f538e7c333a:   8b 04 25 00 00 00 00 85 c0 74 52 48 8d 35 14 8d
0x00007f538e7c334a:   01 00 48 8d 3d f5 81 4f 00 31 c9 ba 02 00 00 00 

Register to memory mapping:

RAX=0x000000000000004e is an unknown value
RBX=0x00007f53cd9e7b60 is pointing into the stack for thread: 0x00007f53c400a800
RCX=0x00007f53ccedf30d: __write+0x2d in /lib/x86_64-linux-gnu/libc.so.6 at 0x00007f53ccdf3000
RDX=0x00007f53cd1b49d0: <offset 0x3c19d0> in /lib/x86_64-linux-gnu/libc.so.6 at 0x00007f53ccdf3000
RSP=0x00007f53cd9e7b40 is pointing into the stack for thread: 0x00007f53c400a800
RBP=0x0000000000000002 is an unknown value
RSI=0x000000000000004e is an unknown value
RDI=0x00007f53cd9e5310 is pointing into the stack for thread: 0x00007f53c400a800
R8 =0x00007f53cd9ea700 is pointing into the stack for thread: 0x00007f53c400a800
R9 =0x61646120656c6966 is an unknown value
R10=0x00007f53cd1b0be0: <offset 0x3bdbe0> in /lib/x86_64-linux-gnu/libc.so.6 at 0x00007f53ccdf3000
R11=0x0000000000000000 is an unknown value
R12=0x00007f53cd9e7b8d is pointing into the stack for thread: 0x00007f53c400a800
R13=0x00007f538e7cc177: <offset 0x22e177> in /usr/lib/libtesseract.so.3.0.3 at 0x00007f538e59e000
R14=0x00007f538ea794a0: <offset 0x4db4a0> in /usr/lib/libtesseract.so.3.0.3 at 0x00007f538e59e000
R15=0x00007f538e7e27ff: <offset 0x2447ff> in /usr/lib/libtesseract.so.3.0.3 at 0x00007f538e59e000


Stack: [0x00007f53cd8ea000,0x00007f53cd9eb000],  sp=0x00007f53cd9e7b40,  free space=1014k
Native frames: (J=compiled Java code, j=interpreted, Vv=VM code, C=native code)
C  [libtesseract.so.3.0.3+0x22533a]  ERRCODE::error(char const*, TessErrorLogCode, char const*, ...) const+0x16a

Java frames: (J=compiled Java code, j=interpreted, Vv=VM code)
j  com.sun.jna.Native.invokePointer(JI[Ljava/lang/Object;)J+0
j  com.sun.jna.Function.invokePointer(I[Ljava/lang/Object;)Lcom/sun/jna/Pointer;+6
j  com.sun.jna.Function.invoke([Ljava/lang/Object;Ljava/lang/Class;Z)Ljava/lang/Object;+426
j  com.sun.jna.Function.invoke(Ljava/lang/Class;[Ljava/lang/Object;Ljava/util/Map;)Ljava/lang/Object;+262
j  com.sun.jna.Library$Handler.invoke(Ljava/lang/Object;Ljava/lang/reflect/Method;[Ljava/lang/Object;)Ljava/lang/Object;+316
j  com.sun.proxy.$Proxy0.TessBaseAPIGetUTF8Text(Lnet/sourceforge/tess4j/TessAPI$TessBaseAPI;)Lcom/sun/jna/Pointer;+16
j  net.sourceforge.tess4j.Tesseract.getOCRText()Ljava/lang/String;+37
j  net.sourceforge.tess4j.Tesseract.doOCR(Ljava/util/List;Ljava/awt/Rectangle;)Ljava/lang/String;+68
j  net.sourceforge.tess4j.Tesseract.doOCR(Ljava/io/File;Ljava/awt/Rectangle;)Ljava/lang/String;+6
j  net.sourceforge.tess4j.Tesseract.doOCR(Ljava/io/File;)Ljava/lang/String;+3
j  br.com.teste.tesseract.main.TesseractMain.main([Ljava/lang/String;)V+42
v  ~StubRoutines::call_stub

---------------  P R O C E S S  ---------------

Java Threads: ( => current thread )
  0x00007f53c41b9800 JavaThread "Java2D Disposer" daemon [_thread_blocked, id=1166, stack(0x00007f538f07b000,0x00007f538f17c000)]
  0x00007f53c4099000 JavaThread "Service Thread" daemon [_thread_blocked, id=1164, stack(0x00007f53bcc0c000,0x00007f53bcd0d000)]
  0x00007f53c4096800 JavaThread "C2 CompilerThread1" daemon [_thread_blocked, id=1163, stack(0x00007f53bcd0d000,0x00007f53bce0e000)]
  0x00007f53c4093800 JavaThread "C2 CompilerThread0" daemon [_thread_in_native, id=1162, stack(0x00007f53bce0e000,0x00007f53bcf0f000)]
  0x00007f53c4091800 JavaThread "Signal Dispatcher" daemon [_thread_blocked, id=1161, stack(0x00007f53bcf0f000,0x00007f53bd010000)]
  0x00007f53c4070800 JavaThread "Finalizer" daemon [_thread_blocked, id=1160, stack(0x00007f53c8740000,0x00007f53c8841000)]
  0x00007f53c406e800 JavaThread "Reference Handler" daemon [_thread_blocked, id=1159, stack(0x00007f53c8841000,0x00007f53c8942000)]
=>0x00007f53c400a800 JavaThread "main" [_thread_in_native, id=1151, stack(0x00007f53cd8ea000,0x00007f53cd9eb000)]

Other Threads:
  0x00007f53c406a000 VMThread [stack: 0x00007f53c8942000,0x00007f53c8a43000] [id=1158]
  0x00007f53c40ab800 WatcherThread [stack: 0x00007f53bcb0b000,0x00007f53bcc0c000] [id=1165]

VM state:not at safepoint (normal execution)

VM Mutex/Monitor currently owned by a thread: None

Heap
 PSYoungGen      total 36864K, used 22278K [0x00000000d7100000, 0x00000000d9a00000, 0x0000000100000000)
  eden space 31744K, 70% used [0x00000000d7100000,0x00000000d86c1ad0,0x00000000d9000000)
  from space 5120K, 0% used [0x00000000d9500000,0x00000000d9500000,0x00000000d9a00000)
  to   space 5120K, 0% used [0x00000000d9000000,0x00000000d9000000,0x00000000d9500000)
 ParOldGen       total 83456K, used 0K [0x0000000085400000, 0x000000008a580000, 0x00000000d7100000)
  object space 83456K, 0% used [0x0000000085400000,0x0000000085400000,0x000000008a580000)
 PSPermGen       total 21504K, used 7148K [0x0000000080200000, 0x0000000081700000, 0x0000000085400000)
  object space 21504K, 33% used [0x0000000080200000,0x00000000808fb390,0x0000000081700000)

Card table byte_map: [0x00007f53ca7de000,0x00007f53cabde000] byte_map_base: 0x00007f53ca3dd000

Polling page: 0x00007f53cda11000

Code Cache  [0x00007f53c1000000, 0x00007f53c1270000, 0x00007f53c4000000)
 total_blobs=315 nmethods=42 adapters=226 free_code_cache=48625Kb largest_free_block=49764224

Compilation events (10 events):
Event: 1,065 Thread 0x00007f53c4096800 nmethod 34 0x00007f53c107cbd0 code [0x00007f53c107cd80, 0x00007f53c107da88]
Event: 1,147 Thread 0x00007f53c4093800   39             java.lang.String::startsWith (7 bytes)
Event: 1,150 Thread 0x00007f53c4093800 nmethod 39 0x00007f53c107e310 code [0x00007f53c107e460, 0x00007f53c107e5d8]
Event: 1,160 Thread 0x00007f53c4096800   40             java.util.HashMap::hash (55 bytes)
Event: 1,162 Thread 0x00007f53c4096800 nmethod 40 0x00007f53c1083190 code [0x00007f53c10832e0, 0x00007f53c1083408]
Event: 1,195 Thread 0x00007f53c4093800   41 %           com.sun.media.imageioimpl.plugins.tiff.TIFFImageWriter::writeTile @ 869 (3310 bytes)
Event: 1,198 Thread 0x00007f53c4096800   42             sun.awt.image.ByteInterleavedRaster::getByteData (851 bytes)
Event: 1,238 Thread 0x00007f53c4093800 nmethod 41% 0x00007f53c1080810 code [0x00007f53c10809a0, 0x00007f53c1081228]
Event: 1,238 Thread 0x00007f53c4093800   43             com.sun.media.imageioimpl.plugins.tiff.TIFFImageWriter::writeTile (3310 bytes)
Event: 1,335 Thread 0x00007f53c4096800 nmethod 42 0x00007f53c10884d0 code [0x00007f53c10886a0, 0x00007f53c1089ed8]

GC Heap History (0 events):
No events

Deoptimization events (8 events):
Event: 1,015 Thread 0x00007f53c400a800 Uncommon trap: reason=class_check action=maybe_recompile pc=0x00007f53c10634a0 method=java.lang.String.equals(Ljava/lang/Object;)Z @ 8
Event: 1,015 Thread 0x00007f53c400a800 Uncommon trap: reason=class_check action=maybe_recompile pc=0x00007f53c10634a0 method=java.lang.String.equals(Ljava/lang/Object;)Z @ 8
Event: 1,016 Thread 0x00007f53c400a800 Uncommon trap: reason=class_check action=maybe_recompile pc=0x00007f53c10634a0 method=java.lang.String.equals(Ljava/lang/Object;)Z @ 8
Event: 1,019 Thread 0x00007f53c400a800 Uncommon trap: reason=class_check action=maybe_recompile pc=0x00007f53c10634a0 method=java.lang.String.equals(Ljava/lang/Object;)Z @ 8
Event: 1,065 Thread 0x00007f53c400a800 Uncommon trap: reason=bimorphic action=maybe_recompile pc=0x00007f53c107bba8 method=java.util.HashMap.getEntry(Ljava/lang/Object;)Ljava/util/HashMap$Entry; @ 68
Event: 1,065 Thread 0x00007f53c400a800 Uncommon trap: reason=bimorphic action=maybe_recompile pc=0x00007f53c107bba8 method=java.util.HashMap.getEntry(Ljava/lang/Object;)Ljava/util/HashMap$Entry; @ 68
Event: 1,066 Thread 0x00007f53c400a800 Uncommon trap: reason=bimorphic action=maybe_recompile pc=0x00007f53c107bba8 method=java.util.HashMap.getEntry(Ljava/lang/Object;)Ljava/util/HashMap$Entry; @ 68
Event: 1,067 Thread 0x00007f53c400a800 Uncommon trap: reason=bimorphic action=maybe_recompile pc=0x00007f53c107bba8 method=java.util.HashMap.getEntry(Ljava/lang/Object;)Ljava/util/HashMap$Entry; @ 68

Internal exceptions (10 events):
Event: 1,364 Thread 0x00007f53c400a800 Threw 0x00000000d815f2b8 at /HUDSON/workspace/7u-2-build-linux-amd64/jdk7u72/1606/hotspot/src/share/vm/prims/jvm.cpp:1281
Event: 1,365 Thread 0x00007f53c400a800 Threw 0x00000000d8162a08 at /HUDSON/workspace/7u-2-build-linux-amd64/jdk7u72/1606/hotspot/src/share/vm/prims/jvm.cpp:1281
Event: 1,365 Thread 0x00007f53c400a800 Threw 0x00000000d8165ff8 at /HUDSON/workspace/7u-2-build-linux-amd64/jdk7u72/1606/hotspot/src/share/vm/prims/jvm.cpp:1281
Event: 1,366 Thread 0x00007f53c400a800 Threw 0x00000000d816b2c0 at /HUDSON/workspace/7u-2-build-linux-amd64/jdk7u72/1606/hotspot/src/share/vm/prims/jvm.cpp:1281
Event: 1,367 Thread 0x00007f53c400a800 Threw 0x00000000d816e9c8 at /HUDSON/workspace/7u-2-build-linux-amd64/jdk7u72/1606/hotspot/src/share/vm/prims/jvm.cpp:1281
Event: 1,367 Thread 0x00007f53c400a800 Threw 0x00000000d8172190 at /HUDSON/workspace/7u-2-build-linux-amd64/jdk7u72/1606/hotspot/src/share/vm/prims/jvm.cpp:1281
Event: 1,367 Thread 0x00007f53c400a800 Threw 0x00000000d81757e0 at /HUDSON/workspace/7u-2-build-linux-amd64/jdk7u72/1606/hotspot/src/share/vm/prims/jvm.cpp:1281
Event: 1,368 Thread 0x00007f53c400a800 Threw 0x00000000d8178e80 at /HUDSON/workspace/7u-2-build-linux-amd64/jdk7u72/1606/hotspot/src/share/vm/prims/jvm.cpp:1281
Event: 1,368 Thread 0x00007f53c400a800 Threw 0x00000000d817c520 at /HUDSON/workspace/7u-2-build-linux-amd64/jdk7u72/1606/hotspot/src/share/vm/prims/jvm.cpp:1281
Event: 1,387 Thread 0x00007f53c400a800 Threw 0x00000000d81cf568 at /HUDSON/workspace/7u-2-build-linux-amd64/jdk7u72/1606/hotspot/src/share/vm/prims/jvm.cpp:1281

Events (10 events):
Event: 1,370 loading class 0x00007f53c4171890
Event: 1,370 loading class 0x00007f53c4171890 done
Event: 1,370 loading class 0x00007f53c4171850
Event: 1,370 loading class 0x00007f53c4171850 done
Event: 1,370 loading class 0x00007f5390000be0
Event: 1,370 loading class 0x00007f5390000be0 done
Event: 1,386 loading class 0x00007f53c9cd1430
Event: 1,386 loading class 0x00007f53c9cd1430 done
Event: 1,387 loading class 0x00007f53c41e89b0
Event: 1,387 loading class 0x00007f53c41e89b0 done


Dynamic libraries:
00400000-00401000 r-xp 00000000 08:0a 3166324                            /usr/lib/jvm/java-7-oracle/bin/java
00600000-00601000 rw-p 00000000 08:0a 3166324                            /usr/lib/jvm/java-7-oracle/bin/java
0190a000-0192b000 rw-p 00000000 00:00 0                                  [heap]
80200000-81700000 rw-p 00000000 00:00 0 
81700000-85400000 rw-p 00000000 00:00 0 
85400000-8a580000 rw-p 00000000 00:00 0 
8a580000-d7100000 rw-p 00000000 00:00 0 
d7100000-d9a00000 rw-p 00000000 00:00 0 
d9a00000-100000000 rw-p 00000000 00:00 0 
7f5384000000-7f5384021000 rw-p 00000000 00:00 0 
7f5384021000-7f5388000000 ---p 00000000 00:00 0 
7f5388000000-7f5388021000 rw-p 00000000 00:00 0 
7f5388021000-7f538c000000 ---p 00000000 00:00 0 
7f538c98c000-7f538cb10000 rw-p 00000000 00:00 0 
7f538cb10000-7f538cb26000 r-xp 00000000 08:0a 3166048                    /usr/lib/jvm/java-7-oracle/jre/lib/amd64/libnet.so
7f538cb26000-7f538cd26000 ---p 00016000 08:0a 3166048                    /usr/lib/jvm/java-7-oracle/jre/lib/amd64/libnet.so
7f538cd26000-7f538cd27000 rw-p 00016000 08:0a 3166048                    /usr/lib/jvm/java-7-oracle/jre/lib/amd64/libnet.so
7f538cd27000-7f538cd37000 r-xp 00000000 08:0a 3166090                    /usr/lib/jvm/java-7-oracle/jre/lib/amd64/libnio.so
7f538cd37000-7f538cf37000 ---p 00010000 08:0a 3166090                    /usr/lib/jvm/java-7-oracle/jre/lib/amd64/libnio.so
7f538cf37000-7f538cf38000 rw-p 00010000 08:0a 3166090                    /usr/lib/jvm/java-7-oracle/jre/lib/amd64/libnio.so
7f538cf38000-7f538cf43000 r-xp 00000000 08:0a 3014739                    /usr/lib/x86_64-linux-gnu/libjbig.so.0
7f538cf43000-7f538d142000 ---p 0000b000 08:0a 3014739                    /usr/lib/x86_64-linux-gnu/libjbig.so.0
7f538d142000-7f538d143000 r--p 0000a000 08:0a 3014739                    /usr/lib/x86_64-linux-gnu/libjbig.so.0
7f538d143000-7f538d146000 rw-p 0000b000 08:0a 3014739                    /usr/lib/x86_64-linux-gnu/libjbig.so.0
7f538d146000-7f538d167000 r-xp 00000000 08:0a 1839032                    /lib/x86_64-linux-gnu/liblzma.so.5.0.0
7f538d167000-7f538d366000 ---p 00021000 08:0a 1839032                    /lib/x86_64-linux-gnu/liblzma.so.5.0.0
7f538d366000-7f538d367000 r--p 00020000 08:0a 1839032                    /lib/x86_64-linux-gnu/liblzma.so.5.0.0
7f538d367000-7f538d368000 rw-p 00021000 08:0a 1839032                    /lib/x86_64-linux-gnu/liblzma.so.5.0.0
7f538d368000-7f538d3d6000 r-xp 00000000 08:0a 3016371                    /usr/lib/x86_64-linux-gnu/libtiff.so.5.2.0
7f538d3d6000-7f538d5d6000 ---p 0006e000 08:0a 3016371                    /usr/lib/x86_64-linux-gnu/libtiff.so.5.2.0
7f538d5d6000-7f538d5d7000 r--p 0006e000 08:0a 3016371                    /usr/lib/x86_64-linux-gnu/libtiff.so.5.2.0
7f538d5d7000-7f538d5da000 rw-p 0006f000 08:0a 3016371                    /usr/lib/x86_64-linux-gnu/libtiff.so.5.2.0
7f538d5da000-7f538d61d000 r-xp 00000000 08:0a 3023370                    /usr/lib/x86_64-linux-gnu/libjpeg.so.8.0.2
7f538d61d000-7f538d81d000 ---p 00043000 08:0a 3023370                    /usr/lib/x86_64-linux-gnu/libjpeg.so.8.0.2
7f538d81d000-7f538d81e000 r--p 00043000 08:0a 3023370                    /usr/lib/x86_64-linux-gnu/libjpeg.so.8.0.2
7f538d81e000-7f538d81f000 rw-p 00044000 08:0a 3023370                    /usr/lib/x86_64-linux-gnu/libjpeg.so.8.0.2
7f538d81f000-7f538d82f000 rw-p 00000000 00:00 0 
7f538d82f000-7f538d854000 r-xp 00000000 08:0a 1839100                    /lib/x86_64-linux-gnu/libpng12.so.0.50.0
7f538d854000-7f538da53000 ---p 00025000 08:0a 1839100                    /lib/x86_64-linux-gnu/libpng12.so.0.50.0
7f538da53000-7f538da54000 r--p 00024000 08:0a 1839100                    /lib/x86_64-linux-gnu/libpng12.so.0.50.0
7f538da54000-7f538da55000 rw-p 00025000 08:0a 1839100                    /lib/x86_64-linux-gnu/libpng12.so.0.50.0
7f538da55000-7f538da6d000 r-xp 00000000 08:0a 1839148                    /lib/x86_64-linux-gnu/libz.so.1.2.8
7f538da6d000-7f538dc6c000 ---p 00018000 08:0a 1839148                    /lib/x86_64-linux-gnu/libz.so.1.2.8
7f538dc6c000-7f538dc6d000 r--p 00017000 08:0a 1839148                    /lib/x86_64-linux-gnu/libz.so.1.2.8
7f538dc6d000-7f538dc6e000 rw-p 00018000 08:0a 1839148                    /lib/x86_64-linux-gnu/libz.so.1.2.8
7f538dc6e000-7f538dc84000 r-xp 00000000 08:0a 1835102                    /lib/x86_64-linux-gnu/libgcc_s.so.1
7f538dc84000-7f538de83000 ---p 00016000 08:0a 1835102                    /lib/x86_64-linux-gnu/libgcc_s.so.1
7f538de83000-7f538de84000 rw-p 00015000 08:0a 1835102                    /lib/x86_64-linux-gnu/libgcc_s.so.1
7f538de84000-7f538df6a000 r-xp 00000000 08:0a 3023676                    /usr/lib/x86_64-linux-gnu/libstdc++.so.6.0.19
7f538df6a000-7f538e169000 ---p 000e6000 08:0a 3023676                    /usr/lib/x86_64-linux-gnu/libstdc++.so.6.0.19
7f538e169000-7f538e171000 r--p 000e5000 08:0a 3023676                    /usr/lib/x86_64-linux-gnu/libstdc++.so.6.0.19
7f538e171000-7f538e173000 rw-p 000ed000 08:0a 3023676                    /usr/lib/x86_64-linux-gnu/libstdc++.so.6.0.19
7f538e173000-7f538e188000 rw-p 00000000 00:00 0 
7f538e188000-7f538e394000 r-xp 00000000 08:0a 3409422                    /usr/local/lib/liblept.so.4.0.1
7f538e394000-7f538e594000 ---p 0020c000 08:0a 3409422                    /usr/local/lib/liblept.so.4.0.1
7f538e594000-7f538e595000 r--p 0020c000 08:0a 3409422                    /usr/local/lib/liblept.so.4.0.1
7f538e595000-7f538e59e000 rw-p 0020d000 08:0a 3409422                    /usr/local/lib/liblept.so.4.0.1
7f538e59e000-7f538e870000 r-xp 00000000 08:0a 3104093                    /usr/lib/libtesseract.so.3.0.3
7f538e870000-7f538ea6f000 ---p 002d2000 08:0a 3104093                    /usr/lib/libtesseract.so.3.0.3
7f538ea6f000-7f538ea74000 r--p 002d1000 08:0a 3104093                    /usr/lib/libtesseract.so.3.0.3
7f538ea74000-7f538ea75000 rw-p 002d6000 08:0a 3104093                    /usr/lib/libtesseract.so.3.0.3
7f538ea75000-7f538ed0c000 rw-p 00000000 00:00 0 
7f538ed0c000-7f538ed23000 r-xp 00000000 08:0a 5511693                    /tmp/jna-666594154/jna4690131941684962704.tmp (deleted)
7f538ed23000-7f538ee22000 ---p 00017000 08:0a 5511693                    /tmp/jna-666594154/jna4690131941684962704.tmp (deleted)
7f538ee22000-7f538ee24000 rw-p 00016000 08:0a 5511693                    /tmp/jna-666594154/jna4690131941684962704.tmp (deleted)
7f538ee24000-7f538ee79000 r-xp 00000000 08:0a 3166085                    /usr/lib/jvm/java-7-oracle/jre/lib/amd64/libkcms.so
7f538ee79000-7f538f079000 ---p 00055000 08:0a 3166085                    /usr/lib/jvm/java-7-oracle/jre/lib/amd64/libkcms.so
7f538f079000-7f538f07b000 rw-p 00055000 08:0a 3166085                    /usr/lib/jvm/java-7-oracle/jre/lib/amd64/libkcms.so
7f538f07b000-7f538f07e000 ---p 00000000 00:00 0 
7f538f07e000-7f538f17c000 rw-p 00000000 00:00 0                          [stack:1166]
7f538f17c000-7f538f1b6000 r-xp 00000000 08:0a 3166097                    /usr/lib/jvm/java-7-oracle/jre/lib/amd64/libjpeg.so
7f538f1b6000-7f538f3b6000 ---p 0003a000 08:0a 3166097                    /usr/lib/jvm/java-7-oracle/jre/lib/amd64/libjpeg.so
7f538f3b6000-7f538f3b7000 rw-p 0003a000 08:0a 3166097                    /usr/lib/jvm/java-7-oracle/jre/lib/amd64/libjpeg.so
7f538f3b7000-7f538f3bc000 r-xp 00000000 08:0a 3022781                    /usr/lib/x86_64-linux-gnu/libXdmcp.so.6.0.0
7f538f3bc000-7f538f5bb000 ---p 00005000 08:0a 3022781                    /usr/lib/x86_64-linux-gnu/libXdmcp.so.6.0.0
7f538f5bb000-7f538f5bc000 r--p 00004000 08:0a 3022781                    /usr/lib/x86_64-linux-gnu/libXdmcp.so.6.0.0
7f538f5bc000-7f538f5bd000 rw-p 00005000 08:0a 3022781                    /usr/lib/x86_64-linux-gnu/libXdmcp.so.6.0.0
7f538f5bd000-7f538f5bf000 r-xp 00000000 08:0a 3022770                    /usr/lib/x86_64-linux-gnu/libXau.so.6.0.0
7f538f5bf000-7f538f7bf000 ---p 00002000 08:0a 3022770                    /usr/lib/x86_64-linux-gnu/libXau.so.6.0.0
7f538f7bf000-7f538f7c0000 r--p 00002000 08:0a 3022770                    /usr/lib/x86_64-linux-gnu/libXau.so.6.0.0
7f538f7c0000-7f538f7c1000 rw-p 00003000 08:0a 3022770                    /usr/lib/x86_64-linux-gnu/libXau.so.6.0.0
7f538f7c1000-7f538f7de000 r-xp 00000000 08:0a 3023838                    /usr/lib/x86_64-linux-gnu/libxcb.so.1.1.0
7f538f7de000-7f538f9de000 ---p 0001d000 08:0a 3023838                    /usr/lib/x86_64-linux-gnu/libxcb.so.1.1.0
7f538f9de000-7f538f9df000 r--p 0001d000 08:0a 3023838                    /usr/lib/x86_64-linux-gnu/libxcb.so.1.1.0
7f538f9df000-7f538f9e0000 rw-p 0001e000 08:0a 3023838                    /usr/lib/x86_64-linux-gnu/libxcb.so.1.1.0
7f538f9e0000-7f538f9ef000 r-xp 00000000 08:0a 3022791                    /usr/lib/x86_64-linux-gnu/libXi.so.6.1.0
7f538f9ef000-7f538fbee000 ---p 0000f000 08:0a 3022791                    /usr/lib/x86_64-linux-gnu/libXi.so.6.1.0
7f538fbee000-7f538fbef000 r--p 0000e000 08:0a 3022791                    /usr/lib/x86_64-linux-gnu/libXi.so.6.1.0
7f538fbef000-7f538fbf0000 rw-p 0000f000 08:0a 3022791                    /usr/lib/x86_64-linux-gnu/libXi.so.6.1.0
7f538fbf0000-7f538fbf5000 r-xp 00000000 08:0a 3022811                    /usr/lib/x86_64-linux-gnu/libXtst.so.6.1.0
7f538fbf5000-7f538fdf4000 ---p 00005000 08:0a 3022811                    /usr/lib/x86_64-linux-gnu/libXtst.so.6.1.0
7f538fdf4000-7f538fdf5000 r--p 00004000 08:0a 3022811                    /usr/lib/x86_64-linux-gnu/libXtst.so.6.1.0
7f538fdf5000-7f538fdf6000 rw-p 00005000 08:0a 3022811                    /usr/lib/x86_64-linux-gnu/libXtst.so.6.1.0
7f538fdf6000-7f538fdff000 r-xp 00000000 08:0a 3022805                    /usr/lib/x86_64-linux-gnu/libXrender.so.1.3.0
7f538fdff000-7f538fffe000 ---p 00009000 08:0a 3022805                    /usr/lib/x86_64-linux-gnu/libXrender.so.1.3.0
7f538fffe000-7f538ffff000 r--p 00008000 08:0a 3022805                    /usr/lib/x86_64-linux-gnu/libXrender.so.1.3.0
7f538ffff000-7f5390000000 rw-p 00009000 08:0a 3022805                    /usr/lib/x86_64-linux-gnu/libXrender.so.1.3.0
7f5390000000-7f5390404000 rw-p 00000000 00:00 0 
7f5390404000-7f5394000000 ---p 00000000 00:00 0 
7f5394000000-7f5394021000 rw-p 00000000 00:00 0 
7f5394021000-7f5398000000 ---p 00000000 00:00 0 
7f5398000000-7f5398021000 rw-p 00000000 00:00 0 
7f5398021000-7f539c000000 ---p 00000000 00:00 0 
7f539c000000-7f539cc11000 rw-p 00000000 00:00 0 
7f539cc11000-7f53a0000000 ---p 00000000 00:00 0 
7f53a0000000-7f53a0021000 rw-p 00000000 00:00 0 
7f53a0021000-7f53a4000000 ---p 00000000 00:00 0 
7f53a4000000-7f53a4021000 rw-p 00000000 00:00 0 
7f53a4021000-7f53a8000000 ---p 00000000 00:00 0 
7f53a8000000-7f53a8021000 rw-p 00000000 00:00 0 
7f53a8021000-7f53ac000000 ---p 00000000 00:00 0 
7f53ac000000-7f53ac021000 rw-p 00000000 00:00 0 
7f53ac021000-7f53b0000000 ---p 00000000 00:00 0 
7f53b0000000-7f53b0021000 rw-p 00000000 00:00 0 
7f53b0021000-7f53b4000000 ---p 00000000 00:00 0 
7f53b4000000-7f53b4021000 rw-p 00000000 00:00 0 
7f53b4021000-7f53b8000000 ---p 00000000 00:00 0 
7f53b8000000-7f53b8021000 rw-p 00000000 00:00 0 
7f53b8021000-7f53bc000000 ---p 00000000 00:00 0 
7f53bc03c000-7f53bc041000 r--s 0008a000 08:0a 3166163                    /usr/lib/jvm/java-7-oracle/jre/lib/jsse.jar
7f53bc041000-7f53bc04b000 r--s 00251000 08:0a 3166172                    /usr/lib/jvm/java-7-oracle/jre/lib/resources.jar
7f53bc04b000-7f53bc052000 r--s 00000000 08:0a 3279298                    /usr/lib/x86_64-linux-gnu/gconv/gconv-modules.cache
7f53bc052000-7f53bc182000 r-xp 00000000 08:0a 3022766                    /usr/lib/x86_64-linux-gnu/libX11.so.6.3.0
7f53bc182000-7f53bc382000 ---p 00130000 08:0a 3022766                    /usr/lib/x86_64-linux-gnu/libX11.so.6.3.0
7f53bc382000-7f53bc383000 r--p 00130000 08:0a 3022766                    /usr/lib/x86_64-linux-gnu/libX11.so.6.3.0
7f53bc383000-7f53bc387000 rw-p 00131000 08:0a 3022766                    /usr/lib/x86_64-linux-gnu/libX11.so.6.3.0
7f53bc387000-7f53bc398000 r-xp 00000000 08:0a 3022783                    /usr/lib/x86_64-linux-gnu/libXext.so.6.4.0
7f53bc398000-7f53bc597000 ---p 00011000 08:0a 3022783                    /usr/lib/x86_64-linux-gnu/libXext.so.6.4.0
7f53bc597000-7f53bc598000 r--p 00010000 08:0a 3022783                    /usr/lib/x86_64-linux-gnu/libXext.so.6.4.0
7f53bc598000-7f53bc599000 rw-p 00011000 08:0a 3022783                    /usr/lib/x86_64-linux-gnu/libXext.so.6.4.0
7f53bc59a000-7f53bc5bc000 r--p 00000000 08:0a 3416176                    /usr/share/locale-langpack/pt_BR/LC_MESSAGES/libc.mo
7f53bc5bc000-7f53bc60c000 r-xp 00000000 08:0a 3166105                    /usr/lib/jvm/java-7-oracle/jre/lib/amd64/xawt/libmawt.so
7f53bc60c000-7f53bc80c000 ---p 00050000 08:0a 3166105                    /usr/lib/jvm/java-7-oracle/jre/lib/amd64/xawt/libmawt.so
7f53bc80c000-7f53bc810000 rw-p 00050000 08:0a 3166105                    /usr/lib/jvm/java-7-oracle/jre/lib/amd64/xawt/libmawt.so
7f53bc810000-7f53bc811000 rw-p 00000000 00:00 0 
7f53bc811000-7f53bc8b3000 r-xp 00000000 08:0a 3166072                    /usr/lib/jvm/java-7-oracle/jre/lib/amd64/libawt.so
7f53bc8b3000-7f53bcab3000 ---p 000a2000 08:0a 3166072                    /usr/lib/jvm/java-7-oracle/jre/lib/amd64/libawt.so
7f53bcab3000-7f53bcabf000 rw-p 000a2000 08:0a 3166072                    /usr/lib/jvm/java-7-oracle/jre/lib/amd64/libawt.so
7f53bcabf000-7f53bcae3000 rw-p 00000000 00:00 0 
7f53bcae3000-7f53bcaee000 r--s 0037c000 08:0a 3166107                    /usr/lib/jvm/java-7-oracle/jre/lib/charsets.jar
7f53bcaee000-7f53bcafa000 r--s 00108000 08:0a 2761201                    /home/jefferson/.m2/repository/com/lowagie/itext/2.1.7/itext-2.1.7.jar
7f53bcafa000-7f53bcb04000 r--s 00081000 08:0a 2761199                    /home/jefferson/.m2/repository/org/apache/xmlgraphics/xmlgraphics-commons/1.4/xmlgraphics-commons-1.4.jar
7f53bcb04000-7f53bcb0b000 r--s 00059000 08:0a 2889549                    /home/jefferson/.m2/repository/log4j/log4j/1.2.15/log4j-1.2.15.jar
7f53bcb0b000-7f53bcb0c000 ---p 00000000 00:00 0 
7f53bcb0c000-7f53bcc0c000 rw-p 00000000 00:00 0                          [stack:1165]
7f53bcc0c000-7f53bcc0f000 ---p 00000000 00:00 0 
7f53bcc0f000-7f53bcd0d000 rw-p 00000000 00:00 0                          [stack:1164]
7f53bcd0d000-7f53bcd10000 ---p 00000000 00:00 0 
7f53bcd10000-7f53bce0e000 rw-p 00000000 00:00 0                          [stack:1163]
7f53bce0e000-7f53bce11000 ---p 00000000 00:00 0 
7f53bce11000-7f53bcf0f000 rw-p 00000000 00:00 0                          [stack:1162]
7f53bcf0f000-7f53bcf12000 ---p 00000000 00:00 0 
7f53bcf12000-7f53c1000000 rw-p 00000000 00:00 0                          [stack:1161]
7f53c1000000-7f53c1270000 rwxp 00000000 00:00 0 
7f53c1270000-7f53c48c9000 rw-p 00000000 00:00 0 
7f53c48c9000-7f53c8000000 ---p 00000000 00:00 0 
7f53c8004000-7f53c8013000 r--s 000ed000 08:0a 2761209                    /home/jefferson/.m2/repository/net/java/dev/jai-imageio/jai-imageio-core-standalone/1.2-pre-dr-b04-2011-07-04/jai-imageio-core-standalone-1.2-pre-dr-b04-2011-07-04.jar
7f53c8013000-7f53c805c000 r--s 01c8e000 08:0a 2761198                    /home/jefferson/.m2/repository/net/sourceforge/tess4j/tess4j/1.3.0/tess4j-1.3.0.jar
7f53c805c000-7f53c8740000 r--p 00000000 08:0a 3021751                    /usr/lib/locale/locale-archive
7f53c8740000-7f53c8743000 ---p 00000000 00:00 0 
7f53c8743000-7f53c8841000 rw-p 00000000 00:00 0                          [stack:1160]
7f53c8841000-7f53c8844000 ---p 00000000 00:00 0 
7f53c8844000-7f53c8942000 rw-p 00000000 00:00 0                          [stack:1159]
7f53c8942000-7f53c8943000 ---p 00000000 00:00 0 
7f53c8943000-7f53c9a42000 rw-p 00000000 00:00 0                          [stack:1158]
7f53c9a42000-7f53c9c02000 r--s 039ea000 08:0a 3166227                    /usr/lib/jvm/java-7-oracle/jre/lib/rt.jar
7f53c9c02000-7f53ca122000 rw-p 00000000 00:00 0 
7f53ca122000-7f53ca123000 ---p 00000000 00:00 0 
7f53ca123000-7f53ca223000 rw-p 00000000 00:00 0                          [stack:1156]
7f53ca223000-7f53ca224000 ---p 00000000 00:00 0 
7f53ca224000-7f53ca324000 rw-p 00000000 00:00 0                          [stack:1155]
7f53ca324000-7f53ca325000 ---p 00000000 00:00 0 
7f53ca325000-7f53ca425000 rw-p 00000000 00:00 0                          [stack:1154]
7f53ca425000-7f53ca426000 ---p 00000000 00:00 0 
7f53ca426000-7f53ca531000 rw-p 00000000 00:00 0                          [stack:1153]
7f53ca531000-7f53ca54f000 rw-p 00000000 00:00 0 
7f53ca54f000-7f53ca578000 rw-p 00000000 00:00 0 
7f53ca578000-7f53ca7de000 rw-p 00000000 00:00 0 
7f53ca7de000-7f53ca7e9000 rw-p 00000000 00:00 0 
7f53ca7e9000-7f53ca807000 rw-p 00000000 00:00 0 
7f53ca807000-7f53ca830000 rw-p 00000000 00:00 0 
7f53ca830000-7f53caa95000 rw-p 00000000 00:00 0 
7f53caa95000-7f53caaaa000 rw-p 00000000 00:00 0 
7f53caaaa000-7f53cabdd000 rw-p 00000000 00:00 0 
7f53cabdd000-7f53cabde000 rw-p 00000000 00:00 0 
7f53cabde000-7f53cabf8000 r-xp 00000000 08:0a 3166066                    /usr/lib/jvm/java-7-oracle/jre/lib/amd64/libzip.so
7f53cabf8000-7f53cadf8000 ---p 0001a000 08:0a 3166066                    /usr/lib/jvm/java-7-oracle/jre/lib/amd64/libzip.so
7f53cadf8000-7f53cadf9000 rw-p 0001a000 08:0a 3166066                    /usr/lib/jvm/java-7-oracle/jre/lib/amd64/libzip.so
7f53cadf9000-7f53cae04000 r-xp 00000000 08:0a 1835493                    /lib/x86_64-linux-gnu/libnss_files-2.19.so
7f53cae04000-7f53cb003000 ---p 0000b000 08:0a 1835493                    /lib/x86_64-linux-gnu/libnss_files-2.19.so
7f53cb003000-7f53cb004000 r--p 0000a000 08:0a 1835493                    /lib/x86_64-linux-gnu/libnss_files-2.19.so
7f53cb004000-7f53cb005000 rw-p 0000b000 08:0a 1835493                    /lib/x86_64-linux-gnu/libnss_files-2.19.so
7f53cb005000-7f53cb010000 r-xp 00000000 08:0a 1835511                    /lib/x86_64-linux-gnu/libnss_nis-2.19.so
7f53cb010000-7f53cb20f000 ---p 0000b000 08:0a 1835511                    /lib/x86_64-linux-gnu/libnss_nis-2.19.so
7f53cb20f000-7f53cb210000 r--p 0000a000 08:0a 1835511                    /lib/x86_64-linux-gnu/libnss_nis-2.19.so
7f53cb210000-7f53cb211000 rw-p 0000b000 08:0a 1835511                    /lib/x86_64-linux-gnu/libnss_nis-2.19.so
7f53cb211000-7f53cb228000 r-xp 00000000 08:0a 1835478                    /lib/x86_64-linux-gnu/libnsl-2.19.so
7f53cb228000-7f53cb427000 ---p 00017000 08:0a 1835478                    /lib/x86_64-linux-gnu/libnsl-2.19.so
7f53cb427000-7f53cb428000 r--p 00016000 08:0a 1835478                    /lib/x86_64-linux-gnu/libnsl-2.19.so
7f53cb428000-7f53cb429000 rw-p 00017000 08:0a 1835478                    /lib/x86_64-linux-gnu/libnsl-2.19.so
7f53cb429000-7f53cb42b000 rw-p 00000000 00:00 0 
7f53cb42b000-7f53cb434000 r-xp 00000000 08:0a 1835501                    /lib/x86_64-linux-gnu/libnss_compat-2.19.so
7f53cb434000-7f53cb633000 ---p 00009000 08:0a 1835501                    /lib/x86_64-linux-gnu/libnss_compat-2.19.so
7f53cb633000-7f53cb634000 r--p 00008000 08:0a 1835501                    /lib/x86_64-linux-gnu/libnss_compat-2.19.so
7f53cb634000-7f53cb635000 rw-p 00009000 08:0a 1835501                    /lib/x86_64-linux-gnu/libnss_compat-2.19.so
7f53cb635000-7f53cb65e000 r-xp 00000000 08:0a 3166047                    /usr/lib/jvm/java-7-oracle/jre/lib/amd64/libjava.so
7f53cb65e000-7f53cb85e000 ---p 00029000 08:0a 3166047                    /usr/lib/jvm/java-7-oracle/jre/lib/amd64/libjava.so
7f53cb85e000-7f53cb860000 rw-p 00029000 08:0a 3166047                    /usr/lib/jvm/java-7-oracle/jre/lib/amd64/libjava.so
7f53cb860000-7f53cb86d000 r-xp 00000000 08:0a 3166080                    /usr/lib/jvm/java-7-oracle/jre/lib/amd64/libverify.so
7f53cb86d000-7f53cba6c000 ---p 0000d000 08:0a 3166080                    /usr/lib/jvm/java-7-oracle/jre/lib/amd64/libverify.so
7f53cba6c000-7f53cba6e000 rw-p 0000c000 08:0a 3166080                    /usr/lib/jvm/java-7-oracle/jre/lib/amd64/libverify.so
7f53cba6e000-7f53cba75000 r-xp 00000000 08:0a 1835518                    /lib/x86_64-linux-gnu/librt-2.19.so
7f53cba75000-7f53cbc74000 ---p 00007000 08:0a 1835518                    /lib/x86_64-linux-gnu/librt-2.19.so
7f53cbc74000-7f53cbc75000 r--p 00006000 08:0a 1835518                    /lib/x86_64-linux-gnu/librt-2.19.so
7f53cbc75000-7f53cbc76000 rw-p 00007000 08:0a 1835518                    /lib/x86_64-linux-gnu/librt-2.19.so
7f53cbc76000-7f53cbd7b000 r-xp 00000000 08:0a 1835470                    /lib/x86_64-linux-gnu/libm-2.19.so
7f53cbd7b000-7f53cbf7a000 ---p 00105000 08:0a 1835470                    /lib/x86_64-linux-gnu/libm-2.19.so
7f53cbf7a000-7f53cbf7b000 r--p 00104000 08:0a 1835470                    /lib/x86_64-linux-gnu/libm-2.19.so
7f53cbf7b000-7f53cbf7c000 rw-p 00105000 08:0a 1835470                    /lib/x86_64-linux-gnu/libm-2.19.so
7f53cbf7c000-7f53ccaef000 r-xp 00000000 08:0a 3166078                    /usr/lib/jvm/java-7-oracle/jre/lib/amd64/server/libjvm.so
7f53ccaef000-7f53cccee000 ---p 00b73000 08:0a 3166078                    /usr/lib/jvm/java-7-oracle/jre/lib/amd64/server/libjvm.so
7f53cccee000-7f53ccdb2000 rw-p 00b72000 08:0a 3166078                    /usr/lib/jvm/java-7-oracle/jre/lib/amd64/server/libjvm.so
7f53ccdb2000-7f53ccdf3000 rw-p 00000000 00:00 0 
7f53ccdf3000-7f53ccfae000 r-xp 00000000 08:0a 1835514                    /lib/x86_64-linux-gnu/libc-2.19.so
7f53ccfae000-7f53cd1ae000 ---p 001bb000 08:0a 1835514                    /lib/x86_64-linux-gnu/libc-2.19.so
7f53cd1ae000-7f53cd1b2000 r--p 001bb000 08:0a 1835514                    /lib/x86_64-linux-gnu/libc-2.19.so
7f53cd1b2000-7f53cd1b4000 rw-p 001bf000 08:0a 1835514                    /lib/x86_64-linux-gnu/libc-2.19.so
7f53cd1b4000-7f53cd1b9000 rw-p 00000000 00:00 0 
7f53cd1b9000-7f53cd1bc000 r-xp 00000000 08:0a 1835495                    /lib/x86_64-linux-gnu/libdl-2.19.so
7f53cd1bc000-7f53cd3bb000 ---p 00003000 08:0a 1835495                    /lib/x86_64-linux-gnu/libdl-2.19.so
7f53cd3bb000-7f53cd3bc000 r--p 00002000 08:0a 1835495                    /lib/x86_64-linux-gnu/libdl-2.19.so
7f53cd3bc000-7f53cd3bd000 rw-p 00003000 08:0a 1835495                    /lib/x86_64-linux-gnu/libdl-2.19.so
7f53cd3bd000-7f53cd3d3000 r-xp 00000000 08:0a 3166356                    /usr/lib/jvm/java-7-oracle/lib/amd64/jli/libjli.so
7f53cd3d3000-7f53cd5d3000 ---p 00016000 08:0a 3166356                    /usr/lib/jvm/java-7-oracle/lib/amd64/jli/libjli.so
7f53cd5d3000-7f53cd5d4000 rw-p 00016000 08:0a 3166356                    /usr/lib/jvm/java-7-oracle/lib/amd64/jli/libjli.so
7f53cd5d4000-7f53cd5ed000 r-xp 00000000 08:0a 1835490                    /lib/x86_64-linux-gnu/libpthread-2.19.so
7f53cd5ed000-7f53cd7ec000 ---p 00019000 08:0a 1835490                    /lib/x86_64-linux-gnu/libpthread-2.19.so
7f53cd7ec000-7f53cd7ed000 r--p 00018000 08:0a 1835490                    /lib/x86_64-linux-gnu/libpthread-2.19.so
7f53cd7ed000-7f53cd7ee000 rw-p 00019000 08:0a 1835490                    /lib/x86_64-linux-gnu/libpthread-2.19.so
7f53cd7ee000-7f53cd7f2000 rw-p 00000000 00:00 0 
7f53cd7f2000-7f53cd815000 r-xp 00000000 08:0a 1835503                    /lib/x86_64-linux-gnu/ld-2.19.so
7f53cd816000-7f53cd819000 r--s 00012000 08:0a 2892411                    /home/jefferson/.m2/repository/commons-io/commons-io/1.3.1/commons-io-1.3.1.jar
7f53cd819000-7f53cd81b000 r--s 0000d000 08:0a 2886380                    /home/jefferson/.m2/repository/commons-logging/commons-logging/1.1.1/commons-logging-1.1.1.jar
7f53cd81b000-7f53cd82a000 r--s 00115000 08:0a 4329769                    /home/jefferson/.m2/repository/net/java/dev/jna/platform/3.5.2/platform-3.5.2.jar
7f53cd82a000-7f53cd834000 rw-p 00000000 00:00 0 
7f53cd834000-7f53cd8ea000 rw-p 00000000 00:00 0 
7f53cd8ea000-7f53cd8ed000 ---p 00000000 00:00 0 
7f53cd8ed000-7f53cd9ef000 rw-p 00000000 00:00 0                          [stack:1151]
7f53cd9ef000-7f53cd9f4000 r--s 00034000 08:0a 2892409                    /home/jefferson/.m2/repository/commons-beanutils/commons-beanutils/1.8.3/commons-beanutils-1.8.3.jar
7f53cd9f4000-7f53cd9f8000 r--s 00028000 08:0a 2761207                    /home/jefferson/.m2/repository/org/ghost4j/ghost4j/0.5.1/ghost4j-0.5.1.jar
7f53cd9f8000-7f53cd9fb000 r--s 000c0000 08:0a 2761197                    /home/jefferson/.m2/repository/com/sun/jna/jna/3.0.9/jna-3.0.9.jar
7f53cd9fb000-7f53cd9ff000 r--s 000dc000 08:0a 4329767                    /home/jefferson/.m2/repository/net/java/dev/jna/jna/4.1.0/jna-4.1.0.jar
7f53cd9ff000-7f53cda01000 r--s 00009000 08:0a 2892406                    /home/jefferson/.m2/repository/org/hamcrest/hamcrest-core/1.2.1/hamcrest-core-1.2.1.jar
7f53cda01000-7f53cda03000 r--s 0000b000 08:0a 2892366                    /home/jefferson/.m2/repository/org/hamcrest/hamcrest-library/1.2.1/hamcrest-library-1.2.1.jar
7f53cda03000-7f53cda04000 r--s 00001000 08:0a 2892405                    /home/jefferson/.m2/repository/org/hamcrest/hamcrest-integration/1.2.1/hamcrest-integration-1.2.1.jar
7f53cda04000-7f53cda08000 r--s 000f7000 08:0a 3166119                    /usr/lib/jvm/java-7-oracle/jre/lib/ext/localedata.jar
7f53cda08000-7f53cda10000 rw-s 00000000 08:0a 5511692                    /tmp/hsperfdata_jefferson/1149
7f53cda10000-7f53cda11000 rw-p 00000000 00:00 0 
7f53cda11000-7f53cda12000 r--p 00000000 00:00 0 
7f53cda12000-7f53cda14000 rw-p 00000000 00:00 0 
7f53cda14000-7f53cda15000 r--p 00022000 08:0a 1835503                    /lib/x86_64-linux-gnu/ld-2.19.so
7f53cda15000-7f53cda16000 rw-p 00023000 08:0a 1835503                    /lib/x86_64-linux-gnu/ld-2.19.so
7f53cda16000-7f53cda17000 rw-p 00000000 00:00 0 
7fff5bde4000-7fff5be05000 rw-p 00000000 00:00 0                          [stack]
7fff5bfc1000-7fff5bfc3000 r-xp 00000000 00:00 0                          [vdso]
ffffffffff600000-ffffffffff601000 r-xp 00000000 00:00 0                  [vsyscall]

VM Arguments:
java_command: br.com.teste.tesseract.main.TesseractMain
Launcher Type: SUN_STANDARD

Environment Variables:
JAVA_HOME=/usr/lib/jvm/java-7-oracle
PATH=/usr/games:/usr/local/sbin:/usr/local/bin:/usr/sbin:/usr/bin:/sbin:/bin:/usr/games:/usr/local/games:/opt/apache-maven-3.2.1/bin
LD_LIBRARY_PATH=/usr/lib/jvm/java-7-oracle/jre/lib/amd64:/usr/lib/jvm/java-7-oracle/jre/lib/i386:
SHELL=/bin/bash
DISPLAY=:0

Signal Handlers:
SIGSEGV: [libjvm.so+0x9a1a10], sa_mask[0]=0x7ffbfeff, sa_flags=0x10000004
SIGBUS: [libjvm.so+0x9a1a10], sa_mask[0]=0x7ffbfeff, sa_flags=0x10000004
SIGFPE: [libjvm.so+0x81bae0], sa_mask[0]=0x7ffbfeff, sa_flags=0x10000004
SIGPIPE: [libjvm.so+0x81bae0], sa_mask[0]=0x7ffbfeff, sa_flags=0x10000004
SIGXFSZ: [libjvm.so+0x81bae0], sa_mask[0]=0x7ffbfeff, sa_flags=0x10000004
SIGILL: [libjvm.so+0x81bae0], sa_mask[0]=0x7ffbfeff, sa_flags=0x10000004
SIGUSR1: SIG_DFL, sa_mask[0]=0x00000000, sa_flags=0x00000000
SIGUSR2: [libjvm.so+0x81d2e0], sa_mask[0]=0x00000004, sa_flags=0x10000004
SIGHUP: [libjvm.so+0x81e400], sa_mask[0]=0x7ffbfeff, sa_flags=0x10000004
SIGINT: SIG_IGN, sa_mask[0]=0x00000000, sa_flags=0x00000000
SIGTERM: [libjvm.so+0x81e400], sa_mask[0]=0x7ffbfeff, sa_flags=0x10000004
SIGQUIT: [libjvm.so+0x81e400], sa_mask[0]=0x7ffbfeff, sa_flags=0x10000004


---------------  S Y S T E M  ---------------

OS:jessie/sid

uname:Linux 3.13.0-43-generic #72-Ubuntu SMP Mon Dec 8 19:35:06 UTC 2014 x86_64
libc:glibc 2.19 NPTL 2.19 
rlimit: STACK 8192k, CORE 0k, NPROC 62566, NOFILE 4096, AS infinity
load average:0,74 0,47 0,59

/proc/meminfo:
MemTotal:        8039052 kB
MemFree:         1050740 kB
Buffers:          180516 kB
Cached:          2007660 kB
SwapCached:            0 kB
Active:          3020476 kB
Inactive:        1423820 kB
Active(anon):    2279924 kB
Inactive(anon):   377516 kB
Active(file):     740552 kB
Inactive(file):  1046304 kB
Unevictable:     2200880 kB
Mlocked:         2200880 kB
SwapTotal:       7812092 kB
SwapFree:        7812092 kB
Dirty:              4084 kB
Writeback:             0 kB
AnonPages:       4457372 kB
Mapped:           411308 kB
Shmem:            380704 kB
Slab:             193684 kB
SReclaimable:     153288 kB
SUnreclaim:        40396 kB
KernelStack:        7440 kB
PageTables:        50272 kB
NFS_Unstable:          0 kB
Bounce:                0 kB
WritebackTmp:          0 kB
CommitLimit:    11831616 kB
Committed_AS:   10805096 kB
VmallocTotal:   34359738367 kB
VmallocUsed:      357460 kB
VmallocChunk:   34359346812 kB
HardwareCorrupted:     0 kB
AnonHugePages:   3391488 kB
HugePages_Total:       0
HugePages_Free:        0
HugePages_Rsvd:        0
HugePages_Surp:        0
Hugepagesize:       2048 kB
DirectMap4k:      112104 kB
DirectMap2M:     8138752 kB


CPU:total 4 (2 cores per cpu, 2 threads per core) family 6 model 58 stepping 9, cmov, cx8, fxsr, mmx, sse, sse2, sse3, ssse3, sse4.1, sse4.2, popcnt, avx, aes, erms, ht, tsc, tscinvbit, tscinv

/proc/cpuinfo:
processor	: 0
vendor_id	: GenuineIntel
cpu family	: 6
model		: 58
model name	: Intel(R) Core(TM) i5-3210M CPU @ 2.50GHz
stepping	: 9
microcode	: 0x15
cpu MHz		: 2501.000
cache size	: 3072 KB
physical id	: 0
siblings	: 4
core id		: 0
cpu cores	: 2
apicid		: 0
initial apicid	: 0
fpu		: yes
fpu_exception	: yes
cpuid level	: 13
wp		: yes
flags		: fpu vme de pse tsc msr pae mce cx8 apic sep mtrr pge mca cmov pat pse36 clflush dts acpi mmx fxsr sse sse2 ss ht tm pbe syscall nx rdtscp lm constant_tsc arch_perfmon pebs bts rep_good nopl xtopology nonstop_tsc aperfmperf eagerfpu pni pclmulqdq dtes64 monitor ds_cpl vmx est tm2 ssse3 cx16 xtpr pdcm pcid sse4_1 sse4_2 x2apic popcnt tsc_deadline_timer aes xsave avx f16c rdrand lahf_lm ida arat epb xsaveopt pln pts dtherm tpr_shadow vnmi flexpriority ept vpid fsgsbase smep erms
bogomips	: 4988.70
clflush size	: 64
cache_alignment	: 64
address sizes	: 36 bits physical, 48 bits virtual
power management:

processor	: 1
vendor_id	: GenuineIntel
cpu family	: 6
model		: 58
model name	: Intel(R) Core(TM) i5-3210M CPU @ 2.50GHz
stepping	: 9
microcode	: 0x15
cpu MHz		: 1200.000
cache size	: 3072 KB
physical id	: 0
siblings	: 4
core id		: 1
cpu cores	: 2
apicid		: 2
initial apicid	: 2
fpu		: yes
fpu_exception	: yes
cpuid level	: 13
wp		: yes
flags		: fpu vme de pse tsc msr pae mce cx8 apic sep mtrr pge mca cmov pat pse36 clflush dts acpi mmx fxsr sse sse2 ss ht tm pbe syscall nx rdtscp lm constant_tsc arch_perfmon pebs bts rep_good nopl xtopology nonstop_tsc aperfmperf eagerfpu pni pclmulqdq dtes64 monitor ds_cpl vmx est tm2 ssse3 cx16 xtpr pdcm pcid sse4_1 sse4_2 x2apic popcnt tsc_deadline_timer aes xsave avx f16c rdrand lahf_lm ida arat epb xsaveopt pln pts dtherm tpr_shadow vnmi flexpriority ept vpid fsgsbase smep erms
bogomips	: 4988.70
clflush size	: 64
cache_alignment	: 64
address sizes	: 36 bits physical, 48 bits virtual
power management:

processor	: 2
vendor_id	: GenuineIntel
cpu family	: 6
model		: 58
model name	: Intel(R) Core(TM) i5-3210M CPU @ 2.50GHz
stepping	: 9
microcode	: 0x15
cpu MHz		: 2501.000
cache size	: 3072 KB
physical id	: 0
siblings	: 4
core id		: 0
cpu cores	: 2
apicid		: 1
initial apicid	: 1
fpu		: yes
fpu_exception	: yes
cpuid level	: 13
wp		: yes
flags		: fpu vme de pse tsc msr pae mce cx8 apic sep mtrr pge mca cmov pat pse36 clflush dts acpi mmx fxsr sse sse2 ss ht tm pbe syscall nx rdtscp lm constant_tsc arch_perfmon pebs bts rep_good nopl xtopology nonstop_tsc aperfmperf eagerfpu pni pclmulqdq dtes64 monitor ds_cpl vmx est tm2 ssse3 cx16 xtpr pdcm pcid sse4_1 sse4_2 x2apic popcnt tsc_deadline_timer aes xsave avx f16c rdrand lahf_lm ida arat epb xsaveopt pln pts dtherm tpr_shadow vnmi flexpriority ept vpid fsgsbase smep erms
bogomips	: 4988.70
clflush size	: 64
cache_alignment	: 64
address sizes	: 36 bits physical, 48 bits virtual
power management:

processor	: 3
vendor_id	: GenuineIntel
cpu family	: 6
model		: 58
model name	: Intel(R) Core(TM) i5-3210M CPU @ 2.50GHz
stepping	: 9
microcode	: 0x15
cpu MHz		: 2501.000
cache size	: 3072 KB
physical id	: 0
siblings	: 4
core id		: 1
cpu cores	: 2
apicid		: 3
initial apicid	: 3
fpu		: yes
fpu_exception	: yes
cpuid level	: 13
wp		: yes
flags		: fpu vme de pse tsc msr pae mce cx8 apic sep mtrr pge mca cmov pat pse36 clflush dts acpi mmx fxsr sse sse2 ss ht tm pbe syscall nx rdtscp lm constant_tsc arch_perfmon pebs bts rep_good nopl xtopology nonstop_tsc aperfmperf eagerfpu pni pclmulqdq dtes64 monitor ds_cpl vmx est tm2 ssse3 cx16 xtpr pdcm pcid sse4_1 sse4_2 x2apic popcnt tsc_deadline_timer aes xsave avx f16c rdrand lahf_lm ida arat epb xsaveopt pln pts dtherm tpr_shadow vnmi flexpriority ept vpid fsgsbase smep erms
bogomips	: 4988.70
clflush size	: 64
cache_alignment	: 64
address sizes	: 36 bits physical, 48 bits virtual
power management:



Memory: 4k page, physical 8039052k(1050740k free), swap 7812092k(7812092k free)

vm_info: Java HotSpot(TM) 64-Bit Server VM (24.72-b04) for linux-amd64 JRE (1.7.0_72-b14), built on Sep 26 2014 18:20:41 by "java_re" with gcc 4.3.0 20080428 (Red Hat 4.3.0-8)

time: Mon Jan  5 15:56:22 2015
elapsed time: 1 seconds

