#
# A fatal error has been detected by the Java Runtime Environment:
#
#  SIGSEGV (0xb) at pc=0x00007f9ce3ab733a, pid=4985, tid=140313004746496
#
# JRE version: Java(TM) SE Runtime Environment (7.0_72-b14) (build 1.7.0_72-b14)
# Java VM: Java HotSpot(TM) 64-Bit Server VM (24.72-b04 mixed mode linux-amd64 compressed oops)
# Problematic frame:
# C  [libtesseract.so.3.0.3+0x22533a]  ERRCODE::error(char const*, TessErrorLogCode, char const*, ...) const+0x16a
#
# Failed to write core dump. Core dumps have been disabled. To enable core dumping, try "ulimit -c unlimited" before starting Java again
#
# If you would like to submit a bug report, please visit:
#   http://bugreport.sun.com/bugreport/crash.jsp
# The crash happened outside the Java Virtual Machine in native code.
# See problematic frame for where to report the bug.
#

---------------  T H R E A D  ---------------

Current thread (0x00007f9d2400a800):  JavaThread "main" [_thread_in_native, id=4989, stack(0x00007f9d2abe2000,0x00007f9d2ace3000)]

siginfo:si_signo=SIGSEGV: si_errno=0, si_code=1 (SEGV_MAPERR), si_addr=0x0000000000000000

Registers:
RAX=0x000000000000004e, RBX=0x00007f9d2acdfb60, RCX=0x00007f9d2a1d730d, RDX=0x00007f9d2a4ac9d0
RSP=0x00007f9d2acdfb40, RBP=0x0000000000000002, RSI=0x000000000000004e, RDI=0x00007f9d2acdd310
R8 =0x00007f9d2ace2700, R9 =0x61646120656c6966, R10=0x00007f9d2a4a8be0, R11=0x0000000000000000
R12=0x00007f9d2acdfb8d, R13=0x00007f9ce3ac0177, R14=0x00007f9ce3d6d4a0, R15=0x00007f9ce3ad67ff
RIP=0x00007f9ce3ab733a, EFLAGS=0x0000000000010246, CSGSFS=0x0000000000000033, ERR=0x0000000000000004
  TRAPNO=0x000000000000000e

Top of Stack: (sp=0x00007f9d2acdfb40)
0x00007f9d2acdfb40:   0000000000000000 0000003000000030
0x00007f9d2acdfb50:   00007f9d2ace0050 00007f9d2acdff70
0x00007f9d2acdfb60:   5464657470616441 736574616c706d65
0x00007f9d2acdfb70:   4c4c554e203d2120 413a726f7272453a
0x00007f9d2acdfb80:   6166207472657373 206e693a64656c69
0x00007f9d2acdfb90:   61646120656c6966 2e686374616d7470
0x00007f9d2acdfba0:   6e696c202c707063 00000a3437312065
0x00007f9d2acdfbb0:   0000000000000000 0000000000000000
0x00007f9d2acdfbc0:   0000000000000000 0000000000000000
0x00007f9d2acdfbd0:   0000000000000000 0000000000000000
0x00007f9d2acdfbe0:   0000000000000000 0000000000000000
0x00007f9d2acdfbf0:   0000000000000000 0000000000000000
0x00007f9d2acdfc00:   0000000000000000 0000000000000000
0x00007f9d2acdfc10:   0000000000000000 0000000000000000
0x00007f9d2acdfc20:   0000000000000000 0000000000000000
0x00007f9d2acdfc30:   0000000000000000 0000000000000000
0x00007f9d2acdfc40:   0000000000000000 0000000000000000
0x00007f9d2acdfc50:   0000000000000000 0000000000000000
0x00007f9d2acdfc60:   0000000000000000 0000000000000000
0x00007f9d2acdfc70:   0000000000000000 0000000000000000
0x00007f9d2acdfc80:   0000000000000000 0000000000000000
0x00007f9d2acdfc90:   0000000000000000 0000000000000000
0x00007f9d2acdfca0:   0000000000000000 0000000000000000
0x00007f9d2acdfcb0:   0000000000000000 0000000000000000
0x00007f9d2acdfcc0:   0000000000000000 0000000000000000
0x00007f9d2acdfcd0:   0000000000000000 0000000000000000
0x00007f9d2acdfce0:   0000000000000000 0000000000000000
0x00007f9d2acdfcf0:   0000000000000000 0000000000000000
0x00007f9d2acdfd00:   0000000000000000 0000000000000000
0x00007f9d2acdfd10:   0000000000000000 0000000000000000
0x00007f9d2acdfd20:   0000000000000000 0000000000000000
0x00007f9d2acdfd30:   0000000000000000 0000000000000000 

Instructions: (pc=0x00007f9ce3ab733a)
0x00007f9ce3ab731a:   48 89 d9 be 01 00 00 00 48 8b 38 31 c0 e8 14 60
0x00007f9ce3ab732a:   e5 ff 83 fd ff 7c 14 85 ed 7e 2c 83 fd 02 7f 0b
0x00007f9ce3ab733a:   8b 04 25 00 00 00 00 85 c0 74 52 48 8d 35 14 8d
0x00007f9ce3ab734a:   01 00 48 8d 3d f5 81 4f 00 31 c9 ba 02 00 00 00 

Register to memory mapping:

RAX=0x000000000000004e is an unknown value
RBX=0x00007f9d2acdfb60 is pointing into the stack for thread: 0x00007f9d2400a800
RCX=0x00007f9d2a1d730d: __write+0x2d in /lib/x86_64-linux-gnu/libc.so.6 at 0x00007f9d2a0eb000
RDX=0x00007f9d2a4ac9d0: <offset 0x3c19d0> in /lib/x86_64-linux-gnu/libc.so.6 at 0x00007f9d2a0eb000
RSP=0x00007f9d2acdfb40 is pointing into the stack for thread: 0x00007f9d2400a800
RBP=0x0000000000000002 is an unknown value
RSI=0x000000000000004e is an unknown value
RDI=0x00007f9d2acdd310 is pointing into the stack for thread: 0x00007f9d2400a800
R8 =0x00007f9d2ace2700 is pointing into the stack for thread: 0x00007f9d2400a800
R9 =0x61646120656c6966 is an unknown value
R10=0x00007f9d2a4a8be0: <offset 0x3bdbe0> in /lib/x86_64-linux-gnu/libc.so.6 at 0x00007f9d2a0eb000
R11=0x0000000000000000 is an unknown value
R12=0x00007f9d2acdfb8d is pointing into the stack for thread: 0x00007f9d2400a800
R13=0x00007f9ce3ac0177: <offset 0x22e177> in /usr/lib/libtesseract.so.3.0.3 at 0x00007f9ce3892000
R14=0x00007f9ce3d6d4a0: <offset 0x4db4a0> in /usr/lib/libtesseract.so.3.0.3 at 0x00007f9ce3892000
R15=0x00007f9ce3ad67ff: <offset 0x2447ff> in /usr/lib/libtesseract.so.3.0.3 at 0x00007f9ce3892000


Stack: [0x00007f9d2abe2000,0x00007f9d2ace3000],  sp=0x00007f9d2acdfb40,  free space=1014k
Native frames: (J=compiled Java code, j=interpreted, Vv=VM code, C=native code)
C  [libtesseract.so.3.0.3+0x22533a]  ERRCODE::error(char const*, TessErrorLogCode, char const*, ...) const+0x16a

Java frames: (J=compiled Java code, j=interpreted, Vv=VM code)
j  com.sun.jna.Native.invokePointer(JI[Ljava/lang/Object;)J+0
j  com.sun.jna.Function.invokePointer(I[Ljava/lang/Object;)Lcom/sun/jna/Pointer;+6
j  com.sun.jna.Function.invoke([Ljava/lang/Object;Ljava/lang/Class;Z)Ljava/lang/Object;+426
j  com.sun.jna.Function.invoke(Ljava/lang/Class;[Ljava/lang/Object;Ljava/util/Map;)Ljava/lang/Object;+262
j  com.sun.jna.Library$Handler.invoke(Ljava/lang/Object;Ljava/lang/reflect/Method;[Ljava/lang/Object;)Ljava/lang/Object;+316
j  com.sun.proxy.$Proxy0.TessBaseAPIGetUTF8Text(Lnet/sourceforge/tess4j/TessAPI$TessBaseAPI;)Lcom/sun/jna/Pointer;+16
j  net.sourceforge.tess4j.Tesseract.getOCRText()Ljava/lang/String;+37
j  net.sourceforge.tess4j.Tesseract.doOCR(Ljava/util/List;Ljava/awt/Rectangle;)Ljava/lang/String;+68
j  net.sourceforge.tess4j.Tesseract.doOCR(Ljava/io/File;Ljava/awt/Rectangle;)Ljava/lang/String;+6
j  net.sourceforge.tess4j.Tesseract.doOCR(Ljava/io/File;)Ljava/lang/String;+3
j  br.com.teste.tesseract.main.TesseractMain.main([Ljava/lang/String;)V+42
v  ~StubRoutines::call_stub

---------------  P R O C E S S  ---------------

Java Threads: ( => current thread )
  0x00007f9d241be800 JavaThread "Java2D Disposer" daemon [_thread_blocked, id=5003, stack(0x00007f9d103a7000,0x00007f9d104a8000)]
  0x00007f9d240a1000 JavaThread "Service Thread" daemon [_thread_blocked, id=5001, stack(0x00007f9d11f07000,0x00007f9d12008000)]
  0x00007f9d2409e800 JavaThread "C2 CompilerThread1" daemon [_thread_blocked, id=5000, stack(0x00007f9d12008000,0x00007f9d12109000)]
  0x00007f9d2409b800 JavaThread "C2 CompilerThread0" daemon [_thread_in_native, id=4999, stack(0x00007f9d12109000,0x00007f9d1220a000)]
  0x00007f9d24099800 JavaThread "Signal Dispatcher" daemon [_thread_blocked, id=4998, stack(0x00007f9d1220a000,0x00007f9d1230b000)]
  0x00007f9d24070800 JavaThread "Finalizer" daemon [_thread_blocked, id=4997, stack(0x00007f9d129ef000,0x00007f9d12af0000)]
  0x00007f9d2406e800 JavaThread "Reference Handler" daemon [_thread_blocked, id=4996, stack(0x00007f9d12af0000,0x00007f9d12bf1000)]
=>0x00007f9d2400a800 JavaThread "main" [_thread_in_native, id=4989, stack(0x00007f9d2abe2000,0x00007f9d2ace3000)]

Other Threads:
  0x00007f9d2406a000 VMThread [stack: 0x00007f9d12bf1000,0x00007f9d12cf2000] [id=4995]
  0x00007f9d240ab800 WatcherThread [stack: 0x00007f9d11e06000,0x00007f9d11f07000] [id=5002]

VM state:not at safepoint (normal execution)

VM Mutex/Monitor currently owned by a thread: None

Heap
 PSYoungGen      total 36864K, used 22298K [0x00000000d7100000, 0x00000000d9a00000, 0x0000000100000000)
  eden space 31744K, 70% used [0x00000000d7100000,0x00000000d86c68e0,0x00000000d9000000)
  from space 5120K, 0% used [0x00000000d9500000,0x00000000d9500000,0x00000000d9a00000)
  to   space 5120K, 0% used [0x00000000d9000000,0x00000000d9000000,0x00000000d9500000)
 ParOldGen       total 83456K, used 0K [0x0000000085400000, 0x000000008a580000, 0x00000000d7100000)
  object space 83456K, 0% used [0x0000000085400000,0x0000000085400000,0x000000008a580000)
 PSPermGen       total 21504K, used 7148K [0x0000000080200000, 0x0000000081700000, 0x0000000085400000)
  object space 21504K, 33% used [0x0000000080200000,0x00000000808fb350,0x0000000081700000)

Card table byte_map: [0x00007f9d209e5000,0x00007f9d20de5000] byte_map_base: 0x00007f9d205e4000

Polling page: 0x00007f9d2ad09000

Code Cache  [0x00007f9d20de5000, 0x00007f9d21055000, 0x00007f9d23de5000)
 total_blobs=314 nmethods=41 adapters=226 free_code_cache=48626Kb largest_free_block=49772096

Compilation events (10 events):
Event: 0,342 Thread 0x00007f9d2409e800 nmethod 33 0x00007f9d20e64910 code [0x00007f9d20e64ac0, 0x00007f9d20e65768]
Event: 0,367 Thread 0x00007f9d2409b800   38             java.lang.String::startsWith (7 bytes)
Event: 0,368 Thread 0x00007f9d2409b800 nmethod 38 0x00007f9d20e61bd0 code [0x00007f9d20e61d20, 0x00007f9d20e61e98]
Event: 0,371 Thread 0x00007f9d2409e800   39             java.util.HashMap::hash (55 bytes)
Event: 0,373 Thread 0x00007f9d2409e800 nmethod 39 0x00007f9d20e61810 code [0x00007f9d20e61960, 0x00007f9d20e61a88]
Event: 0,395 Thread 0x00007f9d2409b800   40 %           com.sun.media.imageioimpl.plugins.tiff.TIFFImageWriter::writeTile @ 869 (3310 bytes)
Event: 0,396 Thread 0x00007f9d2409e800   41             sun.awt.image.ByteInterleavedRaster::getByteData (851 bytes)
Event: 0,408 Thread 0x00007f9d2409b800 nmethod 40% 0x00007f9d20e69590 code [0x00007f9d20e69740, 0x00007f9d20e6a0b8]
Event: 0,408 Thread 0x00007f9d2409b800   42             com.sun.media.imageioimpl.plugins.tiff.TIFFImageWriter::writeTile (3310 bytes)
Event: 0,462 Thread 0x00007f9d2409e800 nmethod 41 0x00007f9d20e65c90 code [0x00007f9d20e65e60, 0x00007f9d20e67698]

GC Heap History (0 events):
No events

Deoptimization events (8 events):
Event: 0,305 Thread 0x00007f9d2400a800 Uncommon trap: reason=class_check action=maybe_recompile pc=0x00007f9d20e4b6a0 method=java.lang.String.equals(Ljava/lang/Object;)Z @ 8
Event: 0,305 Thread 0x00007f9d2400a800 Uncommon trap: reason=class_check action=maybe_recompile pc=0x00007f9d20e4b6a0 method=java.lang.String.equals(Ljava/lang/Object;)Z @ 8
Event: 0,306 Thread 0x00007f9d2400a800 Uncommon trap: reason=class_check action=maybe_recompile pc=0x00007f9d20e4b6a0 method=java.lang.String.equals(Ljava/lang/Object;)Z @ 8
Event: 0,308 Thread 0x00007f9d2400a800 Uncommon trap: reason=class_check action=maybe_recompile pc=0x00007f9d20e4b6a0 method=java.lang.String.equals(Ljava/lang/Object;)Z @ 8
Event: 0,335 Thread 0x00007f9d2400a800 Uncommon trap: reason=bimorphic action=maybe_recompile pc=0x00007f9d20e5b430 method=java.util.HashMap.getEntry(Ljava/lang/Object;)Ljava/util/HashMap$Entry; @ 68
Event: 0,335 Thread 0x00007f9d2400a800 Uncommon trap: reason=bimorphic action=maybe_recompile pc=0x00007f9d20e5b430 method=java.util.HashMap.getEntry(Ljava/lang/Object;)Ljava/util/HashMap$Entry; @ 68
Event: 0,336 Thread 0x00007f9d2400a800 Uncommon trap: reason=bimorphic action=maybe_recompile pc=0x00007f9d20e5b430 method=java.util.HashMap.getEntry(Ljava/lang/Object;)Ljava/util/HashMap$Entry; @ 68
Event: 0,337 Thread 0x00007f9d2400a800 Uncommon trap: reason=bimorphic action=maybe_recompile pc=0x00007f9d20e5b430 method=java.util.HashMap.getEntry(Ljava/lang/Object;)Ljava/util/HashMap$Entry; @ 68

Internal exceptions (10 events):
Event: 0,499 Thread 0x00007f9d2400a800 Threw 0x00000000d815a4b0 at /HUDSON/workspace/7u-2-build-linux-amd64/jdk7u72/1606/hotspot/src/share/vm/prims/jvm.cpp:1281
Event: 0,499 Thread 0x00007f9d2400a800 Threw 0x00000000d815dc00 at /HUDSON/workspace/7u-2-build-linux-amd64/jdk7u72/1606/hotspot/src/share/vm/prims/jvm.cpp:1281
Event: 0,499 Thread 0x00007f9d2400a800 Threw 0x00000000d81611f0 at /HUDSON/workspace/7u-2-build-linux-amd64/jdk7u72/1606/hotspot/src/share/vm/prims/jvm.cpp:1281
Event: 0,500 Thread 0x00007f9d2400a800 Threw 0x00000000d81664b8 at /HUDSON/workspace/7u-2-build-linux-amd64/jdk7u72/1606/hotspot/src/share/vm/prims/jvm.cpp:1281
Event: 0,500 Thread 0x00007f9d2400a800 Threw 0x00000000d8169bc0 at /HUDSON/workspace/7u-2-build-linux-amd64/jdk7u72/1606/hotspot/src/share/vm/prims/jvm.cpp:1281
Event: 0,501 Thread 0x00007f9d2400a800 Threw 0x00000000d816d388 at /HUDSON/workspace/7u-2-build-linux-amd64/jdk7u72/1606/hotspot/src/share/vm/prims/jvm.cpp:1281
Event: 0,501 Thread 0x00007f9d2400a800 Threw 0x00000000d81709d8 at /HUDSON/workspace/7u-2-build-linux-amd64/jdk7u72/1606/hotspot/src/share/vm/prims/jvm.cpp:1281
Event: 0,501 Thread 0x00007f9d2400a800 Threw 0x00000000d8174078 at /HUDSON/workspace/7u-2-build-linux-amd64/jdk7u72/1606/hotspot/src/share/vm/prims/jvm.cpp:1281
Event: 0,501 Thread 0x00007f9d2400a800 Threw 0x00000000d8177718 at /HUDSON/workspace/7u-2-build-linux-amd64/jdk7u72/1606/hotspot/src/share/vm/prims/jvm.cpp:1281
Event: 0,515 Thread 0x00007f9d2400a800 Threw 0x00000000d81aa750 at /HUDSON/workspace/7u-2-build-linux-amd64/jdk7u72/1606/hotspot/src/share/vm/prims/jvm.cpp:1281

Events (10 events):
Event: 0,502 loading class 0x00007f9d24185b10
Event: 0,503 loading class 0x00007f9d24185b10 done
Event: 0,503 loading class 0x00007f9d24185ad0
Event: 0,503 loading class 0x00007f9d24185ad0 done
Event: 0,503 loading class 0x00007f9d2410af30
Event: 0,503 loading class 0x00007f9d2410af30 done
Event: 0,515 loading class 0x00007f9d28076430
Event: 0,515 loading class 0x00007f9d28076430 done
Event: 0,515 loading class 0x00007f9d241e8e70
Event: 0,515 loading class 0x00007f9d241e8e70 done


Dynamic libraries:
00400000-00401000 r-xp 00000000 08:0a 3166324                            /usr/lib/jvm/java-7-oracle/bin/java
00600000-00601000 rw-p 00000000 08:0a 3166324                            /usr/lib/jvm/java-7-oracle/bin/java
00778000-00799000 rw-p 00000000 00:00 0                                  [heap]
80200000-81700000 rw-p 00000000 00:00 0 
81700000-85400000 rw-p 00000000 00:00 0 
85400000-8a580000 rw-p 00000000 00:00 0 
8a580000-d7100000 rw-p 00000000 00:00 0 
d7100000-d9a00000 rw-p 00000000 00:00 0 
d9a00000-100000000 rw-p 00000000 00:00 0 
7f9ce1c80000-7f9ce1e04000 rw-p 00000000 00:00 0 
7f9ce1e04000-7f9ce1e1a000 r-xp 00000000 08:0a 3166048                    /usr/lib/jvm/java-7-oracle/jre/lib/amd64/libnet.so
7f9ce1e1a000-7f9ce201a000 ---p 00016000 08:0a 3166048                    /usr/lib/jvm/java-7-oracle/jre/lib/amd64/libnet.so
7f9ce201a000-7f9ce201b000 rw-p 00016000 08:0a 3166048                    /usr/lib/jvm/java-7-oracle/jre/lib/amd64/libnet.so
7f9ce201b000-7f9ce202b000 r-xp 00000000 08:0a 3166090                    /usr/lib/jvm/java-7-oracle/jre/lib/amd64/libnio.so
7f9ce202b000-7f9ce222b000 ---p 00010000 08:0a 3166090                    /usr/lib/jvm/java-7-oracle/jre/lib/amd64/libnio.so
7f9ce222b000-7f9ce222c000 rw-p 00010000 08:0a 3166090                    /usr/lib/jvm/java-7-oracle/jre/lib/amd64/libnio.so
7f9ce222c000-7f9ce2237000 r-xp 00000000 08:0a 3014739                    /usr/lib/x86_64-linux-gnu/libjbig.so.0
7f9ce2237000-7f9ce2436000 ---p 0000b000 08:0a 3014739                    /usr/lib/x86_64-linux-gnu/libjbig.so.0
7f9ce2436000-7f9ce2437000 r--p 0000a000 08:0a 3014739                    /usr/lib/x86_64-linux-gnu/libjbig.so.0
7f9ce2437000-7f9ce243a000 rw-p 0000b000 08:0a 3014739                    /usr/lib/x86_64-linux-gnu/libjbig.so.0
7f9ce243a000-7f9ce245b000 r-xp 00000000 08:0a 1839032                    /lib/x86_64-linux-gnu/liblzma.so.5.0.0
7f9ce245b000-7f9ce265a000 ---p 00021000 08:0a 1839032                    /lib/x86_64-linux-gnu/liblzma.so.5.0.0
7f9ce265a000-7f9ce265b000 r--p 00020000 08:0a 1839032                    /lib/x86_64-linux-gnu/liblzma.so.5.0.0
7f9ce265b000-7f9ce265c000 rw-p 00021000 08:0a 1839032                    /lib/x86_64-linux-gnu/liblzma.so.5.0.0
7f9ce265c000-7f9ce26ca000 r-xp 00000000 08:0a 3016371                    /usr/lib/x86_64-linux-gnu/libtiff.so.5.2.0
7f9ce26ca000-7f9ce28ca000 ---p 0006e000 08:0a 3016371                    /usr/lib/x86_64-linux-gnu/libtiff.so.5.2.0
7f9ce28ca000-7f9ce28cb000 r--p 0006e000 08:0a 3016371                    /usr/lib/x86_64-linux-gnu/libtiff.so.5.2.0
7f9ce28cb000-7f9ce28ce000 rw-p 0006f000 08:0a 3016371                    /usr/lib/x86_64-linux-gnu/libtiff.so.5.2.0
7f9ce28ce000-7f9ce2911000 r-xp 00000000 08:0a 3023370                    /usr/lib/x86_64-linux-gnu/libjpeg.so.8.0.2
7f9ce2911000-7f9ce2b11000 ---p 00043000 08:0a 3023370                    /usr/lib/x86_64-linux-gnu/libjpeg.so.8.0.2
7f9ce2b11000-7f9ce2b12000 r--p 00043000 08:0a 3023370                    /usr/lib/x86_64-linux-gnu/libjpeg.so.8.0.2
7f9ce2b12000-7f9ce2b13000 rw-p 00044000 08:0a 3023370                    /usr/lib/x86_64-linux-gnu/libjpeg.so.8.0.2
7f9ce2b13000-7f9ce2b23000 rw-p 00000000 00:00 0 
7f9ce2b23000-7f9ce2b48000 r-xp 00000000 08:0a 1839100                    /lib/x86_64-linux-gnu/libpng12.so.0.50.0
7f9ce2b48000-7f9ce2d47000 ---p 00025000 08:0a 1839100                    /lib/x86_64-linux-gnu/libpng12.so.0.50.0
7f9ce2d47000-7f9ce2d48000 r--p 00024000 08:0a 1839100                    /lib/x86_64-linux-gnu/libpng12.so.0.50.0
7f9ce2d48000-7f9ce2d49000 rw-p 00025000 08:0a 1839100                    /lib/x86_64-linux-gnu/libpng12.so.0.50.0
7f9ce2d49000-7f9ce2d61000 r-xp 00000000 08:0a 1839148                    /lib/x86_64-linux-gnu/libz.so.1.2.8
7f9ce2d61000-7f9ce2f60000 ---p 00018000 08:0a 1839148                    /lib/x86_64-linux-gnu/libz.so.1.2.8
7f9ce2f60000-7f9ce2f61000 r--p 00017000 08:0a 1839148                    /lib/x86_64-linux-gnu/libz.so.1.2.8
7f9ce2f61000-7f9ce2f62000 rw-p 00018000 08:0a 1839148                    /lib/x86_64-linux-gnu/libz.so.1.2.8
7f9ce2f62000-7f9ce2f78000 r-xp 00000000 08:0a 1835102                    /lib/x86_64-linux-gnu/libgcc_s.so.1
7f9ce2f78000-7f9ce3177000 ---p 00016000 08:0a 1835102                    /lib/x86_64-linux-gnu/libgcc_s.so.1
7f9ce3177000-7f9ce3178000 rw-p 00015000 08:0a 1835102                    /lib/x86_64-linux-gnu/libgcc_s.so.1
7f9ce3178000-7f9ce325e000 r-xp 00000000 08:0a 3023676                    /usr/lib/x86_64-linux-gnu/libstdc++.so.6.0.19
7f9ce325e000-7f9ce345d000 ---p 000e6000 08:0a 3023676                    /usr/lib/x86_64-linux-gnu/libstdc++.so.6.0.19
7f9ce345d000-7f9ce3465000 r--p 000e5000 08:0a 3023676                    /usr/lib/x86_64-linux-gnu/libstdc++.so.6.0.19
7f9ce3465000-7f9ce3467000 rw-p 000ed000 08:0a 3023676                    /usr/lib/x86_64-linux-gnu/libstdc++.so.6.0.19
7f9ce3467000-7f9ce347c000 rw-p 00000000 00:00 0 
7f9ce347c000-7f9ce3688000 r-xp 00000000 08:0a 3412459                    /usr/local/lib/liblept.so.4.0.1
7f9ce3688000-7f9ce3888000 ---p 0020c000 08:0a 3412459                    /usr/local/lib/liblept.so.4.0.1
7f9ce3888000-7f9ce3889000 r--p 0020c000 08:0a 3412459                    /usr/local/lib/liblept.so.4.0.1
7f9ce3889000-7f9ce3892000 rw-p 0020d000 08:0a 3412459                    /usr/local/lib/liblept.so.4.0.1
7f9ce3892000-7f9ce3b64000 r-xp 00000000 08:0a 3104093                    /usr/lib/libtesseract.so.3.0.3
7f9ce3b64000-7f9ce3d63000 ---p 002d2000 08:0a 3104093                    /usr/lib/libtesseract.so.3.0.3
7f9ce3d63000-7f9ce3d68000 r--p 002d1000 08:0a 3104093                    /usr/lib/libtesseract.so.3.0.3
7f9ce3d68000-7f9ce3d69000 rw-p 002d6000 08:0a 3104093                    /usr/lib/libtesseract.so.3.0.3
7f9ce3d69000-7f9ce4000000 rw-p 00000000 00:00 0 
7f9ce4000000-7f9ce4021000 rw-p 00000000 00:00 0 
7f9ce4021000-7f9ce8000000 ---p 00000000 00:00 0 
7f9ce8000000-7f9ce8021000 rw-p 00000000 00:00 0 
7f9ce8021000-7f9cec000000 ---p 00000000 00:00 0 
7f9cec000000-7f9cec423000 rw-p 00000000 00:00 0 
7f9cec423000-7f9cf0000000 ---p 00000000 00:00 0 
7f9cf0000000-7f9cf0021000 rw-p 00000000 00:00 0 
7f9cf0021000-7f9cf4000000 ---p 00000000 00:00 0 
7f9cf4000000-7f9cf4021000 rw-p 00000000 00:00 0 
7f9cf4021000-7f9cf8000000 ---p 00000000 00:00 0 
7f9cf8000000-7f9cf8e7d000 rw-p 00000000 00:00 0 
7f9cf8e7d000-7f9cfc000000 ---p 00000000 00:00 0 
7f9cfc000000-7f9cfc021000 rw-p 00000000 00:00 0 
7f9cfc021000-7f9d00000000 ---p 00000000 00:00 0 
7f9d00000000-7f9d00021000 rw-p 00000000 00:00 0 
7f9d00021000-7f9d04000000 ---p 00000000 00:00 0 
7f9d04000000-7f9d04021000 rw-p 00000000 00:00 0 
7f9d04021000-7f9d08000000 ---p 00000000 00:00 0 
7f9d08000000-7f9d08021000 rw-p 00000000 00:00 0 
7f9d08021000-7f9d0c000000 ---p 00000000 00:00 0 
7f9d0c000000-7f9d0c021000 rw-p 00000000 00:00 0 
7f9d0c021000-7f9d10000000 ---p 00000000 00:00 0 
7f9d10038000-7f9d1004f000 r-xp 00000000 08:0a 5511715                    /tmp/jna-666594154/jna3847276976383988866.tmp (deleted)
7f9d1004f000-7f9d1014e000 ---p 00017000 08:0a 5511715                    /tmp/jna-666594154/jna3847276976383988866.tmp (deleted)
7f9d1014e000-7f9d10150000 rw-p 00016000 08:0a 5511715                    /tmp/jna-666594154/jna3847276976383988866.tmp (deleted)
7f9d10150000-7f9d101a5000 r-xp 00000000 08:0a 3166085                    /usr/lib/jvm/java-7-oracle/jre/lib/amd64/libkcms.so
7f9d101a5000-7f9d103a5000 ---p 00055000 08:0a 3166085                    /usr/lib/jvm/java-7-oracle/jre/lib/amd64/libkcms.so
7f9d103a5000-7f9d103a7000 rw-p 00055000 08:0a 3166085                    /usr/lib/jvm/java-7-oracle/jre/lib/amd64/libkcms.so
7f9d103a7000-7f9d103aa000 ---p 00000000 00:00 0 
7f9d103aa000-7f9d104a8000 rw-p 00000000 00:00 0                          [stack:5003]
7f9d104a8000-7f9d104e2000 r-xp 00000000 08:0a 3166097                    /usr/lib/jvm/java-7-oracle/jre/lib/amd64/libjpeg.so
7f9d104e2000-7f9d106e2000 ---p 0003a000 08:0a 3166097                    /usr/lib/jvm/java-7-oracle/jre/lib/amd64/libjpeg.so
7f9d106e2000-7f9d106e3000 rw-p 0003a000 08:0a 3166097                    /usr/lib/jvm/java-7-oracle/jre/lib/amd64/libjpeg.so
7f9d106e3000-7f9d106e8000 r-xp 00000000 08:0a 3022781                    /usr/lib/x86_64-linux-gnu/libXdmcp.so.6.0.0
7f9d106e8000-7f9d108e7000 ---p 00005000 08:0a 3022781                    /usr/lib/x86_64-linux-gnu/libXdmcp.so.6.0.0
7f9d108e7000-7f9d108e8000 r--p 00004000 08:0a 3022781                    /usr/lib/x86_64-linux-gnu/libXdmcp.so.6.0.0
7f9d108e8000-7f9d108e9000 rw-p 00005000 08:0a 3022781                    /usr/lib/x86_64-linux-gnu/libXdmcp.so.6.0.0
7f9d108e9000-7f9d108eb000 r-xp 00000000 08:0a 3022770                    /usr/lib/x86_64-linux-gnu/libXau.so.6.0.0
7f9d108eb000-7f9d10aeb000 ---p 00002000 08:0a 3022770                    /usr/lib/x86_64-linux-gnu/libXau.so.6.0.0
7f9d10aeb000-7f9d10aec000 r--p 00002000 08:0a 3022770                    /usr/lib/x86_64-linux-gnu/libXau.so.6.0.0
7f9d10aec000-7f9d10aed000 rw-p 00003000 08:0a 3022770                    /usr/lib/x86_64-linux-gnu/libXau.so.6.0.0
7f9d10aed000-7f9d10b0a000 r-xp 00000000 08:0a 3023838                    /usr/lib/x86_64-linux-gnu/libxcb.so.1.1.0
7f9d10b0a000-7f9d10d0a000 ---p 0001d000 08:0a 3023838                    /usr/lib/x86_64-linux-gnu/libxcb.so.1.1.0
7f9d10d0a000-7f9d10d0b000 r--p 0001d000 08:0a 3023838                    /usr/lib/x86_64-linux-gnu/libxcb.so.1.1.0
7f9d10d0b000-7f9d10d0c000 rw-p 0001e000 08:0a 3023838                    /usr/lib/x86_64-linux-gnu/libxcb.so.1.1.0
7f9d10d0c000-7f9d10d1b000 r-xp 00000000 08:0a 3022791                    /usr/lib/x86_64-linux-gnu/libXi.so.6.1.0
7f9d10d1b000-7f9d10f1a000 ---p 0000f000 08:0a 3022791                    /usr/lib/x86_64-linux-gnu/libXi.so.6.1.0
7f9d10f1a000-7f9d10f1b000 r--p 0000e000 08:0a 3022791                    /usr/lib/x86_64-linux-gnu/libXi.so.6.1.0
7f9d10f1b000-7f9d10f1c000 rw-p 0000f000 08:0a 3022791                    /usr/lib/x86_64-linux-gnu/libXi.so.6.1.0
7f9d10f1c000-7f9d10f21000 r-xp 00000000 08:0a 3022811                    /usr/lib/x86_64-linux-gnu/libXtst.so.6.1.0
7f9d10f21000-7f9d11120000 ---p 00005000 08:0a 3022811                    /usr/lib/x86_64-linux-gnu/libXtst.so.6.1.0
7f9d11120000-7f9d11121000 r--p 00004000 08:0a 3022811                    /usr/lib/x86_64-linux-gnu/libXtst.so.6.1.0
7f9d11121000-7f9d11122000 rw-p 00005000 08:0a 3022811                    /usr/lib/x86_64-linux-gnu/libXtst.so.6.1.0
7f9d11122000-7f9d1112b000 r-xp 00000000 08:0a 3022805                    /usr/lib/x86_64-linux-gnu/libXrender.so.1.3.0
7f9d1112b000-7f9d1132a000 ---p 00009000 08:0a 3022805                    /usr/lib/x86_64-linux-gnu/libXrender.so.1.3.0
7f9d1132a000-7f9d1132b000 r--p 00008000 08:0a 3022805                    /usr/lib/x86_64-linux-gnu/libXrender.so.1.3.0
7f9d1132b000-7f9d1132c000 rw-p 00009000 08:0a 3022805                    /usr/lib/x86_64-linux-gnu/libXrender.so.1.3.0
7f9d1132c000-7f9d1145c000 r-xp 00000000 08:0a 3022766                    /usr/lib/x86_64-linux-gnu/libX11.so.6.3.0
7f9d1145c000-7f9d1165c000 ---p 00130000 08:0a 3022766                    /usr/lib/x86_64-linux-gnu/libX11.so.6.3.0
7f9d1165c000-7f9d1165d000 r--p 00130000 08:0a 3022766                    /usr/lib/x86_64-linux-gnu/libX11.so.6.3.0
7f9d1165d000-7f9d11661000 rw-p 00131000 08:0a 3022766                    /usr/lib/x86_64-linux-gnu/libX11.so.6.3.0
7f9d11661000-7f9d11672000 r-xp 00000000 08:0a 3022783                    /usr/lib/x86_64-linux-gnu/libXext.so.6.4.0
7f9d11672000-7f9d11871000 ---p 00011000 08:0a 3022783                    /usr/lib/x86_64-linux-gnu/libXext.so.6.4.0
7f9d11871000-7f9d11872000 r--p 00010000 08:0a 3022783                    /usr/lib/x86_64-linux-gnu/libXext.so.6.4.0
7f9d11872000-7f9d11873000 rw-p 00011000 08:0a 3022783                    /usr/lib/x86_64-linux-gnu/libXext.so.6.4.0
7f9d11874000-7f9d11896000 r--p 00000000 08:0a 3416176                    /usr/share/locale-langpack/pt_BR/LC_MESSAGES/libc.mo
7f9d11896000-7f9d118e6000 r-xp 00000000 08:0a 3166105                    /usr/lib/jvm/java-7-oracle/jre/lib/amd64/xawt/libmawt.so
7f9d118e6000-7f9d11ae6000 ---p 00050000 08:0a 3166105                    /usr/lib/jvm/java-7-oracle/jre/lib/amd64/xawt/libmawt.so
7f9d11ae6000-7f9d11aea000 rw-p 00050000 08:0a 3166105                    /usr/lib/jvm/java-7-oracle/jre/lib/amd64/xawt/libmawt.so
7f9d11aea000-7f9d11aeb000 rw-p 00000000 00:00 0 
7f9d11aeb000-7f9d11b8d000 r-xp 00000000 08:0a 3166072                    /usr/lib/jvm/java-7-oracle/jre/lib/amd64/libawt.so
7f9d11b8d000-7f9d11d8d000 ---p 000a2000 08:0a 3166072                    /usr/lib/jvm/java-7-oracle/jre/lib/amd64/libawt.so
7f9d11d8d000-7f9d11d99000 rw-p 000a2000 08:0a 3166072                    /usr/lib/jvm/java-7-oracle/jre/lib/amd64/libawt.so
7f9d11d99000-7f9d11dbd000 rw-p 00000000 00:00 0 
7f9d11dbd000-7f9d11e06000 r--s 01c8e000 08:0a 2761198                    /home/jefferson/.m2/repository/net/sourceforge/tess4j/tess4j/1.3.0/tess4j-1.3.0.jar
7f9d11e06000-7f9d11e07000 ---p 00000000 00:00 0 
7f9d11e07000-7f9d11f07000 rw-p 00000000 00:00 0                          [stack:5002]
7f9d11f07000-7f9d11f0a000 ---p 00000000 00:00 0 
7f9d11f0a000-7f9d12008000 rw-p 00000000 00:00 0                          [stack:5001]
7f9d12008000-7f9d1200b000 ---p 00000000 00:00 0 
7f9d1200b000-7f9d12109000 rw-p 00000000 00:00 0                          [stack:5000]
7f9d12109000-7f9d1210c000 ---p 00000000 00:00 0 
7f9d1210c000-7f9d1220a000 rw-p 00000000 00:00 0                          [stack:4999]
7f9d1220a000-7f9d1220d000 ---p 00000000 00:00 0 
7f9d1220d000-7f9d1230b000 rw-p 00000000 00:00 0                          [stack:4998]
7f9d1230b000-7f9d129ef000 r--p 00000000 08:0a 3021751                    /usr/lib/locale/locale-archive
7f9d129ef000-7f9d129f2000 ---p 00000000 00:00 0 
7f9d129f2000-7f9d12af0000 rw-p 00000000 00:00 0                          [stack:4997]
7f9d12af0000-7f9d12af3000 ---p 00000000 00:00 0 
7f9d12af3000-7f9d12bf1000 rw-p 00000000 00:00 0                          [stack:4996]
7f9d12bf1000-7f9d12bf2000 ---p 00000000 00:00 0 
7f9d12bf2000-7f9d14000000 rw-p 00000000 00:00 0                          [stack:4995]
7f9d14000000-7f9d14021000 rw-p 00000000 00:00 0 
7f9d14021000-7f9d18000000 ---p 00000000 00:00 0 
7f9d1800b000-7f9d18010000 r--s 0008a000 08:0a 3166163                    /usr/lib/jvm/java-7-oracle/jre/lib/jsse.jar
7f9d18010000-7f9d1c000000 rw-p 00000000 00:00 0 
7f9d1c000000-7f9d1c021000 rw-p 00000000 00:00 0 
7f9d1c021000-7f9d20000000 ---p 00000000 00:00 0 
7f9d20001000-7f9d2000b000 r--s 00251000 08:0a 3166172                    /usr/lib/jvm/java-7-oracle/jre/lib/resources.jar
7f9d2000b000-7f9d20016000 r--s 0037c000 08:0a 3166107                    /usr/lib/jvm/java-7-oracle/jre/lib/charsets.jar
7f9d20016000-7f9d20022000 r--s 00108000 08:0a 2761201                    /home/jefferson/.m2/repository/com/lowagie/itext/2.1.7/itext-2.1.7.jar
7f9d20022000-7f9d2002c000 r--s 00081000 08:0a 2761199                    /home/jefferson/.m2/repository/org/apache/xmlgraphics/xmlgraphics-commons/1.4/xmlgraphics-commons-1.4.jar
7f9d2002c000-7f9d2011c000 rw-p 00000000 00:00 0 
7f9d2011c000-7f9d202dc000 r--s 039ea000 08:0a 3166227                    /usr/lib/jvm/java-7-oracle/jre/lib/rt.jar
7f9d202dc000-7f9d20352000 rw-p 00000000 00:00 0 
7f9d20352000-7f9d20353000 ---p 00000000 00:00 0 
7f9d20353000-7f9d20453000 rw-p 00000000 00:00 0                          [stack:4994]
7f9d20453000-7f9d20454000 ---p 00000000 00:00 0 
7f9d20454000-7f9d20554000 rw-p 00000000 00:00 0                          [stack:4993]
7f9d20554000-7f9d20555000 ---p 00000000 00:00 0 
7f9d20555000-7f9d20655000 rw-p 00000000 00:00 0                          [stack:4992]
7f9d20655000-7f9d20656000 ---p 00000000 00:00 0 
7f9d20656000-7f9d2077f000 rw-p 00000000 00:00 0                          [stack:4990]
7f9d2077f000-7f9d209e5000 rw-p 00000000 00:00 0 
7f9d209e5000-7f9d209f0000 rw-p 00000000 00:00 0 
7f9d209f0000-7f9d20a0e000 rw-p 00000000 00:00 0 
7f9d20a0e000-7f9d20a37000 rw-p 00000000 00:00 0 
7f9d20a37000-7f9d20c9c000 rw-p 00000000 00:00 0 
7f9d20c9c000-7f9d20cb1000 rw-p 00000000 00:00 0 
7f9d20cb1000-7f9d20de4000 rw-p 00000000 00:00 0 
7f9d20de4000-7f9d20de5000 rw-p 00000000 00:00 0 
7f9d20de5000-7f9d21055000 rwxp 00000000 00:00 0 
7f9d21055000-7f9d23de5000 rw-p 00000000 00:00 0 
7f9d23de5000-7f9d23dff000 r-xp 00000000 08:0a 3166066                    /usr/lib/jvm/java-7-oracle/jre/lib/amd64/libzip.so
7f9d23dff000-7f9d23fff000 ---p 0001a000 08:0a 3166066                    /usr/lib/jvm/java-7-oracle/jre/lib/amd64/libzip.so
7f9d23fff000-7f9d24000000 rw-p 0001a000 08:0a 3166066                    /usr/lib/jvm/java-7-oracle/jre/lib/amd64/libzip.so
7f9d24000000-7f9d247e9000 rw-p 00000000 00:00 0 
7f9d247e9000-7f9d28000000 ---p 00000000 00:00 0 
7f9d28000000-7f9d28007000 r--s 00000000 08:0a 3279298                    /usr/lib/x86_64-linux-gnu/gconv/gconv-modules.cache
7f9d28007000-7f9d2800e000 r--s 00059000 08:0a 2889549                    /home/jefferson/.m2/repository/log4j/log4j/1.2.15/log4j-1.2.15.jar
7f9d2800e000-7f9d2801d000 r--s 000ed000 08:0a 2761209                    /home/jefferson/.m2/repository/net/java/dev/jai-imageio/jai-imageio-core-standalone/1.2-pre-dr-b04-2011-07-04/jai-imageio-core-standalone-1.2-pre-dr-b04-2011-07-04.jar
7f9d2801d000-7f9d280d3000 rw-p 00000000 00:00 0 
7f9d280d3000-7f9d280f1000 rw-p 00000000 00:00 0 
7f9d280f1000-7f9d280fc000 r-xp 00000000 08:0a 1835493                    /lib/x86_64-linux-gnu/libnss_files-2.19.so
7f9d280fc000-7f9d282fb000 ---p 0000b000 08:0a 1835493                    /lib/x86_64-linux-gnu/libnss_files-2.19.so
7f9d282fb000-7f9d282fc000 r--p 0000a000 08:0a 1835493                    /lib/x86_64-linux-gnu/libnss_files-2.19.so
7f9d282fc000-7f9d282fd000 rw-p 0000b000 08:0a 1835493                    /lib/x86_64-linux-gnu/libnss_files-2.19.so
7f9d282fd000-7f9d28308000 r-xp 00000000 08:0a 1835511                    /lib/x86_64-linux-gnu/libnss_nis-2.19.so
7f9d28308000-7f9d28507000 ---p 0000b000 08:0a 1835511                    /lib/x86_64-linux-gnu/libnss_nis-2.19.so
7f9d28507000-7f9d28508000 r--p 0000a000 08:0a 1835511                    /lib/x86_64-linux-gnu/libnss_nis-2.19.so
7f9d28508000-7f9d28509000 rw-p 0000b000 08:0a 1835511                    /lib/x86_64-linux-gnu/libnss_nis-2.19.so
7f9d28509000-7f9d28520000 r-xp 00000000 08:0a 1835478                    /lib/x86_64-linux-gnu/libnsl-2.19.so
7f9d28520000-7f9d2871f000 ---p 00017000 08:0a 1835478                    /lib/x86_64-linux-gnu/libnsl-2.19.so
7f9d2871f000-7f9d28720000 r--p 00016000 08:0a 1835478                    /lib/x86_64-linux-gnu/libnsl-2.19.so
7f9d28720000-7f9d28721000 rw-p 00017000 08:0a 1835478                    /lib/x86_64-linux-gnu/libnsl-2.19.so
7f9d28721000-7f9d28723000 rw-p 00000000 00:00 0 
7f9d28723000-7f9d2872c000 r-xp 00000000 08:0a 1835501                    /lib/x86_64-linux-gnu/libnss_compat-2.19.so
7f9d2872c000-7f9d2892b000 ---p 00009000 08:0a 1835501                    /lib/x86_64-linux-gnu/libnss_compat-2.19.so
7f9d2892b000-7f9d2892c000 r--p 00008000 08:0a 1835501                    /lib/x86_64-linux-gnu/libnss_compat-2.19.so
7f9d2892c000-7f9d2892d000 rw-p 00009000 08:0a 1835501                    /lib/x86_64-linux-gnu/libnss_compat-2.19.so
7f9d2892d000-7f9d28956000 r-xp 00000000 08:0a 3166047                    /usr/lib/jvm/java-7-oracle/jre/lib/amd64/libjava.so
7f9d28956000-7f9d28b56000 ---p 00029000 08:0a 3166047                    /usr/lib/jvm/java-7-oracle/jre/lib/amd64/libjava.so
7f9d28b56000-7f9d28b58000 rw-p 00029000 08:0a 3166047                    /usr/lib/jvm/java-7-oracle/jre/lib/amd64/libjava.so
7f9d28b58000-7f9d28b65000 r-xp 00000000 08:0a 3166080                    /usr/lib/jvm/java-7-oracle/jre/lib/amd64/libverify.so
7f9d28b65000-7f9d28d64000 ---p 0000d000 08:0a 3166080                    /usr/lib/jvm/java-7-oracle/jre/lib/amd64/libverify.so
7f9d28d64000-7f9d28d66000 rw-p 0000c000 08:0a 3166080                    /usr/lib/jvm/java-7-oracle/jre/lib/amd64/libverify.so
7f9d28d66000-7f9d28d6d000 r-xp 00000000 08:0a 1835518                    /lib/x86_64-linux-gnu/librt-2.19.so
7f9d28d6d000-7f9d28f6c000 ---p 00007000 08:0a 1835518                    /lib/x86_64-linux-gnu/librt-2.19.so
7f9d28f6c000-7f9d28f6d000 r--p 00006000 08:0a 1835518                    /lib/x86_64-linux-gnu/librt-2.19.so
7f9d28f6d000-7f9d28f6e000 rw-p 00007000 08:0a 1835518                    /lib/x86_64-linux-gnu/librt-2.19.so
7f9d28f6e000-7f9d29073000 r-xp 00000000 08:0a 1835470                    /lib/x86_64-linux-gnu/libm-2.19.so
7f9d29073000-7f9d29272000 ---p 00105000 08:0a 1835470                    /lib/x86_64-linux-gnu/libm-2.19.so
7f9d29272000-7f9d29273000 r--p 00104000 08:0a 1835470                    /lib/x86_64-linux-gnu/libm-2.19.so
7f9d29273000-7f9d29274000 rw-p 00105000 08:0a 1835470                    /lib/x86_64-linux-gnu/libm-2.19.so
7f9d29274000-7f9d29de7000 r-xp 00000000 08:0a 3166078                    /usr/lib/jvm/java-7-oracle/jre/lib/amd64/server/libjvm.so
7f9d29de7000-7f9d29fe6000 ---p 00b73000 08:0a 3166078                    /usr/lib/jvm/java-7-oracle/jre/lib/amd64/server/libjvm.so
7f9d29fe6000-7f9d2a0aa000 rw-p 00b72000 08:0a 3166078                    /usr/lib/jvm/java-7-oracle/jre/lib/amd64/server/libjvm.so
7f9d2a0aa000-7f9d2a0eb000 rw-p 00000000 00:00 0 
7f9d2a0eb000-7f9d2a2a6000 r-xp 00000000 08:0a 1835514                    /lib/x86_64-linux-gnu/libc-2.19.so
7f9d2a2a6000-7f9d2a4a6000 ---p 001bb000 08:0a 1835514                    /lib/x86_64-linux-gnu/libc-2.19.so
7f9d2a4a6000-7f9d2a4aa000 r--p 001bb000 08:0a 1835514                    /lib/x86_64-linux-gnu/libc-2.19.so
7f9d2a4aa000-7f9d2a4ac000 rw-p 001bf000 08:0a 1835514                    /lib/x86_64-linux-gnu/libc-2.19.so
7f9d2a4ac000-7f9d2a4b1000 rw-p 00000000 00:00 0 
7f9d2a4b1000-7f9d2a4b4000 r-xp 00000000 08:0a 1835495                    /lib/x86_64-linux-gnu/libdl-2.19.so
7f9d2a4b4000-7f9d2a6b3000 ---p 00003000 08:0a 1835495                    /lib/x86_64-linux-gnu/libdl-2.19.so
7f9d2a6b3000-7f9d2a6b4000 r--p 00002000 08:0a 1835495                    /lib/x86_64-linux-gnu/libdl-2.19.so
7f9d2a6b4000-7f9d2a6b5000 rw-p 00003000 08:0a 1835495                    /lib/x86_64-linux-gnu/libdl-2.19.so
7f9d2a6b5000-7f9d2a6cb000 r-xp 00000000 08:0a 3166356                    /usr/lib/jvm/java-7-oracle/lib/amd64/jli/libjli.so
7f9d2a6cb000-7f9d2a8cb000 ---p 00016000 08:0a 3166356                    /usr/lib/jvm/java-7-oracle/lib/amd64/jli/libjli.so
7f9d2a8cb000-7f9d2a8cc000 rw-p 00016000 08:0a 3166356                    /usr/lib/jvm/java-7-oracle/lib/amd64/jli/libjli.so
7f9d2a8cc000-7f9d2a8e5000 r-xp 00000000 08:0a 1835490                    /lib/x86_64-linux-gnu/libpthread-2.19.so
7f9d2a8e5000-7f9d2aae4000 ---p 00019000 08:0a 1835490                    /lib/x86_64-linux-gnu/libpthread-2.19.so
7f9d2aae4000-7f9d2aae5000 r--p 00018000 08:0a 1835490                    /lib/x86_64-linux-gnu/libpthread-2.19.so
7f9d2aae5000-7f9d2aae6000 rw-p 00019000 08:0a 1835490                    /lib/x86_64-linux-gnu/libpthread-2.19.so
7f9d2aae6000-7f9d2aaea000 rw-p 00000000 00:00 0 
7f9d2aaea000-7f9d2ab0d000 r-xp 00000000 08:0a 1835503                    /lib/x86_64-linux-gnu/ld-2.19.so
7f9d2ab0e000-7f9d2ab11000 r--s 00012000 08:0a 2892411                    /home/jefferson/.m2/repository/commons-io/commons-io/1.3.1/commons-io-1.3.1.jar
7f9d2ab11000-7f9d2ab13000 r--s 0000d000 08:0a 2886380                    /home/jefferson/.m2/repository/commons-logging/commons-logging/1.1.1/commons-logging-1.1.1.jar
7f9d2ab13000-7f9d2ab22000 r--s 00115000 08:0a 4329769                    /home/jefferson/.m2/repository/net/java/dev/jna/platform/3.5.2/platform-3.5.2.jar
7f9d2ab22000-7f9d2ab2c000 rw-p 00000000 00:00 0 
7f9d2ab2c000-7f9d2abe2000 rw-p 00000000 00:00 0 
7f9d2abe2000-7f9d2abe5000 ---p 00000000 00:00 0 
7f9d2abe5000-7f9d2ace7000 rw-p 00000000 00:00 0                          [stack:4989]
7f9d2ace7000-7f9d2acec000 r--s 00034000 08:0a 2892409                    /home/jefferson/.m2/repository/commons-beanutils/commons-beanutils/1.8.3/commons-beanutils-1.8.3.jar
7f9d2acec000-7f9d2acf0000 r--s 00028000 08:0a 2761207                    /home/jefferson/.m2/repository/org/ghost4j/ghost4j/0.5.1/ghost4j-0.5.1.jar
7f9d2acf0000-7f9d2acf3000 r--s 000c0000 08:0a 2761197                    /home/jefferson/.m2/repository/com/sun/jna/jna/3.0.9/jna-3.0.9.jar
7f9d2acf3000-7f9d2acf7000 r--s 000dc000 08:0a 4329767                    /home/jefferson/.m2/repository/net/java/dev/jna/jna/4.1.0/jna-4.1.0.jar
7f9d2acf7000-7f9d2acf9000 r--s 00009000 08:0a 2892406                    /home/jefferson/.m2/repository/org/hamcrest/hamcrest-core/1.2.1/hamcrest-core-1.2.1.jar
7f9d2acf9000-7f9d2acfb000 r--s 0000b000 08:0a 2892366                    /home/jefferson/.m2/repository/org/hamcrest/hamcrest-library/1.2.1/hamcrest-library-1.2.1.jar
7f9d2acfb000-7f9d2acfc000 r--s 00001000 08:0a 2892405                    /home/jefferson/.m2/repository/org/hamcrest/hamcrest-integration/1.2.1/hamcrest-integration-1.2.1.jar
7f9d2acfc000-7f9d2ad00000 r--s 000f7000 08:0a 3166119                    /usr/lib/jvm/java-7-oracle/jre/lib/ext/localedata.jar
7f9d2ad00000-7f9d2ad08000 rw-s 00000000 08:0a 5511714                    /tmp/hsperfdata_jefferson/4985
7f9d2ad08000-7f9d2ad09000 rw-p 00000000 00:00 0 
7f9d2ad09000-7f9d2ad0a000 r--p 00000000 00:00 0 
7f9d2ad0a000-7f9d2ad0c000 rw-p 00000000 00:00 0 
7f9d2ad0c000-7f9d2ad0d000 r--p 00022000 08:0a 1835503                    /lib/x86_64-linux-gnu/ld-2.19.so
7f9d2ad0d000-7f9d2ad0e000 rw-p 00023000 08:0a 1835503                    /lib/x86_64-linux-gnu/ld-2.19.so
7f9d2ad0e000-7f9d2ad0f000 rw-p 00000000 00:00 0 
7fffbc75e000-7fffbc77f000 rw-p 00000000 00:00 0                          [stack]
7fffbc7fe000-7fffbc800000 r-xp 00000000 00:00 0                          [vdso]
ffffffffff600000-ffffffffff601000 r-xp 00000000 00:00 0                  [vsyscall]

VM Arguments:
java_command: br.com.teste.tesseract.main.TesseractMain
Launcher Type: SUN_STANDARD

Environment Variables:
JAVA_HOME=/usr/lib/jvm/java-7-oracle
PATH=/usr/games:/usr/local/sbin:/usr/local/bin:/usr/sbin:/usr/bin:/sbin:/bin:/usr/games:/usr/local/games:/opt/apache-maven-3.2.1/bin
LD_LIBRARY_PATH=/usr/lib/jvm/java-7-oracle/jre/lib/amd64:/usr/lib/jvm/java-7-oracle/jre/lib/i386:
SHELL=/bin/bash
DISPLAY=:0

Signal Handlers:
SIGSEGV: [libjvm.so+0x9a1a10], sa_mask[0]=0x7ffbfeff, sa_flags=0x10000004
SIGBUS: [libjvm.so+0x9a1a10], sa_mask[0]=0x7ffbfeff, sa_flags=0x10000004
SIGFPE: [libjvm.so+0x81bae0], sa_mask[0]=0x7ffbfeff, sa_flags=0x10000004
SIGPIPE: [libjvm.so+0x81bae0], sa_mask[0]=0x7ffbfeff, sa_flags=0x10000004
SIGXFSZ: [libjvm.so+0x81bae0], sa_mask[0]=0x7ffbfeff, sa_flags=0x10000004
SIGILL: [libjvm.so+0x81bae0], sa_mask[0]=0x7ffbfeff, sa_flags=0x10000004
SIGUSR1: SIG_DFL, sa_mask[0]=0x00000000, sa_flags=0x00000000
SIGUSR2: [libjvm.so+0x81d2e0], sa_mask[0]=0x00000004, sa_flags=0x10000004
SIGHUP: [libjvm.so+0x81e400], sa_mask[0]=0x7ffbfeff, sa_flags=0x10000004
SIGINT: SIG_IGN, sa_mask[0]=0x00000000, sa_flags=0x00000000
SIGTERM: [libjvm.so+0x81e400], sa_mask[0]=0x7ffbfeff, sa_flags=0x10000004
SIGQUIT: [libjvm.so+0x81e400], sa_mask[0]=0x7ffbfeff, sa_flags=0x10000004


---------------  S Y S T E M  ---------------

OS:jessie/sid

uname:Linux 3.13.0-43-generic #72-Ubuntu SMP Mon Dec 8 19:35:06 UTC 2014 x86_64
libc:glibc 2.19 NPTL 2.19 
rlimit: STACK 8192k, CORE 0k, NPROC 62566, NOFILE 4096, AS infinity
load average:0,32 0,33 0,45

/proc/meminfo:
MemTotal:        8039052 kB
MemFree:          145220 kB
Buffers:          167676 kB
Cached:          2675148 kB
SwapCached:            0 kB
Active:          3269508 kB
Inactive:        2040472 kB
Active(anon):    2193476 kB
Inactive(anon):   664288 kB
Active(file):    1076032 kB
Inactive(file):  1376184 kB
Unevictable:     2180944 kB
Mlocked:         2180948 kB
SwapTotal:       7812092 kB
SwapFree:        7812092 kB
Dirty:               460 kB
Writeback:             0 kB
AnonPages:       4647900 kB
Mapped:           445616 kB
Shmem:            370492 kB
Slab:             256880 kB
SReclaimable:     214080 kB
SUnreclaim:        42800 kB
KernelStack:        7600 kB
PageTables:        53684 kB
NFS_Unstable:          0 kB
Bounce:                0 kB
WritebackTmp:          0 kB
CommitLimit:    11831616 kB
Committed_AS:   11083216 kB
VmallocTotal:   34359738367 kB
VmallocUsed:      357420 kB
VmallocChunk:   34359375028 kB
HardwareCorrupted:     0 kB
AnonHugePages:   3485696 kB
HugePages_Total:       0
HugePages_Free:        0
HugePages_Rsvd:        0
HugePages_Surp:        0
Hugepagesize:       2048 kB
DirectMap4k:       91624 kB
DirectMap2M:     8159232 kB


CPU:total 4 (2 cores per cpu, 2 threads per core) family 6 model 58 stepping 9, cmov, cx8, fxsr, mmx, sse, sse2, sse3, ssse3, sse4.1, sse4.2, popcnt, avx, aes, erms, ht, tsc, tscinvbit, tscinv

/proc/cpuinfo:
processor	: 0
vendor_id	: GenuineIntel
cpu family	: 6
model		: 58
model name	: Intel(R) Core(TM) i5-3210M CPU @ 2.50GHz
stepping	: 9
microcode	: 0x15
cpu MHz		: 1200.000
cache size	: 3072 KB
physical id	: 0
siblings	: 4
core id		: 0
cpu cores	: 2
apicid		: 0
initial apicid	: 0
fpu		: yes
fpu_exception	: yes
cpuid level	: 13
wp		: yes
flags		: fpu vme de pse tsc msr pae mce cx8 apic sep mtrr pge mca cmov pat pse36 clflush dts acpi mmx fxsr sse sse2 ss ht tm pbe syscall nx rdtscp lm constant_tsc arch_perfmon pebs bts rep_good nopl xtopology nonstop_tsc aperfmperf eagerfpu pni pclmulqdq dtes64 monitor ds_cpl vmx est tm2 ssse3 cx16 xtpr pdcm pcid sse4_1 sse4_2 x2apic popcnt tsc_deadline_timer aes xsave avx f16c rdrand lahf_lm ida arat epb xsaveopt pln pts dtherm tpr_shadow vnmi flexpriority ept vpid fsgsbase smep erms
bogomips	: 4988.50
clflush size	: 64
cache_alignment	: 64
address sizes	: 36 bits physical, 48 bits virtual
power management:

processor	: 1
vendor_id	: GenuineIntel
cpu family	: 6
model		: 58
model name	: Intel(R) Core(TM) i5-3210M CPU @ 2.50GHz
stepping	: 9
microcode	: 0x15
cpu MHz		: 1200.000
cache size	: 3072 KB
physical id	: 0
siblings	: 4
core id		: 1
cpu cores	: 2
apicid		: 2
initial apicid	: 2
fpu		: yes
fpu_exception	: yes
cpuid level	: 13
wp		: yes
flags		: fpu vme de pse tsc msr pae mce cx8 apic sep mtrr pge mca cmov pat pse36 clflush dts acpi mmx fxsr sse sse2 ss ht tm pbe syscall nx rdtscp lm constant_tsc arch_perfmon pebs bts rep_good nopl xtopology nonstop_tsc aperfmperf eagerfpu pni pclmulqdq dtes64 monitor ds_cpl vmx est tm2 ssse3 cx16 xtpr pdcm pcid sse4_1 sse4_2 x2apic popcnt tsc_deadline_timer aes xsave avx f16c rdrand lahf_lm ida arat epb xsaveopt pln pts dtherm tpr_shadow vnmi flexpriority ept vpid fsgsbase smep erms
bogomips	: 4988.50
clflush size	: 64
cache_alignment	: 64
address sizes	: 36 bits physical, 48 bits virtual
power management:

processor	: 2
vendor_id	: GenuineIntel
cpu family	: 6
model		: 58
model name	: Intel(R) Core(TM) i5-3210M CPU @ 2.50GHz
stepping	: 9
microcode	: 0x15
cpu MHz		: 2501.000
cache size	: 3072 KB
physical id	: 0
siblings	: 4
core id		: 0
cpu cores	: 2
apicid		: 1
initial apicid	: 1
fpu		: yes
fpu_exception	: yes
cpuid level	: 13
wp		: yes
flags		: fpu vme de pse tsc msr pae mce cx8 apic sep mtrr pge mca cmov pat pse36 clflush dts acpi mmx fxsr sse sse2 ss ht tm pbe syscall nx rdtscp lm constant_tsc arch_perfmon pebs bts rep_good nopl xtopology nonstop_tsc aperfmperf eagerfpu pni pclmulqdq dtes64 monitor ds_cpl vmx est tm2 ssse3 cx16 xtpr pdcm pcid sse4_1 sse4_2 x2apic popcnt tsc_deadline_timer aes xsave avx f16c rdrand lahf_lm ida arat epb xsaveopt pln pts dtherm tpr_shadow vnmi flexpriority ept vpid fsgsbase smep erms
bogomips	: 4988.50
clflush size	: 64
cache_alignment	: 64
address sizes	: 36 bits physical, 48 bits virtual
power management:

processor	: 3
vendor_id	: GenuineIntel
cpu family	: 6
model		: 58
model name	: Intel(R) Core(TM) i5-3210M CPU @ 2.50GHz
stepping	: 9
microcode	: 0x15
cpu MHz		: 2501.000
cache size	: 3072 KB
physical id	: 0
siblings	: 4
core id		: 1
cpu cores	: 2
apicid		: 3
initial apicid	: 3
fpu		: yes
fpu_exception	: yes
cpuid level	: 13
wp		: yes
flags		: fpu vme de pse tsc msr pae mce cx8 apic sep mtrr pge mca cmov pat pse36 clflush dts acpi mmx fxsr sse sse2 ss ht tm pbe syscall nx rdtscp lm constant_tsc arch_perfmon pebs bts rep_good nopl xtopology nonstop_tsc aperfmperf eagerfpu pni pclmulqdq dtes64 monitor ds_cpl vmx est tm2 ssse3 cx16 xtpr pdcm pcid sse4_1 sse4_2 x2apic popcnt tsc_deadline_timer aes xsave avx f16c rdrand lahf_lm ida arat epb xsaveopt pln pts dtherm tpr_shadow vnmi flexpriority ept vpid fsgsbase smep erms
bogomips	: 4988.50
clflush size	: 64
cache_alignment	: 64
address sizes	: 36 bits physical, 48 bits virtual
power management:



Memory: 4k page, physical 8039052k(144284k free), swap 7812092k(7812092k free)

vm_info: Java HotSpot(TM) 64-Bit Server VM (24.72-b04) for linux-amd64 JRE (1.7.0_72-b14), built on Sep 26 2014 18:20:41 by "java_re" with gcc 4.3.0 20080428 (Red Hat 4.3.0-8)

time: Mon Jan  5 03:00:16 2015
elapsed time: 0 seconds

